75 75 75
1
size 14787.39 psnr 22.415973 ssim 0.706316503
2
size 14802.1 psnr 22.418175 ssim 0.70645836
3
size 16586.28 psnr 22.698556 ssim 0.726197787
4
size 19969.48 psnr 23.902741 ssim 0.76427087
5
size 23483.58 psnr 25.023652 ssim 0.787446458
6
size 27070.83 psnr 26.017289 ssim 0.816849353
7
size 30220.99 psnr 26.76856 ssim 0.828476452
8
size 33706.35 psnr 27.461777 ssim 0.84358034
9
size 37111.53 psnr 27.958323 ssim 0.857785113
10
size 40500.96 psnr 28.459207 ssim 0.868911923
11
size 43251.35 psnr 28.940704 ssim 0.876220519
12
size 45459.23 psnr 29.301764 ssim 0.881847799
13
size 50733.15 psnr 29.700205 ssim 0.893080697
14
size 52087.56 psnr 30.018104 ssim 0.897200571
15
size 53071.48 psnr 30.281908 ssim 0.899396292
16
size 56005.46 psnr 30.505549 ssim 0.901367827
17
size 62836.73 psnr 30.783724 ssim 0.911922305
18
size 64428.42 psnr 31.071982 ssim 0.91402666
19
size 65705.33 psnr 31.351198 ssim 0.916805285
20
size 66549.92 psnr 31.567369 ssim 0.921697017
21
size 67453.49 psnr 31.778774 ssim 0.923473761
22
size 68934.9 psnr 31.890673 ssim 0.923450649
23
size 70393.45 psnr 32.010051 ssim 0.92668139
24
size 73676.07 psnr 32.13071 ssim 0.928843708
25
size 81152.31 psnr 32.26825 ssim 0.931333046
26
size 86917.35 psnr 32.51569 ssim 0.936025231
27
size 88517.48 psnr 32.797152 ssim 0.93840958
28
size 89689.94 psnr 33.019152 ssim 0.941350861
29
size 90455.34 psnr 33.180674 ssim 0.942787847
30
size 92037.61 psnr 33.38437 ssim 0.944689654
31
size 93178.61 psnr 33.601064 ssim 0.945532715
32
size 93832.66 psnr 33.754927 ssim 0.947719759
33
size 94561.55 psnr 33.896952 ssim 0.949181958
34
size 94916.0 psnr 33.984117 ssim 0.949666454
35
size 95889.62 psnr 34.06298 ssim 0.950224913
36
size 96855.21 psnr 34.148594 ssim 0.951112135
37
size 97507.98 psnr 34.185227 ssim 0.951432925
38
size 99208.66 psnr 34.273947 ssim 0.952582746
39
size 100250.08 psnr 34.342602 ssim 0.952491984
40
size 100431.23 psnr 34.379814 ssim 0.952680911
41
size 101584.54 psnr 34.441273 ssim 0.954056945
42
size 102148.31 psnr 34.483283 ssim 0.954234782
43
size 102448.52 psnr 34.508703 ssim 0.954465501
44
size 104377.52 psnr 34.529813 ssim 0.954756986
45
size 106744.12 psnr 34.539453 ssim 0.954927235
46
size 109487.82 psnr 34.566443 ssim 0.954427515
47
size 111569.61 psnr 34.573152 ssim 0.954482635
48
size 118258.03 psnr 34.598938 ssim 0.955082908
49
size 133943.29 psnr 34.703755 ssim 0.958040752
50
size 140915.49 psnr 34.795674 ssim 0.960841101
51
size 144302.36 psnr 34.942992 ssim 0.963613776
52
size 154178.23 psnr 35.366308 ssim 0.968757813
53
size 157277.48 psnr 35.589832 ssim 0.970769118
54
size 158503.97 psnr 35.882791 ssim 0.972525708
55
size 160005.83 psnr 36.196849 ssim 0.974830865
56
size 161248.76 psnr 36.549192 ssim 0.976866864
57
size 163101.12 psnr 36.919926 ssim 0.978455981
58
size 164510.47 psnr 37.320612 ssim 0.980354666
59
size 165262.95 psnr 37.617141 ssim 0.981494388
60
size 165782.65 psnr 38.031311 ssim 0.982759233
61
size 167015.3 psnr 38.54195 ssim 0.983548341
62
size 168026.01 psnr 38.92565 ssim 0.984456517
63
size 169131.84 psnr 39.433098 ssim 0.985753143
64
size 170543.62 psnr 39.973634 ssim 0.986660068
65
size 173224.88 psnr 40.383039 ssim 0.988470152
66
size 175333.09 psnr 40.828068 ssim 0.989359477
67
size 178163.8 psnr 41.369377 ssim 0.990601699
68
size 180983.09 psnr 42.053575 ssim 0.99129194
69
size 182463.8 psnr 42.661321 ssim 0.992106148
70
size 183811.64 psnr 43.659022 ssim 0.993412941
71
size 185758.81 psnr 44.696669 ssim 0.995303309
72
size 186396.83 psnr 45.543035 ssim 0.995872095
73
size 188375.9 psnr 47.532525 ssim 0.997069744
74
size 189842.37 psnr 53.614359 ssim 0.999484466
