30
	0
Total saving: 0 bits
Original filesize: 91520, encoded filesize: 79380, saving: 0.132649
Total time elapsed : 38011 us
Total saving: 0 bits
Original filesize: 79678, encoded filesize: 68501, saving: 0.140277
Total time elapsed : 27543 us
Total saving: 0 bits
Original filesize: 82098, encoded filesize: 71714, saving: 0.126483
Total time elapsed : 35023 us
Total saving: 0 bits
Original filesize: 64024, encoded filesize: 55854, saving: 0.127608
Total time elapsed : 25972 us
Total saving: 0 bits
Original filesize: 75120, encoded filesize: 65179, saving: 0.132335
Total time elapsed : 29281 us
Total saving: 0 bits
Original filesize: 86332, encoded filesize: 75824, saving: 0.121716
Total time elapsed : 30835 us
Total saving: 0 bits
Original filesize: 21694, encoded filesize: 19099, saving: 0.119618
Total time elapsed : 16309 us
Total saving: 0 bits
Original filesize: 145581, encoded filesize: 125847, saving: 0.135553
Total time elapsed : 45689 us
Total saving: 0 bits
Original filesize: 88390, encoded filesize: 74209, saving: 0.160437
Total time elapsed : 35040 us
Total saving: 0 bits
Original filesize: 109956, encoded filesize: 95647, saving: 0.130134
Total time elapsed : 38680 us
		844393 731254 0.133988557461
	1
Total saving: 0 bits
Original filesize: 86694, encoded filesize: 76051, saving: 0.122765
Total time elapsed : 37233 us
Total saving: 0 bits
Original filesize: 28775, encoded filesize: 25164, saving: 0.125491
Total time elapsed : 19942 us
Total saving: 0 bits
Original filesize: 162749, encoded filesize: 141920, saving: 0.127982
Total time elapsed : 56239 us
Total saving: 0 bits
Original filesize: 99473, encoded filesize: 86627, saving: 0.129141
Total time elapsed : 38692 us
Total saving: 0 bits
Original filesize: 115633, encoded filesize: 102662, saving: 0.112174
Total time elapsed : 39181 us
Total saving: 0 bits
Original filesize: 134065, encoded filesize: 117804, saving: 0.121292
Total time elapsed : 44425 us
Total saving: 0 bits
Original filesize: 137400, encoded filesize: 121422, saving: 0.116288
Total time elapsed : 45646 us
Total saving: 0 bits
Original filesize: 111562, encoded filesize: 96298, saving: 0.136821
Total time elapsed : 44279 us
Total saving: 0 bits
Original filesize: 73087, encoded filesize: 61456, saving: 0.159139
Total time elapsed : 28529 us
Total saving: 0 bits
Original filesize: 162966, encoded filesize: 142685, saving: 0.124449
Total time elapsed : 49626 us
		1112404 972089 0.126136727304
	2
Total saving: 0 bits
Original filesize: 78686, encoded filesize: 69814, saving: 0.112752
Total time elapsed : 32690 us
Total saving: 0 bits
Original filesize: 33118, encoded filesize: 29099, saving: 0.121354
Total time elapsed : 19474 us
Total saving: 0 bits
Original filesize: 83820, encoded filesize: 71468, saving: 0.147363
Total time elapsed : 31858 us
Total saving: 0 bits
Original filesize: 108938, encoded filesize: 91842, saving: 0.156933
Total time elapsed : 34696 us
Total saving: 0 bits
Original filesize: 45132, encoded filesize: 39589, saving: 0.122818
Total time elapsed : 21832 us
Total saving: 0 bits
Original filesize: 65782, encoded filesize: 56761, saving: 0.137135
Total time elapsed : 27753 us
Total saving: 0 bits
Original filesize: 62527, encoded filesize: 53252, saving: 0.148336
Total time elapsed : 27615 us
Total saving: 0 bits
Original filesize: 101497, encoded filesize: 88833, saving: 0.124772
Total time elapsed : 34965 us
Total saving: 0 bits
Original filesize: 50465, encoded filesize: 46142, saving: 0.085663
Total time elapsed : 22647 us
Total saving: 0 bits
Original filesize: 70753, encoded filesize: 60571, saving: 0.143909
Total time elapsed : 30542 us
		700718 607371 0.133216215368
	3
Total saving: 0 bits
Original filesize: 35138, encoded filesize: 29872, saving: 0.149866
Total time elapsed : 23891 us
Total saving: 0 bits
Original filesize: 102525, encoded filesize: 89563, saving: 0.126428
Total time elapsed : 37256 us
Total saving: 0 bits
Original filesize: 146622, encoded filesize: 129863, saving: 0.114301
Total time elapsed : 50889 us
Total saving: 0 bits
Original filesize: 81863, encoded filesize: 72600, saving: 0.113152
Total time elapsed : 33928 us
Total saving: 0 bits
Original filesize: 127065, encoded filesize: 111589, saving: 0.121796
Total time elapsed : 45934 us
Total saving: 0 bits
Original filesize: 50345, encoded filesize: 43576, saving: 0.134452
Total time elapsed : 261914 us
Total saving: 0 bits
Original filesize: 59293, encoded filesize: 50254, saving: 0.152446
Total time elapsed : 25031 us
Total saving: 0 bits
Original filesize: 122153, encoded filesize: 107889, saving: 0.116772
Total time elapsed : 41147 us
Total saving: 0 bits
Original filesize: 141347, encoded filesize: 121973, saving: 0.137067
Total time elapsed : 45931 us
Total saving: 0 bits
Original filesize: 186107, encoded filesize: 164201, saving: 0.117706
Total time elapsed : 58208 us
		1052458 921380 0.124544637411
	4
Total saving: 0 bits
Original filesize: 97444, encoded filesize: 84624, saving: 0.131563
Total time elapsed : 36483 us
Total saving: 0 bits
Original filesize: 53400, encoded filesize: 44930, saving: 0.158614
Total time elapsed : 24104 us
Total saving: 0 bits
Original filesize: 96561, encoded filesize: 82820, saving: 0.142304
Total time elapsed : 37268 us
Total saving: 0 bits
Original filesize: 116161, encoded filesize: 102553, saving: 0.117148
Total time elapsed : 37681 us
Total saving: 0 bits
Original filesize: 81276, encoded filesize: 69451, saving: 0.145492
Total time elapsed : 30408 us
Total saving: 0 bits
Original filesize: 146636, encoded filesize: 128396, saving: 0.124390
Total time elapsed : 48634 us
Total saving: 0 bits
Original filesize: 116485, encoded filesize: 102037, saving: 0.124033
Total time elapsed : 40538 us
Total saving: 0 bits
Original filesize: 43544, encoded filesize: 37559, saving: 0.137447
Total time elapsed : 21405 us
Total saving: 0 bits
Original filesize: 99312, encoded filesize: 85159, saving: 0.142510
Total time elapsed : 36154 us
Total saving: 0 bits
Original filesize: 92113, encoded filesize: 81597, saving: 0.114164
Total time elapsed : 33658 us
		942932 819126 0.131298969597
	5
Total saving: 0 bits
Original filesize: 112257, encoded filesize: 98206, saving: 0.125168
Total time elapsed : 39720 us
Total saving: 0 bits
Original filesize: 116776, encoded filesize: 104927, saving: 0.101468
Total time elapsed : 40428 us
Total saving: 0 bits
Original filesize: 54569, encoded filesize: 46719, saving: 0.143855
Total time elapsed : 23527 us
Total saving: 0 bits
Original filesize: 70179, encoded filesize: 60429, saving: 0.138930
Total time elapsed : 27433 us
Total saving: 0 bits
Original filesize: 163298, encoded filesize: 143780, saving: 0.119524
Total time elapsed : 55492 us
Total saving: 0 bits
Original filesize: 53591, encoded filesize: 45882, saving: 0.143849
Total time elapsed : 24488 us
Total saving: 0 bits
Original filesize: 92944, encoded filesize: 78821, saving: 0.151952
Total time elapsed : 37322 us
Total saving: 0 bits
Original filesize: 78515, encoded filesize: 70921, saving: 0.096720
Total time elapsed : 30031 us
Total saving: 0 bits
Original filesize: 53017, encoded filesize: 46648, saving: 0.120131
Total time elapsed : 24155 us
Total saving: 0 bits
Original filesize: 26888, encoded filesize: 23802, saving: 0.114772
Total time elapsed : 17428 us
		822034 720135 0.123959592912
	6
Total saving: 0 bits
Original filesize: 58228, encoded filesize: 51059, saving: 0.123119
Total time elapsed : 23899 us
Total saving: 0 bits
Original filesize: 75234, encoded filesize: 64755, saving: 0.139285
Total time elapsed : 29346 us
Total saving: 0 bits
Original filesize: 53173, encoded filesize: 45152, saving: 0.150847
Total time elapsed : 24426 us
Total saving: 0 bits
Original filesize: 167002, encoded filesize: 146534, saving: 0.122561
Total time elapsed : 52342 us
Total saving: 0 bits
Original filesize: 66796, encoded filesize: 57245, saving: 0.142988
Total time elapsed : 27686 us
Total saving: 0 bits
Original filesize: 99281, encoded filesize: 86503, saving: 0.128705
Total time elapsed : 35430 us
Total saving: 0 bits
Original filesize: 84203, encoded filesize: 71617, saving: 0.149472
Total time elapsed : 31391 us
Total saving: 0 bits
Original filesize: 99443, encoded filesize: 86028, saving: 0.134901
Total time elapsed : 35895 us
Total saving: 0 bits
Original filesize: 98420, encoded filesize: 85398, saving: 0.132311
Total time elapsed : 34623 us
Total saving: 0 bits
Original filesize: 99993, encoded filesize: 90410, saving: 0.095837
Total time elapsed : 34222 us
		901773 784701 0.129824246235
	7
Total saving: 0 bits
Original filesize: 138616, encoded filesize: 121108, saving: 0.126306
Total time elapsed : 49491 us
Total saving: 0 bits
Original filesize: 74434, encoded filesize: 63530, saving: 0.146492
Total time elapsed : 30972 us
Total saving: 0 bits
Original filesize: 101439, encoded filesize: 85722, saving: 0.154940
Total time elapsed : 36028 us
Total saving: 0 bits
Original filesize: 107238, encoded filesize: 93863, saving: 0.124723
Total time elapsed : 37745 us
Total saving: 0 bits
Original filesize: 48520, encoded filesize: 38968, saving: 0.196867
Total time elapsed : 21484 us
Total saving: 0 bits
Original filesize: 65674, encoded filesize: 56293, saving: 0.142842
Total time elapsed : 26719 us
Total saving: 0 bits
Original filesize: 71828, encoded filesize: 63505, saving: 0.115874
Total time elapsed : 30436 us
Total saving: 0 bits
Original filesize: 98861, encoded filesize: 85473, saving: 0.135422
Total time elapsed : 35701 us
Total saving: 0 bits
Original filesize: 63176, encoded filesize: 54524, saving: 0.136951
Total time elapsed : 25651 us
Total saving: 0 bits
Original filesize: 157356, encoded filesize: 136223, saving: 0.134301
Total time elapsed : 52264 us
		927142 799209 0.137986414163
	8
Total saving: 0 bits
Original filesize: 94562, encoded filesize: 82173, saving: 0.131015
Total time elapsed : 38001 us
Total saving: 0 bits
Original filesize: 95903, encoded filesize: 81909, saving: 0.145918
Total time elapsed : 36723 us
Total saving: 0 bits
Original filesize: 27580, encoded filesize: 24062, saving: 0.127556
Total time elapsed : 18592 us
Total saving: 0 bits
Original filesize: 48224, encoded filesize: 42016, saving: 0.128733
Total time elapsed : 22490 us
Total saving: 0 bits
Original filesize: 47575, encoded filesize: 41206, saving: 0.133873
Total time elapsed : 19868 us
Total saving: 0 bits
Original filesize: 52389, encoded filesize: 46004, saving: 0.121877
Total time elapsed : 22943 us
Total saving: 0 bits
Original filesize: 115365, encoded filesize: 101331, saving: 0.121649
Total time elapsed : 37577 us
Total saving: 0 bits
Original filesize: 66211, encoded filesize: 55730, saving: 0.158297
Total time elapsed : 27425 us
Total saving: 0 bits
Original filesize: 57967, encoded filesize: 49198, saving: 0.151276
Total time elapsed : 24562 us
Total saving: 0 bits
Original filesize: 132213, encoded filesize: 117179, saving: 0.113710
Total time elapsed : 42350 us
		737989 640808 0.131683534578
	9
Total saving: 0 bits
Original filesize: 77053, encoded filesize: 66683, saving: 0.134583
Total time elapsed : 31893 us
Total saving: 0 bits
Original filesize: 62421, encoded filesize: 53533, saving: 0.142388
Total time elapsed : 25695 us
Total saving: 0 bits
Original filesize: 109374, encoded filesize: 96115, saving: 0.121226
Total time elapsed : 293537 us
Total saving: 0 bits
Original filesize: 80679, encoded filesize: 69603, saving: 0.137285
Total time elapsed : 33395 us
Total saving: 0 bits
Original filesize: 79259, encoded filesize: 71039, saving: 0.103711
Total time elapsed : 28736 us
Total saving: 0 bits
Original filesize: 109766, encoded filesize: 94711, saving: 0.137155
Total time elapsed : 37036 us
Total saving: 0 bits
Original filesize: 128615, encoded filesize: 111973, saving: 0.129394
Total time elapsed : 43472 us
Total saving: 0 bits
Original filesize: 28586, encoded filesize: 24578, saving: 0.140208
Total time elapsed : 17349 us
Total saving: 0 bits
Original filesize: 93180, encoded filesize: 81572, saving: 0.124576
Total time elapsed : 30403 us
Total saving: 0 bits
Original filesize: 79909, encoded filesize: 69079, saving: 0.135529
Total time elapsed : 27557 us
		848842 738886 0.129536474397
	8890685 7734959 0.129992908308
	 our 7734959, std 9448006, opt 8753458, ari 7870232, pro 8856633, moz 7793705
40
	0
Total saving: 0 bits
Original filesize: 108888, encoded filesize: 94165, saving: 0.135212
Total time elapsed : 37978 us
Total saving: 0 bits
Original filesize: 93601, encoded filesize: 80731, saving: 0.137499
Total time elapsed : 31572 us
Total saving: 0 bits
Original filesize: 99772, encoded filesize: 86735, saving: 0.130668
Total time elapsed : 40598 us
Total saving: 0 bits
Original filesize: 75602, encoded filesize: 66097, saving: 0.125724
Total time elapsed : 28131 us
Total saving: 0 bits
Original filesize: 88750, encoded filesize: 77421, saving: 0.127651
Total time elapsed : 33991 us
Total saving: 0 bits
Original filesize: 104821, encoded filesize: 91566, saving: 0.126454
Total time elapsed : 37850 us
Total saving: 0 bits
Original filesize: 25956, encoded filesize: 22622, saving: 0.128448
Total time elapsed : 17192 us
Total saving: 0 bits
Original filesize: 175338, encoded filesize: 151720, saving: 0.134700
Total time elapsed : 53839 us
Total saving: 0 bits
Original filesize: 105164, encoded filesize: 87998, saving: 0.163231
Total time elapsed : 36961 us
Total saving: 0 bits
Original filesize: 129957, encoded filesize: 113360, saving: 0.127711
Total time elapsed : 43579 us
		1007849 872415 0.13437925721
	1
Total saving: 0 bits
Original filesize: 105140, encoded filesize: 91819, saving: 0.126698
Total time elapsed : 36273 us
Total saving: 0 bits
Original filesize: 34089, encoded filesize: 29353, saving: 0.138930
Total time elapsed : 19927 us
Total saving: 0 bits
Original filesize: 195609, encoded filesize: 170075, saving: 0.130536
Total time elapsed : 58103 us
Total saving: 0 bits
Original filesize: 121941, encoded filesize: 105954, saving: 0.131104
Total time elapsed : 43882 us
Total saving: 0 bits
Original filesize: 140508, encoded filesize: 124522, saving: 0.113773
Total time elapsed : 45248 us
Total saving: 0 bits
Original filesize: 162428, encoded filesize: 141739, saving: 0.127373
Total time elapsed : 52431 us
Total saving: 0 bits
Original filesize: 166883, encoded filesize: 146475, saving: 0.122289
Total time elapsed : 53355 us
Total saving: 0 bits
Original filesize: 132771, encoded filesize: 114744, saving: 0.135775
Total time elapsed : 46576 us
Total saving: 0 bits
Original filesize: 86125, encoded filesize: 72174, saving: 0.161985
Total time elapsed : 30678 us
Total saving: 0 bits
Original filesize: 194063, encoded filesize: 169757, saving: 0.125248
Total time elapsed : 57421 us
		1339557 1166612 0.129106114932
	2
Total saving: 0 bits
Original filesize: 97094, encoded filesize: 85436, saving: 0.120069
Total time elapsed : 34357 us
Total saving: 0 bits
Original filesize: 41248, encoded filesize: 35622, saving: 0.136394
Total time elapsed : 21677 us
Total saving: 0 bits
Original filesize: 100460, encoded filesize: 85941, saving: 0.144525
Total time elapsed : 36337 us
Total saving: 0 bits
Original filesize: 126809, encoded filesize: 106962, saving: 0.156511
Total time elapsed : 40512 us
Total saving: 0 bits
Original filesize: 55813, encoded filesize: 48637, saving: 0.128572
Total time elapsed : 26488 us
Total saving: 0 bits
Original filesize: 78252, encoded filesize: 67285, saving: 0.140150
Total time elapsed : 29929 us
Total saving: 0 bits
Original filesize: 74442, encoded filesize: 63084, saving: 0.152575
Total time elapsed : 29587 us
Total saving: 0 bits
Original filesize: 123296, encoded filesize: 107910, saving: 0.124789
Total time elapsed : 40120 us
Total saving: 0 bits
Original filesize: 66941, encoded filesize: 61545, saving: 0.080608
Total time elapsed : 26413 us
Total saving: 0 bits
Original filesize: 86726, encoded filesize: 73984, saving: 0.146922
Total time elapsed : 32355 us
		851081 736406 0.134740406612
	3
Total saving: 0 bits
Original filesize: 42513, encoded filesize: 35702, saving: 0.160210
Total time elapsed : 21261 us
Total saving: 0 bits
Original filesize: 121378, encoded filesize: 106591, saving: 0.121826
Total time elapsed : 37501 us
Total saving: 0 bits
Original filesize: 175826, encoded filesize: 155099, saving: 0.117884
Total time elapsed : 55709 us
Total saving: 0 bits
Original filesize: 101294, encoded filesize: 89379, saving: 0.117628
Total time elapsed : 36023 us
Total saving: 0 bits
Original filesize: 151987, encoded filesize: 133429, saving: 0.122103
Total time elapsed : 50115 us
Total saving: 0 bits
Original filesize: 60695, encoded filesize: 52608, saving: 0.133240
Total time elapsed : 27044 us
Total saving: 0 bits
Original filesize: 71664, encoded filesize: 60507, saving: 0.155685
Total time elapsed : 28033 us
Total saving: 0 bits
Original filesize: 145497, encoded filesize: 128044, saving: 0.119954
Total time elapsed : 45144 us
Total saving: 0 bits
Original filesize: 170373, encoded filesize: 146829, saving: 0.138191
Total time elapsed : 53310 us
Total saving: 0 bits
Original filesize: 219756, encoded filesize: 193663, saving: 0.118736
Total time elapsed : 66351 us
		1260983 1101851 0.126196784572
	4
Total saving: 0 bits
Original filesize: 117281, encoded filesize: 101767, saving: 0.132281
Total time elapsed : 41600 us
Total saving: 0 bits
Original filesize: 63203, encoded filesize: 53179, saving: 0.158600
Total time elapsed : 27956 us
Total saving: 0 bits
Original filesize: 116963, encoded filesize: 99918, saving: 0.145730
Total time elapsed : 41627 us
Total saving: 0 bits
Original filesize: 138170, encoded filesize: 121906, saving: 0.117710
Total time elapsed : 42173 us
Total saving: 0 bits
Original filesize: 95934, encoded filesize: 81783, saving: 0.147508
Total time elapsed : 37407 us
Total saving: 0 bits
Original filesize: 177884, encoded filesize: 154760, saving: 0.129995
Total time elapsed : 60774 us
Total saving: 0 bits
Original filesize: 141850, encoded filesize: 123516, saving: 0.129249
Total time elapsed : 49951 us
Total saving: 0 bits
Original filesize: 54692, encoded filesize: 47411, saving: 0.133127
Total time elapsed : 25394 us
Total saving: 0 bits
Original filesize: 120354, encoded filesize: 102853, saving: 0.145413
Total time elapsed : 40699 us
Total saving: 0 bits
Original filesize: 112880, encoded filesize: 100029, saving: 0.113847
Total time elapsed : 38296 us
		1139211 987122 0.133503802193
	5
Total saving: 0 bits
Original filesize: 136974, encoded filesize: 119422, saving: 0.128141
Total time elapsed : 44300 us
Total saving: 0 bits
Original filesize: 147080, encoded filesize: 130326, saving: 0.113911
Total time elapsed : 48872 us
Total saving: 0 bits
Original filesize: 63795, encoded filesize: 54787, saving: 0.141202
Total time elapsed : 25315 us
Total saving: 0 bits
Original filesize: 81732, encoded filesize: 70407, saving: 0.138563
Total time elapsed : 30762 us
Total saving: 0 bits
Original filesize: 197270, encoded filesize: 173180, saving: 0.122117
Total time elapsed : 358824 us
Total saving: 0 bits
Original filesize: 65308, encoded filesize: 56165, saving: 0.139998
Total time elapsed : 29954 us
Total saving: 0 bits
Original filesize: 110874, encoded filesize: 93739, saving: 0.154545
Total time elapsed : 37173 us
Total saving: 0 bits
Original filesize: 98583, encoded filesize: 88062, saving: 0.106722
Total time elapsed : 35444 us
Total saving: 0 bits
Original filesize: 64522, encoded filesize: 56662, saving: 0.121819
Total time elapsed : 25445 us
Total saving: 0 bits
Original filesize: 32592, encoded filesize: 28579, saving: 0.123128
Total time elapsed : 19211 us
		998730 871329 0.127563005016
	6
Total saving: 0 bits
Original filesize: 71550, encoded filesize: 62670, saving: 0.124109
Total time elapsed : 27191 us
Total saving: 0 bits
Original filesize: 90338, encoded filesize: 77089, saving: 0.146660
Total time elapsed : 34897 us
Total saving: 0 bits
Original filesize: 62118, encoded filesize: 52679, saving: 0.151953
Total time elapsed : 25856 us
Total saving: 0 bits
Original filesize: 201426, encoded filesize: 176301, saving: 0.124736
Total time elapsed : 65230 us
Total saving: 0 bits
Original filesize: 79207, encoded filesize: 67891, saving: 0.142866
Total time elapsed : 30166 us
Total saving: 0 bits
Original filesize: 119600, encoded filesize: 104425, saving: 0.126881
Total time elapsed : 39973 us
Total saving: 0 bits
Original filesize: 99956, encoded filesize: 84738, saving: 0.152247
Total time elapsed : 35165 us
Total saving: 0 bits
Original filesize: 120086, encoded filesize: 103965, saving: 0.134245
Total time elapsed : 40783 us
Total saving: 0 bits
Original filesize: 117219, encoded filesize: 101987, saving: 0.129945
Total time elapsed : 41392 us
Total saving: 0 bits
Original filesize: 119262, encoded filesize: 107636, saving: 0.097483
Total time elapsed : 40580 us
		1080762 939381 0.130816035353
	7
Total saving: 0 bits
Original filesize: 166625, encoded filesize: 145300, saving: 0.127982
Total time elapsed : 56534 us
Total saving: 0 bits
Original filesize: 89219, encoded filesize: 75824, saving: 0.150136
Total time elapsed : 33631 us
Total saving: 0 bits
Original filesize: 120984, encoded filesize: 102234, saving: 0.154979
Total time elapsed : 40640 us
Total saving: 0 bits
Original filesize: 127745, encoded filesize: 111887, saving: 0.124138
Total time elapsed : 42118 us
Total saving: 0 bits
Original filesize: 56961, encoded filesize: 46223, saving: 0.188515
Total time elapsed : 21985 us
Total saving: 0 bits
Original filesize: 80188, encoded filesize: 68285, saving: 0.148439
Total time elapsed : 30176 us
Total saving: 0 bits
Original filesize: 86586, encoded filesize: 76406, saving: 0.117571
Total time elapsed : 30268 us
Total saving: 0 bits
Original filesize: 119457, encoded filesize: 103414, saving: 0.134299
Total time elapsed : 40355 us
Total saving: 0 bits
Original filesize: 74687, encoded filesize: 64789, saving: 0.132526
Total time elapsed : 27626 us
Total saving: 0 bits
Original filesize: 188525, encoded filesize: 163006, saving: 0.135361
Total time elapsed : 58643 us
		1110977 957368 0.13826478856
	8
Total saving: 0 bits
Original filesize: 114689, encoded filesize: 99576, saving: 0.131774
Total time elapsed : 40453 us
Total saving: 0 bits
Original filesize: 114885, encoded filesize: 98200, saving: 0.145232
Total time elapsed : 45799 us
Total saving: 0 bits
Original filesize: 31899, encoded filesize: 27509, saving: 0.137622
Total time elapsed : 18712 us
Total saving: 0 bits
Original filesize: 63865, encoded filesize: 56521, saving: 0.114993
Total time elapsed : 24354 us
Total saving: 0 bits
Original filesize: 56718, encoded filesize: 48993, saving: 0.136200
Total time elapsed : 22350 us
Total saving: 0 bits
Original filesize: 63261, encoded filesize: 55570, saving: 0.121576
Total time elapsed : 26060 us
Total saving: 0 bits
Original filesize: 137100, encoded filesize: 120272, saving: 0.122743
Total time elapsed : 44428 us
Total saving: 0 bits
Original filesize: 79336, encoded filesize: 66344, saving: 0.163759
Total time elapsed : 31351 us
Total saving: 0 bits
Original filesize: 69916, encoded filesize: 59059, saving: 0.155286
Total time elapsed : 28934 us
Total saving: 0 bits
Original filesize: 159183, encoded filesize: 140884, saving: 0.114956
Total time elapsed : 52855 us
		890852 772928 0.132372156093
	9
Total saving: 0 bits
Original filesize: 92984, encoded filesize: 80123, saving: 0.138314
Total time elapsed : 35401 us
Total saving: 0 bits
Original filesize: 74150, encoded filesize: 64216, saving: 0.133972
Total time elapsed : 28745 us
Total saving: 0 bits
Original filesize: 129975, encoded filesize: 114301, saving: 0.120592
Total time elapsed : 44754 us
Total saving: 0 bits
Original filesize: 97812, encoded filesize: 83854, saving: 0.142702
Total time elapsed : 35524 us
Total saving: 0 bits
Original filesize: 97305, encoded filesize: 86342, saving: 0.112666
Total time elapsed : 33260 us
Total saving: 0 bits
Original filesize: 131563, encoded filesize: 113093, saving: 0.140389
Total time elapsed : 43020 us
Total saving: 0 bits
Original filesize: 155765, encoded filesize: 135563, saving: 0.129695
Total time elapsed : 50423 us
Total saving: 0 bits
Original filesize: 34526, encoded filesize: 29391, saving: 0.148728
Total time elapsed : 18009 us
Total saving: 0 bits
Original filesize: 111202, encoded filesize: 97217, saving: 0.125762
Total time elapsed : 34795 us
Total saving: 0 bits
Original filesize: 94416, encoded filesize: 81664, saving: 0.135062
Total time elapsed : 31568 us
		1019698 885764 0.131346732072
	10699700 9291176 0.131641447891
	 our 9291176, std 11261067, opt 10696538, ari 9631743, pro 10589160, moz 9588708
50
	0
Total saving: 0 bits
Original filesize: 125241, encoded filesize: 108148, saving: 0.136481
Total time elapsed : 46144 us
Total saving: 0 bits
Original filesize: 106956, encoded filesize: 92401, saving: 0.136084
Total time elapsed : 35418 us
Total saving: 0 bits
Original filesize: 116620, encoded filesize: 101198, saving: 0.132241
Total time elapsed : 47293 us
Total saving: 0 bits
Original filesize: 86859, encoded filesize: 75923, saving: 0.125905
Total time elapsed : 30729 us
Total saving: 0 bits
Original filesize: 101989, encoded filesize: 89333, saving: 0.124092
Total time elapsed : 35639 us
Total saving: 0 bits
Original filesize: 122310, encoded filesize: 106483, saving: 0.129401
Total time elapsed : 39736 us
Total saving: 0 bits
Original filesize: 31042, encoded filesize: 27094, saving: 0.127183
Total time elapsed : 18102 us
Total saving: 0 bits
Original filesize: 203048, encoded filesize: 176134, saving: 0.132550
Total time elapsed : 59849 us
Total saving: 0 bits
Original filesize: 120708, encoded filesize: 100985, saving: 0.163394
Total time elapsed : 42860 us
Total saving: 0 bits
Original filesize: 149490, encoded filesize: 130752, saving: 0.125346
Total time elapsed : 48776 us
		1164263 1008451 0.133828868563
	1
Total saving: 0 bits
Original filesize: 122667, encoded filesize: 107029, saving: 0.127483
Total time elapsed : 43956 us
Total saving: 0 bits
Original filesize: 39263, encoded filesize: 33326, saving: 0.151211
Total time elapsed : 22171 us
Total saving: 0 bits
Original filesize: 225469, encoded filesize: 195891, saving: 0.131184
Total time elapsed : 68283 us
Total saving: 0 bits
Original filesize: 143773, encoded filesize: 124735, saving: 0.132417
Total time elapsed : 50809 us
Total saving: 0 bits
Original filesize: 164453, encoded filesize: 145078, saving: 0.117815
Total time elapsed : 51236 us
Total saving: 0 bits
Original filesize: 188567, encoded filesize: 164092, saving: 0.129795
Total time elapsed : 62465 us
Total saving: 0 bits
Original filesize: 194121, encoded filesize: 170192, saving: 0.123268
Total time elapsed : 58418 us
Total saving: 0 bits
Original filesize: 153334, encoded filesize: 132194, saving: 0.137869
Total time elapsed : 54393 us
Total saving: 0 bits
Original filesize: 98800, encoded filesize: 82298, saving: 0.167024
Total time elapsed : 33876 us
Total saving: 0 bits
Original filesize: 222301, encoded filesize: 194828, saving: 0.123585
Total time elapsed : 74602 us
		1552748 1349663 0.130790701389
	2
Total saving: 0 bits
Original filesize: 114876, encoded filesize: 100830, saving: 0.122271
Total time elapsed : 41955 us
Total saving: 0 bits
Original filesize: 49035, encoded filesize: 42178, saving: 0.139839
Total time elapsed : 24394 us
Total saving: 0 bits
Original filesize: 116030, encoded filesize: 99671, saving: 0.140989
Total time elapsed : 41245 us
Total saving: 0 bits
Original filesize: 143291, encoded filesize: 120654, saving: 0.157979
Total time elapsed : 45255 us
Total saving: 0 bits
Original filesize: 66522, encoded filesize: 57617, saving: 0.133865
Total time elapsed : 27221 us
Total saving: 0 bits
Original filesize: 90155, encoded filesize: 77422, saving: 0.141235
Total time elapsed : 32507 us
Total saving: 0 bits
Original filesize: 85626, encoded filesize: 72199, saving: 0.156810
Total time elapsed : 32918 us
Total saving: 0 bits
Original filesize: 144593, encoded filesize: 126585, saving: 0.124543
Total time elapsed : 45327 us
Total saving: 0 bits
Original filesize: 84464, encoded filesize: 77294, saving: 0.084888
Total time elapsed : 31403 us
Total saving: 0 bits
Original filesize: 102216, encoded filesize: 87337, saving: 0.145564
Total time elapsed : 36032 us
		996808 861787 0.135453367148
	3
Total saving: 0 bits
Original filesize: 50726, encoded filesize: 42874, saving: 0.154792
Total time elapsed : 26751 us
Total saving: 0 bits
Original filesize: 139724, encoded filesize: 122975, saving: 0.119872
Total time elapsed : 43973 us
Total saving: 0 bits
Original filesize: 202555, encoded filesize: 178212, saving: 0.120180
Total time elapsed : 63021 us
Total saving: 0 bits
Original filesize: 119528, encoded filesize: 105549, saving: 0.116952
Total time elapsed : 40039 us
Total saving: 0 bits
Original filesize: 175404, encoded filesize: 154065, saving: 0.121656
Total time elapsed : 55747 us
Total saving: 0 bits
Original filesize: 70927, encoded filesize: 61592, saving: 0.131614
Total time elapsed : 29812 us
Total saving: 0 bits
Original filesize: 83620, encoded filesize: 70358, saving: 0.158598
Total time elapsed : 30646 us
Total saving: 0 bits
Original filesize: 167411, encoded filesize: 146988, saving: 0.121993
Total time elapsed : 56320 us
Total saving: 0 bits
Original filesize: 197981, encoded filesize: 170454, saving: 0.139039
Total time elapsed : 59896 us
Total saving: 0 bits
Original filesize: 251312, encoded filesize: 220802, saving: 0.121403
Total time elapsed : 72799 us
		1459188 1273869 0.127001455604
	4
Total saving: 0 bits
Original filesize: 136194, encoded filesize: 118294, saving: 0.131430
Total time elapsed : 46882 us
Total saving: 0 bits
Original filesize: 73818, encoded filesize: 62007, saving: 0.160002
Total time elapsed : 31780 us
Total saving: 0 bits
Original filesize: 135640, encoded filesize: 115927, saving: 0.145333
Total time elapsed : 49318 us
Total saving: 0 bits
Original filesize: 158814, encoded filesize: 140300, saving: 0.116577
Total time elapsed : 47712 us
Total saving: 0 bits
Original filesize: 108963, encoded filesize: 93060, saving: 0.145949
Total time elapsed : 37281 us
Total saving: 0 bits
Original filesize: 206439, encoded filesize: 179291, saving: 0.131506
Total time elapsed : 62962 us
Total saving: 0 bits
Original filesize: 165375, encoded filesize: 143783, saving: 0.130564
Total time elapsed : 50262 us
Total saving: 0 bits
Original filesize: 66909, encoded filesize: 58193, saving: 0.130266
Total time elapsed : 26682 us
Total saving: 0 bits
Original filesize: 140155, encoded filesize: 120042, saving: 0.143505
Total time elapsed : 46645 us
Total saving: 0 bits
Original filesize: 133335, encoded filesize: 117771, saving: 0.116729
Total time elapsed : 45374 us
		1325642 1148668 0.133500598201
	5
Total saving: 0 bits
Original filesize: 160621, encoded filesize: 139500, saving: 0.131496
Total time elapsed : 56659 us
Total saving: 0 bits
Original filesize: 174522, encoded filesize: 153767, saving: 0.118925
Total time elapsed : 59143 us
Total saving: 0 bits
Original filesize: 72680, encoded filesize: 62514, saving: 0.139873
Total time elapsed : 32117 us
Total saving: 0 bits
Original filesize: 93083, encoded filesize: 80082, saving: 0.139671
Total time elapsed : 32119 us
Total saving: 0 bits
Original filesize: 228446, encoded filesize: 200049, saving: 0.124305
Total time elapsed : 75410 us
Total saving: 0 bits
Original filesize: 77818, encoded filesize: 67172, saving: 0.136806
Total time elapsed : 30646 us
Total saving: 0 bits
Original filesize: 127822, encoded filesize: 107909, saving: 0.155787
Total time elapsed : 44328 us
Total saving: 0 bits
Original filesize: 118111, encoded filesize: 105028, saving: 0.110769
Total time elapsed : 40408 us
Total saving: 0 bits
Original filesize: 76260, encoded filesize: 66500, saving: 0.127983
Total time elapsed : 27655 us
Total saving: 0 bits
Original filesize: 38855, encoded filesize: 33724, saving: 0.132055
Total time elapsed : 20767 us
		1168218 1016245 0.130089589443
	6
Total saving: 0 bits
Original filesize: 85697, encoded filesize: 74935, saving: 0.125582
Total time elapsed : 33784 us
Total saving: 0 bits
Original filesize: 104381, encoded filesize: 88506, saving: 0.152087
Total time elapsed : 41843 us
Total saving: 0 bits
Original filesize: 70554, encoded filesize: 59598, saving: 0.155285
Total time elapsed : 30071 us
Total saving: 0 bits
Original filesize: 232676, encoded filesize: 203534, saving: 0.125247
Total time elapsed : 79218 us
Total saving: 0 bits
Original filesize: 91336, encoded filesize: 78057, saving: 0.145386
Total time elapsed : 32723 us
Total saving: 0 bits
Original filesize: 139208, encoded filesize: 121351, saving: 0.128276
Total time elapsed : 50204 us
Total saving: 0 bits
Original filesize: 114289, encoded filesize: 96898, saving: 0.152167
Total time elapsed : 38170 us
Total saving: 0 bits
Original filesize: 139956, encoded filesize: 121040, saving: 0.135157
Total time elapsed : 48083 us
Total saving: 0 bits
Original filesize: 135702, encoded filesize: 118201, saving: 0.128966
Total time elapsed : 45128 us
Total saving: 0 bits
Original filesize: 137922, encoded filesize: 124101, saving: 0.100209
Total time elapsed : 44910 us
		1251721 1086221 0.132217962309
	7
Total saving: 0 bits
Original filesize: 192321, encoded filesize: 167523, saving: 0.128941
Total time elapsed : 63281 us
Total saving: 0 bits
Original filesize: 103058, encoded filesize: 87477, saving: 0.151187
Total time elapsed : 37758 us
Total saving: 0 bits
Original filesize: 139427, encoded filesize: 117763, saving: 0.155379
Total time elapsed : 46411 us
Total saving: 0 bits
Original filesize: 147385, encoded filesize: 128842, saving: 0.125813
Total time elapsed : 45669 us
Total saving: 0 bits
Original filesize: 65156, encoded filesize: 53266, saving: 0.182485
Total time elapsed : 24788 us
Total saving: 0 bits
Original filesize: 94620, encoded filesize: 80276, saving: 0.151596
Total time elapsed : 34345 us
Total saving: 0 bits
Original filesize: 101133, encoded filesize: 88888, saving: 0.121078
Total time elapsed : 33740 us
Total saving: 0 bits
Original filesize: 139499, encoded filesize: 120758, saving: 0.134345
Total time elapsed : 45614 us
Total saving: 0 bits
Original filesize: 86181, encoded filesize: 74954, saving: 0.130272
Total time elapsed : 30932 us
Total saving: 0 bits
Original filesize: 217533, encoded filesize: 187860, saving: 0.136407
Total time elapsed : 65022 us
		1286313 1107607 0.138928861016
	8
Total saving: 0 bits
Original filesize: 133905, encoded filesize: 116138, saving: 0.132684
Total time elapsed : 295765 us
Total saving: 0 bits
Original filesize: 132874, encoded filesize: 113185, saving: 0.148178
Total time elapsed : 170218 us
Total saving: 0 bits
Original filesize: 36042, encoded filesize: 30775, saving: 0.146135
Total time elapsed : 19522 us
Total saving: 0 bits
Original filesize: 81049, encoded filesize: 72187, saving: 0.109341
Total time elapsed : 29608 us
Total saving: 0 bits
Original filesize: 65764, encoded filesize: 56729, saving: 0.137385
Total time elapsed : 25403 us
Total saving: 0 bits
Original filesize: 74018, encoded filesize: 64941, saving: 0.122632
Total time elapsed : 27532 us
Total saving: 0 bits
Original filesize: 157058, encoded filesize: 137828, saving: 0.122439
Total time elapsed : 48558 us
Total saving: 0 bits
Original filesize: 91645, encoded filesize: 76598, saving: 0.164188
Total time elapsed : 34311 us
Total saving: 0 bits
Original filesize: 81489, encoded filesize: 68590, saving: 0.158291
Total time elapsed : 29261 us
Total saving: 0 bits
Original filesize: 185123, encoded filesize: 162938, saving: 0.119839
Total time elapsed : 55580 us
		1038967 899909 0.133842557078
	9
Total saving: 0 bits
Original filesize: 108488, encoded filesize: 93005, saving: 0.142716
Total time elapsed : 41193 us
Total saving: 0 bits
Original filesize: 86302, encoded filesize: 74888, saving: 0.132256
Total time elapsed : 33363 us
Total saving: 0 bits
Original filesize: 149378, encoded filesize: 131157, saving: 0.121979
Total time elapsed : 51940 us
Total saving: 0 bits
Original filesize: 114009, encoded filesize: 97646, saving: 0.143524
Total time elapsed : 47752 us
Total saving: 0 bits
Original filesize: 114247, encoded filesize: 101232, saving: 0.113920
Total time elapsed : 42640 us
Total saving: 0 bits
Original filesize: 151332, encoded filesize: 130092, saving: 0.140354
Total time elapsed : 49275 us
Total saving: 0 bits
Original filesize: 181326, encoded filesize: 157587, saving: 0.130919
Total time elapsed : 57560 us
Total saving: 0 bits
Original filesize: 40818, encoded filesize: 34422, saving: 0.156696
Total time elapsed : 21866 us
Total saving: 0 bits
Original filesize: 128094, encoded filesize: 112328, saving: 0.123081
Total time elapsed : 43230 us
Total saving: 0 bits
Original filesize: 108343, encoded filesize: 93600, saving: 0.136077
Total time elapsed : 39702 us
		1182337 1025957 0.132263474796
	12426205 10778377 0.132609111149
	 our 10778377, std 12904089, opt 12423043, ari 11248621, pro 12236553, moz 11136771
60
	0
Total saving: 0 bits
Original filesize: 142767, encoded filesize: 123253, saving: 0.136684
Total time elapsed : 54285 us
Total saving: 0 bits
Original filesize: 120913, encoded filesize: 104516, saving: 0.135610
Total time elapsed : 42034 us
Total saving: 0 bits
Original filesize: 134579, encoded filesize: 116686, saving: 0.132955
Total time elapsed : 45503 us
Total saving: 0 bits
Original filesize: 99525, encoded filesize: 86963, saving: 0.126220
Total time elapsed : 34373 us
Total saving: 0 bits
Original filesize: 116393, encoded filesize: 102502, saving: 0.119346
Total time elapsed : 39766 us
Total saving: 0 bits
Original filesize: 140808, encoded filesize: 122357, saving: 0.131037
Total time elapsed : 43953 us
Total saving: 0 bits
Original filesize: 37784, encoded filesize: 32702, saving: 0.134501
Total time elapsed : 19780 us
Total saving: 0 bits
Original filesize: 232916, encoded filesize: 202196, saving: 0.131893
Total time elapsed : 69051 us
Total saving: 0 bits
Original filesize: 137298, encoded filesize: 114908, saving: 0.163076
Total time elapsed : 45171 us
Total saving: 0 bits
Original filesize: 171723, encoded filesize: 150650, saving: 0.122715
Total time elapsed : 54263 us
		1334706 1156733 0.133342473923
	1
Total saving: 0 bits
Original filesize: 141563, encoded filesize: 123477, saving: 0.127759
Total time elapsed : 53035 us
Total saving: 0 bits
Original filesize: 44544, encoded filesize: 37525, saving: 0.157575
Total time elapsed : 25884 us
Total saving: 0 bits
Original filesize: 257190, encoded filesize: 223109, saving: 0.132513
Total time elapsed : 72594 us
Total saving: 0 bits
Original filesize: 167802, encoded filesize: 145089, saving: 0.135356
Total time elapsed : 54595 us
Total saving: 0 bits
Original filesize: 189529, encoded filesize: 166831, saving: 0.119760
Total time elapsed : 58627 us
Total saving: 0 bits
Original filesize: 215955, encoded filesize: 187715, saving: 0.130768
Total time elapsed : 66911 us
Total saving: 0 bits
Original filesize: 223442, encoded filesize: 195526, saving: 0.124936
Total time elapsed : 71316 us
Total saving: 0 bits
Original filesize: 175177, encoded filesize: 151069, saving: 0.137621
Total time elapsed : 57124 us
Total saving: 0 bits
Original filesize: 111944, encoded filesize: 93120, saving: 0.168156
Total time elapsed : 40992 us
Total saving: 0 bits
Original filesize: 252620, encoded filesize: 221324, saving: 0.123886
Total time elapsed : 72284 us
		1779766 1544785 0.132029154394
	2
Total saving: 0 bits
Original filesize: 133842, encoded filesize: 117303, saving: 0.123571
Total time elapsed : 46367 us
Total saving: 0 bits
Original filesize: 57582, encoded filesize: 49293, saving: 0.143951
Total time elapsed : 26950 us
Total saving: 0 bits
Original filesize: 133378, encoded filesize: 114791, saving: 0.139356
Total time elapsed : 480965 us
Total saving: 0 bits
Original filesize: 160548, encoded filesize: 134978, saving: 0.159267
Total time elapsed : 52523 us
Total saving: 0 bits
Original filesize: 78474, encoded filesize: 67481, saving: 0.140085
Total time elapsed : 32687 us
Total saving: 0 bits
Original filesize: 102852, encoded filesize: 88245, saving: 0.142020
Total time elapsed : 36400 us
Total saving: 0 bits
Original filesize: 97665, encoded filesize: 81953, saving: 0.160876
Total time elapsed : 35696 us
Total saving: 0 bits
Original filesize: 167847, encoded filesize: 146706, saving: 0.125954
Total time elapsed : 53643 us
Total saving: 0 bits
Original filesize: 104080, encoded filesize: 94352, saving: 0.093467
Total time elapsed : 38242 us
Total saving: 0 bits
Original filesize: 119074, encoded filesize: 101916, saving: 0.144095
Total time elapsed : 118764 us
		1155342 997018 0.137036479242
	3
Total saving: 0 bits
Original filesize: 61405, encoded filesize: 52528, saving: 0.144565
Total time elapsed : 30423 us
Total saving: 0 bits
Original filesize: 159334, encoded filesize: 140315, saving: 0.119366
Total time elapsed : 52794 us
Total saving: 0 bits
Original filesize: 230541, encoded filesize: 202602, saving: 0.121189
Total time elapsed : 69956 us
Total saving: 0 bits
Original filesize: 139919, encoded filesize: 123186, saving: 0.119591
Total time elapsed : 46046 us
Total saving: 0 bits
Original filesize: 200270, encoded filesize: 175963, saving: 0.121371
Total time elapsed : 63836 us
Total saving: 0 bits
Original filesize: 82237, encoded filesize: 71456, saving: 0.131097
Total time elapsed : 31184 us
Total saving: 0 bits
Original filesize: 95873, encoded filesize: 80536, saving: 0.159972
Total time elapsed : 33665 us
Total saving: 0 bits
Original filesize: 190010, encoded filesize: 166662, saving: 0.122878
Total time elapsed : 57051 us
Total saving: 0 bits
Original filesize: 227191, encoded filesize: 196140, saving: 0.136674
Total time elapsed : 71629 us
Total saving: 0 bits
Original filesize: 284310, encoded filesize: 249276, saving: 0.123225
Total time elapsed : 87889 us
		1671090 1458664 0.127118228222
	4
Total saving: 0 bits
Original filesize: 156498, encoded filesize: 135983, saving: 0.131088
Total time elapsed : 57692 us
Total saving: 0 bits
Original filesize: 87569, encoded filesize: 73928, saving: 0.155774
Total time elapsed : 37609 us
Total saving: 0 bits
Original filesize: 156183, encoded filesize: 133372, saving: 0.146053
Total time elapsed : 53249 us
Total saving: 0 bits
Original filesize: 180861, encoded filesize: 160081, saving: 0.114895
Total time elapsed : 52820 us
Total saving: 0 bits
Original filesize: 122706, encoded filesize: 104937, saving: 0.144810
Total time elapsed : 42009 us
Total saving: 0 bits
Original filesize: 237025, encoded filesize: 205551, saving: 0.132788
Total time elapsed : 73600 us
Total saving: 0 bits
Original filesize: 190284, encoded filesize: 165090, saving: 0.132402
Total time elapsed : 58249 us
Total saving: 0 bits
Original filesize: 80342, encoded filesize: 70043, saving: 0.128189
Total time elapsed : 32270 us
Total saving: 0 bits
Original filesize: 161504, encoded filesize: 138311, saving: 0.143606
Total time elapsed : 50949 us
Total saving: 0 bits
Original filesize: 154966, encoded filesize: 136630, saving: 0.118323
Total time elapsed : 49660 us
		1527938 1323926 0.133521124548
	5
Total saving: 0 bits
Original filesize: 185409, encoded filesize: 160912, saving: 0.132124
Total time elapsed : 60738 us
Total saving: 0 bits
Original filesize: 202508, encoded filesize: 178074, saving: 0.120657
Total time elapsed : 73070 us
Total saving: 0 bits
Original filesize: 82440, encoded filesize: 71122, saving: 0.137288
Total time elapsed : 33890 us
Total saving: 0 bits
Original filesize: 105264, encoded filesize: 90738, saving: 0.137996
Total time elapsed : 42255 us
Total saving: 0 bits
Original filesize: 261377, encoded filesize: 228812, saving: 0.124590
Total time elapsed : 79327 us
Total saving: 0 bits
Original filesize: 92241, encoded filesize: 79567, saving: 0.137401
Total time elapsed : 35166 us
Total saving: 0 bits
Original filesize: 146429, encoded filesize: 123343, saving: 0.157660
Total time elapsed : 47716 us
Total saving: 0 bits
Original filesize: 139113, encoded filesize: 122792, saving: 0.117322
Total time elapsed : 50095 us
Total saving: 0 bits
Original filesize: 88688, encoded filesize: 77020, saving: 0.131562
Total time elapsed : 32083 us
Total saving: 0 bits
Original filesize: 45918, encoded filesize: 39842, saving: 0.132323
Total time elapsed : 23913 us
		1349387 1172222 0.131292950058
	6
Total saving: 0 bits
Original filesize: 102195, encoded filesize: 88944, saving: 0.129664
Total time elapsed : 39894 us
Total saving: 0 bits
Original filesize: 118511, encoded filesize: 100414, saving: 0.152703
Total time elapsed : 46172 us
Total saving: 0 bits
Original filesize: 79323, encoded filesize: 66890, saving: 0.156739
Total time elapsed : 30657 us
Total saving: 0 bits
Original filesize: 266490, encoded filesize: 232751, saving: 0.126605
Total time elapsed : 80262 us
Total saving: 0 bits
Original filesize: 104064, encoded filesize: 89039, saving: 0.144382
Total time elapsed : 39474 us
Total saving: 0 bits
Original filesize: 160238, encoded filesize: 139408, saving: 0.129994
Total time elapsed : 52841 us
Total saving: 0 bits
Original filesize: 129565, encoded filesize: 109814, saving: 0.152441
Total time elapsed : 46582 us
Total saving: 0 bits
Original filesize: 161514, encoded filesize: 139487, saving: 0.136378
Total time elapsed : 52588 us
Total saving: 0 bits
Original filesize: 155662, encoded filesize: 135468, saving: 0.129730
Total time elapsed : 50920 us
Total saving: 0 bits
Original filesize: 157562, encoded filesize: 141350, saving: 0.102893
Total time elapsed : 47491 us
		1435124 1243565 0.133479058256
	7
Total saving: 0 bits
Original filesize: 219545, encoded filesize: 191034, saving: 0.129864
Total time elapsed : 78971 us
Total saving: 0 bits
Original filesize: 118276, encoded filesize: 100366, saving: 0.151425
Total time elapsed : 44827 us
Total saving: 0 bits
Original filesize: 158890, encoded filesize: 133994, saving: 0.156687
Total time elapsed : 47677 us
Total saving: 0 bits
Original filesize: 167531, encoded filesize: 146452, saving: 0.125821
Total time elapsed : 52541 us
Total saving: 0 bits
Original filesize: 74694, encoded filesize: 61558, saving: 0.175864
Total time elapsed : 28252 us
Total saving: 0 bits
Original filesize: 110507, encoded filesize: 93649, saving: 0.152551
Total time elapsed : 39169 us
Total saving: 0 bits
Original filesize: 116680, encoded filesize: 102347, saving: 0.122840
Total time elapsed : 38468 us
Total saving: 0 bits
Original filesize: 161215, encoded filesize: 139264, saving: 0.136160
Total time elapsed : 52033 us
Total saving: 0 bits
Original filesize: 98779, encoded filesize: 86099, saving: 0.128367
Total time elapsed : 35848 us
Total saving: 0 bits
Original filesize: 248693, encoded filesize: 214348, saving: 0.138102
Total time elapsed : 77469 us
		1474810 1269111 0.139474915413
	8
Total saving: 0 bits
Original filesize: 154236, encoded filesize: 133815, saving: 0.132401
Total time elapsed : 57341 us
Total saving: 0 bits
Original filesize: 151783, encoded filesize: 129018, saving: 0.149984
Total time elapsed : 59926 us
Total saving: 0 bits
Original filesize: 42445, encoded filesize: 35976, saving: 0.152409
Total time elapsed : 24711 us
Total saving: 0 bits
Original filesize: 100971, encoded filesize: 89851, saving: 0.110131
Total time elapsed : 35167 us
Total saving: 0 bits
Original filesize: 75569, encoded filesize: 64957, saving: 0.140428
Total time elapsed : 29469 us
Total saving: 0 bits
Original filesize: 85561, encoded filesize: 74913, saving: 0.124449
Total time elapsed : 32729 us
Total saving: 0 bits
Original filesize: 178140, encoded filesize: 156159, saving: 0.123392
Total time elapsed : 55080 us
Total saving: 0 bits
Original filesize: 105443, encoded filesize: 88053, saving: 0.164923
Total time elapsed : 37947 us
Total saving: 0 bits
Original filesize: 94073, encoded filesize: 79117, saving: 0.158983
Total time elapsed : 34707 us
Total saving: 0 bits
Original filesize: 211836, encoded filesize: 186149, saving: 0.121259
Total time elapsed : 65314 us
		1200057 1038008 0.135034419198
	9
Total saving: 0 bits
Original filesize: 124476, encoded filesize: 106821, saving: 0.141835
Total time elapsed : 45927 us
Total saving: 0 bits
Original filesize: 99905, encoded filesize: 86923, saving: 0.129943
Total time elapsed : 34117 us
Total saving: 0 bits
Original filesize: 169671, encoded filesize: 148697, saving: 0.123616
Total time elapsed : 54603 us
Total saving: 0 bits
Original filesize: 131315, encoded filesize: 112839, saving: 0.140700
Total time elapsed : 51751 us
Total saving: 0 bits
Original filesize: 132395, encoded filesize: 117022, saving: 0.116115
Total time elapsed : 43070 us
Total saving: 0 bits
Original filesize: 172479, encoded filesize: 147957, saving: 0.142174
Total time elapsed : 54629 us
Total saving: 0 bits
Original filesize: 208386, encoded filesize: 181391, saving: 0.129543
Total time elapsed : 64663 us
Total saving: 0 bits
Original filesize: 47955, encoded filesize: 40545, saving: 0.154520
Total time elapsed : 25144 us
Total saving: 0 bits
Original filesize: 146039, encoded filesize: 128511, saving: 0.120023
Total time elapsed : 46608 us
Total saving: 0 bits
Original filesize: 122973, encoded filesize: 106351, saving: 0.135168
Total time elapsed : 39072 us
		1355594 1177057 0.131703887742
	14283814 12381089 0.133208469391
	 our 12381089, std 14696900, opt 14280652, ari 12995321, pro 14007279, moz 12802205
70
	0
Total saving: 0 bits
Original filesize: 171020, encoded filesize: 147310, saving: 0.138639
Total time elapsed : 61592 us
Total saving: 0 bits
Original filesize: 142681, encoded filesize: 123590, saving: 0.133802
Total time elapsed : 49557 us
Total saving: 0 bits
Original filesize: 162558, encoded filesize: 140430, saving: 0.136124
Total time elapsed : 61914 us
Total saving: 0 bits
Original filesize: 120778, encoded filesize: 105971, saving: 0.122597
Total time elapsed : 48397 us
Total saving: 0 bits
Original filesize: 138895, encoded filesize: 122856, saving: 0.115476
Total time elapsed : 52821 us
Total saving: 0 bits
Original filesize: 168612, encoded filesize: 145946, saving: 0.134427
Total time elapsed : 56056 us
Total saving: 0 bits
Original filesize: 50891, encoded filesize: 43880, saving: 0.137765
Total time elapsed : 25959 us
Total saving: 0 bits
Original filesize: 278327, encoded filesize: 240954, saving: 0.134277
Total time elapsed : 86385 us
Total saving: 0 bits
Original filesize: 163138, encoded filesize: 136368, saving: 0.164094
Total time elapsed : 74662 us
Total saving: 0 bits
Original filesize: 207380, encoded filesize: 181818, saving: 0.123262
Total time elapsed : 74690 us
		1604280 1389123 0.134114369063
	1
Total saving: 0 bits
Original filesize: 170696, encoded filesize: 148477, saving: 0.130167
Total time elapsed : 69956 us
Total saving: 0 bits
Original filesize: 52572, encoded filesize: 44252, saving: 0.158259
Total time elapsed : 28102 us
Total saving: 0 bits
Original filesize: 304503, encoded filesize: 263359, saving: 0.135119
Total time elapsed : 99200 us
Total saving: 0 bits
Original filesize: 204094, encoded filesize: 176175, saving: 0.136795
Total time elapsed : 71741 us
Total saving: 0 bits
Original filesize: 226378, encoded filesize: 198958, saving: 0.121125
Total time elapsed : 76765 us
Total saving: 0 bits
Original filesize: 257229, encoded filesize: 223177, saving: 0.132380
Total time elapsed : 86549 us
Total saving: 0 bits
Original filesize: 267845, encoded filesize: 233749, saving: 0.127298
Total time elapsed : 89434 us
Total saving: 0 bits
Original filesize: 208771, encoded filesize: 180083, saving: 0.137414
Total time elapsed : 76538 us
Total saving: 0 bits
Original filesize: 133175, encoded filesize: 110703, saving: 0.168740
Total time elapsed : 50489 us
Total saving: 0 bits
Original filesize: 298040, encoded filesize: 260569, saving: 0.125725
Total time elapsed : 95279 us
		2123303 1839502 0.133660151189
	2
Total saving: 0 bits
Original filesize: 163794, encoded filesize: 142682, saving: 0.128894
Total time elapsed : 60362 us
Total saving: 0 bits
Original filesize: 71412, encoded filesize: 60495, saving: 0.152873
Total time elapsed : 30916 us
Total saving: 0 bits
Original filesize: 160616, encoded filesize: 138477, saving: 0.137838
Total time elapsed : 60015 us
Total saving: 0 bits
Original filesize: 186543, encoded filesize: 156377, saving: 0.161711
Total time elapsed : 62426 us
Total saving: 0 bits
Original filesize: 97997, encoded filesize: 83340, saving: 0.149566
Total time elapsed : 41535 us
Total saving: 0 bits
Original filesize: 122267, encoded filesize: 104830, saving: 0.142614
Total time elapsed : 46871 us
Total saving: 0 bits
Original filesize: 115801, encoded filesize: 96916, saving: 0.163081
Total time elapsed : 46394 us
Total saving: 0 bits
Original filesize: 203641, encoded filesize: 177090, saving: 0.130381
Total time elapsed : 72469 us
Total saving: 0 bits
Original filesize: 135603, encoded filesize: 121348, saving: 0.105123
Total time elapsed : 50885 us
Total saving: 0 bits
Original filesize: 145903, encoded filesize: 124624, saving: 0.145843
Total time elapsed : 54686 us
		1403577 1206179 0.140639238175
	3
Total saving: 0 bits
Original filesize: 81893, encoded filesize: 70025, saving: 0.144921
Total time elapsed : 35622 us
Total saving: 0 bits
Original filesize: 188820, encoded filesize: 166716, saving: 0.117064
Total time elapsed : 85818 us
Total saving: 0 bits
Original filesize: 273366, encoded filesize: 238875, saving: 0.126172
Total time elapsed : 94647 us
Total saving: 0 bits
Original filesize: 171169, encoded filesize: 150446, saving: 0.121067
Total time elapsed : 60489 us
Total saving: 0 bits
Original filesize: 238448, encoded filesize: 209428, saving: 0.121704
Total time elapsed : 85050 us
Total saving: 0 bits
Original filesize: 101413, encoded filesize: 87511, saving: 0.137083
Total time elapsed : 39971 us
Total saving: 0 bits
Original filesize: 114771, encoded filesize: 96357, saving: 0.160441
Total time elapsed : 42377 us
Total saving: 0 bits
Original filesize: 224111, encoded filesize: 195609, saving: 0.127178
Total time elapsed : 73588 us
Total saving: 0 bits
Original filesize: 272905, encoded filesize: 234742, saving: 0.139840
Total time elapsed : 91075 us
Total saving: 0 bits
Original filesize: 334169, encoded filesize: 291235, saving: 0.128480
Total time elapsed : 111530 us
		2001065 1740944 0.129991279644
	4
Total saving: 0 bits
Original filesize: 187892, encoded filesize: 162946, saving: 0.132768
Total time elapsed : 68578 us
Total saving: 0 bits
Original filesize: 112002, encoded filesize: 95056, saving: 0.151301
Total time elapsed : 45475 us
Total saving: 0 bits
Original filesize: 187830, encoded filesize: 160341, saving: 0.146350
Total time elapsed : 73199 us
Total saving: 0 bits
Original filesize: 214203, encoded filesize: 189407, saving: 0.115759
Total time elapsed : 68497 us
Total saving: 0 bits
Original filesize: 143499, encoded filesize: 122757, saving: 0.144545
Total time elapsed : 54119 us
Total saving: 0 bits
Original filesize: 282703, encoded filesize: 244767, saving: 0.134190
Total time elapsed : 97641 us
Total saving: 0 bits
Original filesize: 227060, encoded filesize: 196778, saving: 0.133366
Total time elapsed : 76603 us
Total saving: 0 bits
Original filesize: 103136, encoded filesize: 89567, saving: 0.131564
Total time elapsed : 41437 us
Total saving: 0 bits
Original filesize: 193763, encoded filesize: 166009, saving: 0.143237
Total time elapsed : 65853 us
Total saving: 0 bits
Original filesize: 188169, encoded filesize: 165042, saving: 0.122905
Total time elapsed : 66194 us
		1840257 1592670 0.134539360535
	5
Total saving: 0 bits
Original filesize: 222418, encoded filesize: 192947, saving: 0.132503
Total time elapsed : 79038 us
Total saving: 0 bits
Original filesize: 245077, encoded filesize: 214580, saving: 0.124438
Total time elapsed : 84337 us
Total saving: 0 bits
Original filesize: 99399, encoded filesize: 85824, saving: 0.136571
Total time elapsed : 38561 us
Total saving: 0 bits
Original filesize: 124748, encoded filesize: 107917, saving: 0.134920
Total time elapsed : 48347 us
Total saving: 0 bits
Original filesize: 310898, encoded filesize: 271320, saving: 0.127302
Total time elapsed : 111123 us
Total saving: 0 bits
Original filesize: 116280, encoded filesize: 100477, saving: 0.135905
Total time elapsed : 47472 us
Total saving: 0 bits
Original filesize: 176106, encoded filesize: 148195, saving: 0.158490
Total time elapsed : 63489 us
Total saving: 0 bits
Original filesize: 171172, encoded filesize: 150044, saving: 0.123431
Total time elapsed : 60589 us
Total saving: 0 bits
Original filesize: 108259, encoded filesize: 93480, saving: 0.136515
Total time elapsed : 36991 us
Total saving: 0 bits
Original filesize: 58613, encoded filesize: 51254, saving: 0.125552
Total time elapsed : 30253 us
		1632970 1416038 0.132845061452
	6
Total saving: 0 bits
Original filesize: 128667, encoded filesize: 111601, saving: 0.132637
Total time elapsed : 48022 us
Total saving: 0 bits
Original filesize: 139676, encoded filesize: 118058, saving: 0.154772
Total time elapsed : 55138 us
Total saving: 0 bits
Original filesize: 92978, encoded filesize: 77964, saving: 0.161479
Total time elapsed : 38650 us
Total saving: 0 bits
Original filesize: 317486, encoded filesize: 276088, saving: 0.130393
Total time elapsed : 106920 us
Total saving: 0 bits
Original filesize: 123479, encoded filesize: 106157, saving: 0.140283
Total time elapsed : 47191 us
Total saving: 0 bits
Original filesize: 193064, encoded filesize: 167062, saving: 0.134681
Total time elapsed : 67415 us
Total saving: 0 bits
Original filesize: 152177, encoded filesize: 129404, saving: 0.149648
Total time elapsed : 55157 us
Total saving: 0 bits
Original filesize: 194594, encoded filesize: 167464, saving: 0.139418
Total time elapsed : 69241 us
Total saving: 0 bits
Original filesize: 187204, encoded filesize: 162468, saving: 0.132134
Total time elapsed : 66317 us
Total saving: 0 bits
Original filesize: 187477, encoded filesize: 167522, saving: 0.106440
Total time elapsed : 62254 us
		1716802 1483788 0.135725610758
	7
Total saving: 0 bits
Original filesize: 260568, encoded filesize: 226164, saving: 0.132035
Total time elapsed : 91339 us
Total saving: 0 bits
Original filesize: 143887, encoded filesize: 121666, saving: 0.154434
Total time elapsed : 53021 us
Total saving: 0 bits
Original filesize: 188425, encoded filesize: 158866, saving: 0.156874
Total time elapsed : 62215 us
Total saving: 0 bits
Original filesize: 198376, encoded filesize: 173042, saving: 0.127707
Total time elapsed : 69592 us
Total saving: 0 bits
Original filesize: 91180, encoded filesize: 75953, saving: 0.166999
Total time elapsed : 38404 us
Total saving: 0 bits
Original filesize: 136324, encoded filesize: 115525, saving: 0.152570
Total time elapsed : 52627 us
Total saving: 0 bits
Original filesize: 140625, encoded filesize: 123092, saving: 0.124679
Total time elapsed : 50678 us
Total saving: 0 bits
Original filesize: 194812, encoded filesize: 167490, saving: 0.140248
Total time elapsed : 68378 us
Total saving: 0 bits
Original filesize: 119094, encoded filesize: 103510, saving: 0.130855
Total time elapsed : 43882 us
Total saving: 0 bits
Original filesize: 295630, encoded filesize: 253868, saving: 0.141264
Total time elapsed : 99126 us
		1768921 1519176 0.141184937032
	8
Total saving: 0 bits
Original filesize: 185385, encoded filesize: 161030, saving: 0.131375
Total time elapsed : 69479 us
Total saving: 0 bits
Original filesize: 180098, encoded filesize: 152949, saving: 0.150746
Total time elapsed : 275140 us
Total saving: 0 bits
Original filesize: 57048, encoded filesize: 48837, saving: 0.143931
Total time elapsed : 27679 us
Total saving: 0 bits
Original filesize: 132655, encoded filesize: 117222, saving: 0.116339
Total time elapsed : 49685 us
Total saving: 0 bits
Original filesize: 91566, encoded filesize: 78934, saving: 0.137955
Total time elapsed : 37019 us
Total saving: 0 bits
Original filesize: 104545, encoded filesize: 90833, saving: 0.131159
Total time elapsed : 41419 us
Total saving: 0 bits
Original filesize: 209463, encoded filesize: 183426, saving: 0.124304
Total time elapsed : 73079 us
Total saving: 0 bits
Original filesize: 128274, encoded filesize: 107361, saving: 0.163034
Total time elapsed : 50433 us
Total saving: 0 bits
Original filesize: 113540, encoded filesize: 95864, saving: 0.155681
Total time elapsed : 43195 us
Total saving: 0 bits
Original filesize: 252714, encoded filesize: 220872, saving: 0.126000
Total time elapsed : 86083 us
		1455288 1257328 0.136028057677
	9
Total saving: 0 bits
Original filesize: 149672, encoded filesize: 128414, saving: 0.142031
Total time elapsed : 55343 us
Total saving: 0 bits
Original filesize: 121820, encoded filesize: 106547, saving: 0.125374
Total time elapsed : 47282 us
Total saving: 0 bits
Original filesize: 199957, encoded filesize: 174911, saving: 0.125257
Total time elapsed : 69350 us
Total saving: 0 bits
Original filesize: 160400, encoded filesize: 137297, saving: 0.144034
Total time elapsed : 62066 us
Total saving: 0 bits
Original filesize: 160407, encoded filesize: 140954, saving: 0.121273
Total time elapsed : 56942 us
Total saving: 0 bits
Original filesize: 202915, encoded filesize: 174408, saving: 0.140487
Total time elapsed : 69944 us
Total saving: 0 bits
Original filesize: 250171, encoded filesize: 217279, saving: 0.131478
Total time elapsed : 88268 us
Total saving: 0 bits
Original filesize: 61526, encoded filesize: 52169, saving: 0.152082
Total time elapsed : 28812 us
Total saving: 0 bits
Original filesize: 174551, encoded filesize: 153864, saving: 0.118516
Total time elapsed : 57835 us
Total saving: 0 bits
Original filesize: 144935, encoded filesize: 126068, saving: 0.130176
Total time elapsed : 50752 us
		1626354 1411911 0.131855057386
	17172817 14856659 0.134873503864
	 our 14856659, std 17521118, opt 17169655, ari 15691841, pro 16727574, moz 15200996
80
	0
Floating point exception (core dumped)
80
	0
Total saving: 0 bits
Original filesize: 219244, encoded filesize: 188540, saving: 0.140045
Total time elapsed : 99561 us
Total saving: 0 bits
Original filesize: 178159, encoded filesize: 155239, saving: 0.128649
Total time elapsed : 75213 us
Total saving: 0 bits
Original filesize: 207329, encoded filesize: 178744, saving: 0.137873
Total time elapsed : 90695 us
Total saving: 0 bits
Original filesize: 158406, encoded filesize: 139272, saving: 0.120791
Total time elapsed : 68491 us
Total saving: 0 bits
Original filesize: 177331, encoded filesize: 157110, saving: 0.114030
Total time elapsed : 77045 us
Total saving: 0 bits
Original filesize: 212264, encoded filesize: 183575, saving: 0.135157
Total time elapsed : 85891 us
Total saving: 0 bits
Original filesize: 75868, encoded filesize: 66427, saving: 0.124440
Total time elapsed : 46223 us
Total saving: 0 bits
Original filesize: 348624, encoded filesize: 301115, saving: 0.136276
Total time elapsed : 134679 us
Total saving: 0 bits
Original filesize: 208315, encoded filesize: 174185, saving: 0.163838
Total time elapsed : 86247 us
Total saving: 0 bits
Original filesize: 265472, encoded filesize: 232035, saving: 0.125953
Total time elapsed : 107513 us
		2051012 1776242 0.133968011889
	1
Total saving: 0 bits
Original filesize: 217494, encoded filesize: 188621, saving: 0.132753
Total time elapsed : 101033 us
Total saving: 0 bits
Original filesize: 67449, encoded filesize: 56979, saving: 0.155228
Total time elapsed : 40692 us
Total saving: 0 bits
Original filesize: 380385, encoded filesize: 326642, saving: 0.141286
Total time elapsed : 146142 us
Total saving: 0 bits
Original filesize: 261904, encoded filesize: 225459, saving: 0.139154
Total time elapsed : 109621 us
Total saving: 0 bits
Original filesize: 284671, encoded filesize: 249389, saving: 0.123940
Total time elapsed : 114453 us
Total saving: 0 bits
Original filesize: 324404, encoded filesize: 279567, saving: 0.138213
Total time elapsed : 128503 us
Total saving: 0 bits
Original filesize: 338542, encoded filesize: 293540, saving: 0.132929
Total time elapsed : 136125 us
Total saving: 0 bits
Original filesize: 263903, encoded filesize: 227814, saving: 0.136751
Total time elapsed : 527359 us
Total saving: 0 bits
Original filesize: 170892, encoded filesize: 142988, saving: 0.163284
Total time elapsed : 72129 us
Total saving: 0 bits
Original filesize: 369865, encoded filesize: 322014, saving: 0.129374
Total time elapsed : 142865 us
		2679509 2313013 0.136777297632
	2
Total saving: 0 bits
Original filesize: 212772, encoded filesize: 184148, saving: 0.134529
Total time elapsed : 106008 us
Total saving: 0 bits
Original filesize: 93883, encoded filesize: 78827, saving: 0.160370
Total time elapsed : 46773 us
Total saving: 0 bits
Original filesize: 206639, encoded filesize: 177898, saving: 0.139088
Total time elapsed : 86733 us
Total saving: 0 bits
Original filesize: 228611, encoded filesize: 191771, saving: 0.161147
Total time elapsed : 85689 us
Total saving: 0 bits
Original filesize: 131105, encoded filesize: 111252, saving: 0.151428
Total time elapsed : 63401 us
Total saving: 0 bits
Original filesize: 152652, encoded filesize: 130535, saving: 0.144885
Total time elapsed : 71837 us
Total saving: 0 bits
Original filesize: 145852, encoded filesize: 122819, saving: 0.157920
Total time elapsed : 70737 us
Total saving: 0 bits
Original filesize: 260996, encoded filesize: 225656, saving: 0.135404
Total time elapsed : 104521 us
Total saving: 0 bits
Original filesize: 185602, encoded filesize: 164842, saving: 0.111852
Total time elapsed : 79617 us
Total saving: 0 bits
Original filesize: 190665, encoded filesize: 162761, saving: 0.146351
Total time elapsed : 82598 us
		1808777 1550509 0.142785981909
	3
Total saving: 0 bits
Original filesize: 118071, encoded filesize: 101676, saving: 0.138857
Total time elapsed : 56982 us
Total saving: 0 bits
Original filesize: 235522, encoded filesize: 207964, saving: 0.117008
Total time elapsed : 91538 us
Total saving: 0 bits
Original filesize: 341105, encoded filesize: 296366, saving: 0.131159
Total time elapsed : 148487 us
Total saving: 0 bits
Original filesize: 222848, encoded filesize: 194737, saving: 0.126144
Total time elapsed : 94429 us
Total saving: 0 bits
Original filesize: 300948, encoded filesize: 263006, saving: 0.126075
Total time elapsed : 121237 us
Total saving: 0 bits
Original filesize: 133613, encoded filesize: 115394, saving: 0.136356
Total time elapsed : 59095 us
Total saving: 0 bits
Original filesize: 144297, encoded filesize: 121310, saving: 0.159303
Total time elapsed : 64479 us
Total saving: 0 bits
Original filesize: 278475, encoded filesize: 241442, saving: 0.132985
Total time elapsed : 107775 us
Total saving: 0 bits
Original filesize: 345153, encoded filesize: 296545, saving: 0.140830
Total time elapsed : 137141 us
Total saving: 0 bits
Original filesize: 411464, encoded filesize: 356406, saving: 0.133810
Total time elapsed : 154386 us
		2531496 2194846 0.132984606731
	4
Total saving: 0 bits
Original filesize: 238003, encoded filesize: 205883, saving: 0.134956
Total time elapsed : 98157 us
Total saving: 0 bits
Original filesize: 155137, encoded filesize: 131980, saving: 0.149268
Total time elapsed : 71482 us
Total saving: 0 bits
Original filesize: 239930, encoded filesize: 204605, saving: 0.147230
Total time elapsed : 104547 us
Total saving: 0 bits
Original filesize: 268170, encoded filesize: 236234, saving: 0.119089
Total time elapsed : 103673 us
Total saving: 0 bits
Original filesize: 176645, encoded filesize: 151571, saving: 0.141946
Total time elapsed : 82898 us
Total saving: 0 bits
Original filesize: 355729, encoded filesize: 306768, saving: 0.137636
Total time elapsed : 140225 us
Total saving: 0 bits
Original filesize: 284027, encoded filesize: 245926, saving: 0.134146
Total time elapsed : 112868 us
Total saving: 0 bits
Original filesize: 141708, encoded filesize: 123270, saving: 0.130113
Total time elapsed : 66643 us
Total saving: 0 bits
Original filesize: 245693, encoded filesize: 210982, saving: 0.141278
Total time elapsed : 100646 us
Total saving: 0 bits
Original filesize: 239467, encoded filesize: 209818, saving: 0.123812
Total time elapsed : 97818 us
		2344509 2027037 0.135410868544
	5
Total saving: 0 bits
Original filesize: 282797, encoded filesize: 244334, saving: 0.136009
Total time elapsed : 118150 us
Total saving: 0 bits
Original filesize: 313234, encoded filesize: 273510, saving: 0.126819
Total time elapsed : 130966 us
Total saving: 0 bits
Original filesize: 128905, encoded filesize: 112604, saving: 0.126457
Total time elapsed : 55198 us
Total saving: 0 bits
Original filesize: 159302, encoded filesize: 138115, saving: 0.132999
Total time elapsed : 68974 us
Total saving: 0 bits
Original filesize: 390219, encoded filesize: 338450, saving: 0.132667
Total time elapsed : 154197 us
Total saving: 0 bits
Original filesize: 158520, encoded filesize: 136790, saving: 0.137080
Total time elapsed : 73066 us
Total saving: 0 bits
Original filesize: 227290, encoded filesize: 190920, saving: 0.160016
Total time elapsed : 92984 us
Total saving: 0 bits
Original filesize: 220542, encoded filesize: 192109, saving: 0.128923
Total time elapsed : 92951 us
Total saving: 0 bits
Original filesize: 140700, encoded filesize: 121311, saving: 0.137804
Total time elapsed : 61945 us
Total saving: 0 bits
Original filesize: 84166, encoded filesize: 73724, saving: 0.124064
Total time elapsed : 44734 us
		2105675 1821867 0.134782433187
	6
Total saving: 0 bits
Original filesize: 172893, encoded filesize: 149174, saving: 0.137189
Total time elapsed : 84841 us
Total saving: 0 bits
Original filesize: 173973, encoded filesize: 146570, saving: 0.157513
Total time elapsed : 76627 us
Total saving: 0 bits
Original filesize: 114832, encoded filesize: 96142, saving: 0.162760
Total time elapsed : 53782 us
Total saving: 0 bits
Original filesize: 399247, encoded filesize: 345020, saving: 0.135823
Total time elapsed : 172924 us
Total saving: 0 bits
Original filesize: 156909, encoded filesize: 135310, saving: 0.137653
Total time elapsed : 68651 us
Total saving: 0 bits
Original filesize: 242630, encoded filesize: 210334, saving: 0.133108
Total time elapsed : 104595 us
Total saving: 0 bits
Original filesize: 189299, encoded filesize: 161304, saving: 0.147888
Total time elapsed : 79785 us
Total saving: 0 bits
Original filesize: 246231, encoded filesize: 212063, saving: 0.138764
Total time elapsed : 101107 us
Total saving: 0 bits
Original filesize: 240020, encoded filesize: 208432, saving: 0.131606
Total time elapsed : 99786 us
Total saving: 0 bits
Original filesize: 236509, encoded filesize: 209609, saving: 0.113738
Total time elapsed : 92176 us
		2172543 1873958 0.137435714736
	7
Total saving: 0 bits
Original filesize: 326495, encoded filesize: 282198, saving: 0.135674
Total time elapsed : 143875 us
Total saving: 0 bits
Original filesize: 187503, encoded filesize: 158256, saving: 0.155982
Total time elapsed : 80705 us
Total saving: 0 bits
Original filesize: 235836, encoded filesize: 198965, saving: 0.156342
Total time elapsed : 91198 us
Total saving: 0 bits
Original filesize: 246113, encoded filesize: 214330, saving: 0.129140
Total time elapsed : 97904 us
Total saving: 0 bits
Original filesize: 121677, encoded filesize: 102321, saving: 0.159077
Total time elapsed : 582461 us
Total saving: 0 bits
Original filesize: 180864, encoded filesize: 153180, saving: 0.153065
Total time elapsed : 77545 us
Total saving: 0 bits
Original filesize: 180595, encoded filesize: 157394, saving: 0.128470
Total time elapsed : 75155 us
Total saving: 0 bits
Original filesize: 247103, encoded filesize: 212247, saving: 0.141059
Total time elapsed : 102640 us
Total saving: 0 bits
Original filesize: 152307, encoded filesize: 132272, saving: 0.131544
Total time elapsed : 64619 us
Total saving: 0 bits
Original filesize: 370600, encoded filesize: 316510, saving: 0.145953
Total time elapsed : 146883 us
		2249093 1927673 0.142910942322
	8
Total saving: 0 bits
Original filesize: 234773, encoded filesize: 205073, saving: 0.126505
Total time elapsed : 101301 us
Total saving: 0 bits
Original filesize: 226451, encoded filesize: 192115, saving: 0.151627
Total time elapsed : 104496 us
Total saving: 0 bits
Original filesize: 89259, encoded filesize: 77275, saving: 0.134261
Total time elapsed : 48212 us
Total saving: 0 bits
Original filesize: 183304, encoded filesize: 160540, saving: 0.124187
Total time elapsed : 77780 us
Total saving: 0 bits
Original filesize: 120650, encoded filesize: 104288, saving: 0.135615
Total time elapsed : 55068 us
Total saving: 0 bits
Original filesize: 136340, encoded filesize: 117968, saving: 0.134751
Total time elapsed : 61133 us
Total saving: 0 bits
Original filesize: 258790, encoded filesize: 225772, saving: 0.127586
Total time elapsed : 100764 us
Total saving: 0 bits
Original filesize: 169793, encoded filesize: 142183, saving: 0.162610
Total time elapsed : 74333 us
Total saving: 0 bits
Original filesize: 145675, encoded filesize: 123726, saving: 0.150671
Total time elapsed : 63577 us
Total saving: 0 bits
Original filesize: 317843, encoded filesize: 275987, saving: 0.131688
Total time elapsed : 125726 us
		1882878 1624927 0.136998254799
	9
Total saving: 0 bits
Original filesize: 191071, encoded filesize: 163613, saving: 0.143706
Total time elapsed : 80473 us
Total saving: 0 bits
Original filesize: 160555, encoded filesize: 140454, saving: 0.125197
Total time elapsed : 67419 us
Total saving: 0 bits
Original filesize: 248149, encoded filesize: 215974, saving: 0.129660
Total time elapsed : 103404 us
Total saving: 0 bits
Original filesize: 209110, encoded filesize: 178591, saving: 0.145947
Total time elapsed : 94261 us
Total saving: 0 bits
Original filesize: 206426, encoded filesize: 179372, saving: 0.131059
Total time elapsed : 84237 us
Total saving: 0 bits
Original filesize: 252136, encoded filesize: 216107, saving: 0.142895
Total time elapsed : 101509 us
Total saving: 0 bits
Original filesize: 316520, encoded filesize: 274025, saving: 0.134257
Total time elapsed : 128418 us
Total saving: 0 bits
Original filesize: 88110, encoded filesize: 75675, saving: 0.141130
Total time elapsed : 44137 us
Total saving: 0 bits
Original filesize: 221481, encoded filesize: 195713, saving: 0.116344
Total time elapsed : 88647 us
Total saving: 0 bits
Original filesize: 182818, encoded filesize: 159937, saving: 0.125157
Total time elapsed : 73000 us
		2076376 1799461 0.133364573661
	21901868 18909533 0.136624647724
	 our 18909533, std 22222095, opt 21898706, ari 20119729, pro 21123365, moz 19820801
90
	0
Total saving: 0 bits
Original filesize: 411854, encoded filesize: 364523, saving: 0.114922
Total time elapsed : 229759 us
Total saving: 0 bits
Original filesize: 341867, encoded filesize: 299008, saving: 0.125367
Total time elapsed : 132654 us
Total saving: 0 bits
Original filesize: 395944, encoded filesize: 344362, saving: 0.130276
Total time elapsed : 972091 us
Total saving: 0 bits
Original filesize: 322142, encoded filesize: 286036, saving: 0.112081
Total time elapsed : 126350 us
Total saving: 0 bits
Original filesize: 328414, encoded filesize: 290674, saving: 0.114916
Total time elapsed : 131073 us
Total saving: 0 bits
Original filesize: 437733, encoded filesize: 376504, saving: 0.139878
Total time elapsed : 158830 us
Total saving: 0 bits
Original filesize: 192345, encoded filesize: 166225, saving: 0.135798
Total time elapsed : 135030 us
Total saving: 0 bits
Original filesize: 615172, encoded filesize: 536855, saving: 0.127309
Total time elapsed : 213982 us
Total saving: 0 bits
Original filesize: 402431, encoded filesize: 344276, saving: 0.144509
Total time elapsed : 152497 us
Total saving: 0 bits
Original filesize: 479735, encoded filesize: 425022, saving: 0.114048
Total time elapsed : 178304 us
		3927637 3433485 0.125814070903
	1
Total saving: 0 bits
Original filesize: 435448, encoded filesize: 376502, saving: 0.135369
Total time elapsed : 173650 us
Total saving: 0 bits
Original filesize: 161647, encoded filesize: 141880, saving: 0.122285
Total time elapsed : 81028 us
Total saving: 0 bits
Original filesize: 726476, encoded filesize: 636052, saving: 0.124469
Total time elapsed : 251251 us
Total saving: 0 bits
Original filesize: 504078, encoded filesize: 436861, saving: 0.133346
Total time elapsed : 191885 us
Total saving: 0 bits
Original filesize: 519635, encoded filesize: 456999, saving: 0.120538
Total time elapsed : 195073 us
Total saving: 0 bits
Original filesize: 629336, encoded filesize: 547630, saving: 0.129829
Total time elapsed : 230922 us
Total saving: 0 bits
Original filesize: 619685, encoded filesize: 542192, saving: 0.125052
Total time elapsed : 221809 us
Total saving: 0 bits
Original filesize: 488713, encoded filesize: 426626, saving: 0.127042
Total time elapsed : 1046929 us
Total saving: 0 bits
Original filesize: 348096, encoded filesize: 295756, saving: 0.150361
Total time elapsed : 131546 us
Total saving: 0 bits
Original filesize: 690321, encoded filesize: 603852, saving: 0.125259
Total time elapsed : 238241 us
		5123435 4464350 0.12864123386
	2
Total saving: 0 bits
Original filesize: 419215, encoded filesize: 363306, saving: 0.133366
Total time elapsed : 1388787 us
Total saving: 0 bits
Original filesize: 185448, encoded filesize: 156441, saving: 0.156416
Total time elapsed : 84290 us
Total saving: 0 bits
Original filesize: 385194, encoded filesize: 339102, saving: 0.119659
Total time elapsed : 133613 us
Total saving: 0 bits
Original filesize: 433748, encoded filesize: 370797, saving: 0.145133
Total time elapsed : 132412 us
Total saving: 0 bits
Original filesize: 294970, encoded filesize: 254128, saving: 0.138462
Total time elapsed : 125128 us
Total saving: 0 bits
Original filesize: 273277, encoded filesize: 234756, saving: 0.140960
Total time elapsed : 118504 us
Total saving: 0 bits
Original filesize: 301790, encoded filesize: 259021, saving: 0.141718
Total time elapsed : 126163 us
Total saving: 0 bits
Original filesize: 495227, encoded filesize: 433918, saving: 0.123800
Total time elapsed : 183334 us
Total saving: 0 bits
Original filesize: 373594, encoded filesize: 337609, saving: 0.096321
Total time elapsed : 144467 us
Total saving: 0 bits
Original filesize: 373656, encoded filesize: 322965, saving: 0.135662
Total time elapsed : 146607 us
		3536119 3072043 0.131238795979
	3
Total saving: 0 bits
Original filesize: 271803, encoded filesize: 234813, saving: 0.136091
Total time elapsed : 101896 us
Total saving: 0 bits
Original filesize: 448557, encoded filesize: 395375, saving: 0.118562
Total time elapsed : 148658 us
Total saving: 0 bits
Original filesize: 671255, encoded filesize: 587056, saving: 0.125435
Total time elapsed : 216606 us
Total saving: 0 bits
Original filesize: 447897, encoded filesize: 394745, saving: 0.118670
Total time elapsed : 177244 us
Total saving: 0 bits
Original filesize: 580614, encoded filesize: 513817, saving: 0.115045
Total time elapsed : 220915 us
Total saving: 0 bits
Original filesize: 291043, encoded filesize: 251656, saving: 0.135331
Total time elapsed : 100085 us
Total saving: 0 bits
Original filesize: 278222, encoded filesize: 235754, saving: 0.152641
Total time elapsed : 96037 us
Total saving: 0 bits
Original filesize: 530468, encoded filesize: 461827, saving: 0.129397
Total time elapsed : 165768 us
Total saving: 0 bits
Original filesize: 612583, encoded filesize: 532982, saving: 0.129943
Total time elapsed : 194153 us
Total saving: 0 bits
Original filesize: 738634, encoded filesize: 645827, saving: 0.125647
Total time elapsed : 229875 us
		4871076 4253852 0.126712044731
	4
Total saving: 0 bits
Original filesize: 442632, encoded filesize: 385418, saving: 0.129259
Total time elapsed : 143175 us
Total saving: 0 bits
Original filesize: 328211, encoded filesize: 284343, saving: 0.133658
Total time elapsed : 120823 us
Total saving: 0 bits
Original filesize: 444635, encoded filesize: 383301, saving: 0.137942
Total time elapsed : 151887 us
Total saving: 0 bits
Original filesize: 549991, encoded filesize: 491035, saving: 0.107194
Total time elapsed : 190968 us
Total saving: 0 bits
Original filesize: 318214, encoded filesize: 280561, saving: 0.118326
Total time elapsed : 111781 us
Total saving: 0 bits
Original filesize: 684515, encoded filesize: 598065, saving: 0.126294
Total time elapsed : 216741 us
Total saving: 0 bits
Original filesize: 548563, encoded filesize: 474337, saving: 0.135310
Total time elapsed : 174163 us
Total saving: 0 bits
Original filesize: 332476, encoded filesize: 290834, saving: 0.125248
Total time elapsed : 118798 us
Total saving: 0 bits
Original filesize: 449116, encoded filesize: 389484, saving: 0.132776
Total time elapsed : 142362 us
Total saving: 0 bits
Original filesize: 440861, encoded filesize: 390289, saving: 0.114712
Total time elapsed : 147331 us
		4539214 3967667 0.125913208763
	5
Total saving: 0 bits
Original filesize: 557077, encoded filesize: 485495, saving: 0.128496
Total time elapsed : 219467 us
Total saving: 0 bits
Original filesize: 621650, encoded filesize: 546292, saving: 0.121223
Total time elapsed : 196833 us
Total saving: 0 bits
Original filesize: 288992, encoded filesize: 252158, saving: 0.127457
Total time elapsed : 107868 us
Total saving: 0 bits
Original filesize: 325060, encoded filesize: 282769, saving: 0.130102
Total time elapsed : 116466 us
Total saving: 0 bits
Original filesize: 716709, encoded filesize: 631249, saving: 0.119239
Total time elapsed : 226650 us
Total saving: 0 bits
Original filesize: 341869, encoded filesize: 296039, saving: 0.134057
Total time elapsed : 118896 us
Total saving: 0 bits
Original filesize: 429735, encoded filesize: 368247, saving: 0.143084
Total time elapsed : 143730 us
Total saving: 0 bits
Original filesize: 415692, encoded filesize: 364555, saving: 0.123017
Total time elapsed : 139818 us
Total saving: 0 bits
Original filesize: 314272, encoded filesize: 271719, saving: 0.135402
Total time elapsed : 111814 us
Total saving: 0 bits
Original filesize: 196901, encoded filesize: 173335, saving: 0.119685
Total time elapsed : 78073 us
		4207957 3671858 0.127401254338
	6
Total saving: 0 bits
Original filesize: 405893, encoded filesize: 348192, saving: 0.142158
Total time elapsed : 133607 us
Total saving: 0 bits
Original filesize: 352855, encoded filesize: 299055, saving: 0.152471
Total time elapsed : 132375 us
Total saving: 0 bits
Original filesize: 234066, encoded filesize: 201482, saving: 0.139209
Total time elapsed : 87154 us
Total saving: 0 bits
Original filesize: 748689, encoded filesize: 654706, saving: 0.125530
Total time elapsed : 230319 us
Total saving: 0 bits
Original filesize: 297242, encoded filesize: 257476, saving: 0.133783
Total time elapsed : 106492 us
Total saving: 0 bits
Original filesize: 459940, encoded filesize: 398517, saving: 0.133546
Total time elapsed : 149321 us
Total saving: 0 bits
Original filesize: 362719, encoded filesize: 316679, saving: 0.126930
Total time elapsed : 121342 us
Total saving: 0 bits
Original filesize: 462336, encoded filesize: 401571, saving: 0.131430
Total time elapsed : 152146 us
Total saving: 0 bits
Original filesize: 488790, encoded filesize: 423804, saving: 0.132953
Total time elapsed : 153377 us
Total saving: 0 bits
Original filesize: 476832, encoded filesize: 421552, saving: 0.115932
Total time elapsed : 951611 us
		4289362 3723034 0.132030824165
	7
Total saving: 0 bits
Original filesize: 589708, encoded filesize: 513259, saving: 0.129639
Total time elapsed : 214323 us
Total saving: 0 bits
Original filesize: 405339, encoded filesize: 346921, saving: 0.144121
Total time elapsed : 141696 us
Total saving: 0 bits
Original filesize: 439668, encoded filesize: 374153, saving: 0.149010
Total time elapsed : 146592 us
Total saving: 0 bits
Original filesize: 471468, encoded filesize: 411140, saving: 0.127958
Total time elapsed : 149597 us
Total saving: 0 bits
Original filesize: 279944, encoded filesize: 240889, saving: 0.139510
Total time elapsed : 102130 us
Total saving: 0 bits
Original filesize: 417093, encoded filesize: 355691, saving: 0.147214
Total time elapsed : 139833 us
Total saving: 0 bits
Original filesize: 387185, encoded filesize: 334269, saving: 0.136669
Total time elapsed : 125571 us
Total saving: 0 bits
Original filesize: 441074, encoded filesize: 382321, saving: 0.133204
Total time elapsed : 146871 us
Total saving: 0 bits
Original filesize: 294465, encoded filesize: 258439, saving: 0.122344
Total time elapsed : 100321 us
Total saving: 0 bits
Original filesize: 685773, encoded filesize: 595104, saving: 0.132214
Total time elapsed : 207414 us
		4411717 3812186 0.135895162813
	8
Total saving: 0 bits
Original filesize: 443133, encoded filesize: 387872, saving: 0.124705
Total time elapsed : 157877 us
Total saving: 0 bits
Original filesize: 415772, encoded filesize: 358903, saving: 0.136779
Total time elapsed : 139302 us
Total saving: 0 bits
Original filesize: 272303, encoded filesize: 237216, saving: 0.128853
Total time elapsed : 96210 us
Total saving: 0 bits
Original filesize: 446437, encoded filesize: 394334, saving: 0.116709
Total time elapsed : 145103 us
Total saving: 0 bits
Original filesize: 303073, encoded filesize: 262932, saving: 0.132447
Total time elapsed : 101968 us
Total saving: 0 bits
Original filesize: 276555, encoded filesize: 238967, saving: 0.135915
Total time elapsed : 98370 us
Total saving: 0 bits
Original filesize: 475243, encoded filesize: 417883, saving: 0.120696
Total time elapsed : 155775 us
Total saving: 0 bits
Original filesize: 346701, encoded filesize: 296894, saving: 0.143660
Total time elapsed : 133732 us
Total saving: 0 bits
Original filesize: 271164, encoded filesize: 233433, saving: 0.139145
Total time elapsed : 98548 us
Total saving: 0 bits
Original filesize: 623631, encoded filesize: 544001, saving: 0.127688
Total time elapsed : 194894 us
		3874012 3372435 0.12947223705
	9
Total saving: 0 bits
Original filesize: 387990, encoded filesize: 331519, saving: 0.145548
Total time elapsed : 129013 us
Total saving: 0 bits
Original filesize: 320807, encoded filesize: 282906, saving: 0.118143
Total time elapsed : 114733 us
Total saving: 0 bits
Original filesize: 473163, encoded filesize: 413603, saving: 0.125876
Total time elapsed : 148301 us
Total saving: 0 bits
Original filesize: 415471, encoded filesize: 357187, saving: 0.140284
Total time elapsed : 137455 us
Total saving: 0 bits
Original filesize: 458020, encoded filesize: 395757, saving: 0.135939
Total time elapsed : 145014 us
Total saving: 0 bits
Original filesize: 480521, encoded filesize: 416666, saving: 0.132887
Total time elapsed : 153640 us
Total saving: 0 bits
Original filesize: 571020, encoded filesize: 494040, saving: 0.134811
Total time elapsed : 178495 us
Total saving: 0 bits
Original filesize: 240530, encoded filesize: 208543, saving: 0.132985
Total time elapsed : 323969 us
Total saving: 0 bits
Original filesize: 448854, encoded filesize: 392276, saving: 0.126050
Total time elapsed : 153281 us
Total saving: 0 bits
Original filesize: 395388, encoded filesize: 346771, saving: 0.122960
Total time elapsed : 127023 us
		4191764 3639268 0.131805130251
	42972293 37410178 0.129434912864
	 our 37410178, std 43237001, opt 42969131, ari 39168937, pro 41255235, moz 31728202
