50 12426205
Our:
total encoding time: 3424241 ms ( 34.24241 ms per image) 0.315121689317
total decoding time: 2750286 ms ( 27.50286 ms per image) 0.298873475055
Opt:
total encoding time: 2075441 ms ( 20.75441 ms per image) 0.128552100795
total decoding time: 1354609 ms ( 13.54609 ms per image) 0.175718586872
Ari:
total encoding time: 2986220 ms ( 29.8622 ms per image) 0.26077768908
total decoding time: 2957203 ms ( 29.57203 ms per image) 0.272831767887
Pro:
total encoding time: 8350624 ms ( 83.50624 ms per image) 0.128552100795
total decoding time: 2248861 ms ( 22.48861 ms per image) 0.175718586872
Moz:
total encoding time: 17240000 ms ( 172.4 ms per image) 0.14745505193
total decoding time: 2111046 ms ( 21.11046 ms per image) 0.170781821746
Pjg:
total encoding time: 12490000 ms ( 124.9 ms per image) 0.304558220661
total decoding time: 13280000 ms ( 132.8 ms per image) 0.297621760697
Rsz:
total rsz time: 16800000 ms ( 168.0 ms per image) 0.0238095238095


55 13258027
Our:
total encoding time: 3610676 ms ( 36.10676 ms per image) 0.318561829016
total decoding time: 2889820 ms ( 28.8982 ms per image) 0.301554827339
Opt:
total encoding time: 2110219 ms ( 21.10219 ms per image) 0.112992777047
total decoding time: 1406509 ms ( 14.06509 ms per image) 0.180527561839
Ari:
total encoding time: 3114906 ms ( 31.14906 ms per image) 0.264873687643
total decoding time: 3092865 ms ( 30.92865 ms per image) 0.271536047872
Pro:
total encoding time: 8471297 ms ( 84.71297 ms per image) 0.112992777047
total decoding time: 2308362 ms ( 23.08362 ms per image) 0.180527561839
Moz:
total encoding time: 17740000 ms ( 177.4 ms per image) 0.163106537725
total decoding time: 2180555 ms ( 21.80555 ms per image) 0.16855506943
Pjg:
total encoding time: 13210000 ms ( 132.1 ms per image) 0.297318845822
total decoding time: 13960000 ms ( 139.6 ms per image) 0.300675342677
Rsz:
total rsz time: 16820000 ms ( 168.2 ms per image) 0.0243394643168


60 14283814
Our:
total encoding time: 3856529 ms ( 38.56529 ms per image) 0.32101463747
total decoding time: 3069793 ms ( 30.69793 ms per image) 0.304094084982
Opt:
total encoding time: 2150760 ms ( 21.5076 ms per image) 0.127340480861
total decoding time: 1411046 ms ( 14.11046 ms per image) 0.182844938262
Ari:
total encoding time: 3267843 ms ( 32.67843 ms per image) 0.258175159443
total decoding time: 3259763 ms ( 32.59763 ms per image) 0.277407736759
Pro:
total encoding time: 8597616 ms ( 85.97616 ms per image) 0.127340480861
total decoding time: 2377791 ms ( 23.77791 ms per image) 0.182844938262
Moz:
total encoding time: 18450000 ms ( 184.5 ms per image) 0.160121097525
total decoding time: 2238215 ms ( 22.38215 ms per image) 0.156697432301
Pjg:
total encoding time: 13830000 ms ( 138.3 ms per image) 0.299187642606
total decoding time: 14770000 ms ( 147.7 ms per image) 0.30382112538
Rsz:
total rsz time: 16780000 ms ( 167.8 ms per image) 0.0260858982458


65 15584239
Our:
total encoding time: 4143460 ms ( 41.4346 ms per image) 0.323393162104
total decoding time: 3273785 ms ( 32.73785 ms per image) 0.308096685518
Opt:
total encoding time: 2218575 ms ( 22.18575 ms per image) 0.145968043253
total decoding time: 1439188 ms ( 14.39188 ms per image) 0.175620537992
Ari:
total encoding time: 3444447 ms ( 34.44447 ms per image) 0.253890036846
total decoding time: 3465824 ms ( 34.65824 ms per image) 0.29054944954
Pro:
total encoding time: 8692476 ms ( 86.92476 ms per image) 0.145968043253
total decoding time: 2440320 ms ( 24.4032 ms per image) 0.175620537992
Moz:
total encoding time: 18960000 ms ( 189.6 ms per image) 0.168102557906
total decoding time: 2298091 ms ( 22.98091 ms per image) 0.166178457266
Pjg:
total encoding time: 14990000 ms ( 149.9 ms per image) 0.30300300009
total decoding time: 15790000 ms ( 157.9 ms per image) 0.305738977865
Rsz:
total rsz time: 16830000 ms ( 168.3 ms per image) 0.0223192394189


70 17172817
Our:
total encoding time: 4501233 ms ( 45.01233 ms per image) 0.323019558255
total decoding time: 3554458 ms ( 35.54458 ms per image) 0.306794296663
Opt:
total encoding time: 2274245 ms ( 22.74245 ms per image) 0.153730698219
total decoding time: 1502240 ms ( 15.0224 ms per image) 0.190529516868
Ari:
total encoding time: 3676002 ms ( 36.76002 ms per image) 0.267815709473
total decoding time: 3727970 ms ( 37.2797 ms per image) 0.281935930323
Pro:
total encoding time: 8857343 ms ( 88.57343 ms per image) 0.153730698219
total decoding time: 2504793 ms ( 25.04793 ms per image) 0.190529516868
Moz:
total encoding time: 19800000 ms ( 198.0 ms per image) 0.16962480428
total decoding time: 2378522 ms ( 23.78522 ms per image) 0.169020032364
Pjg:
total encoding time: 15840000 ms ( 158.4 ms per image) 0.304698690028
total decoding time: 16870000 ms ( 168.7 ms per image) 0.308541983703
Rsz:
total rsz time: 16860000 ms ( 168.6 ms per image) 0.0222241921651


75 19082637
Our:
total encoding time: 4934870 ms ( 49.3487 ms per image) 0.31973526899
total decoding time: 3857405 ms ( 38.57405 ms per image) 0.304036960033
Opt:
total encoding time: 2332399 ms ( 23.32399 ms per image) 0.13977010096
total decoding time: 1576741 ms ( 15.76741 ms per image) 0.168853368117
Ari:
total encoding time: 4008738 ms ( 40.08738 ms per image) 0.25861300994
total decoding time: 4034701 ms ( 40.34701 ms per image) 0.282947441978
Pro:
total encoding time: 9066473 ms ( 90.66473 ms per image) 0.13977010096
total decoding time: 2589918 ms ( 25.89918 ms per image) 0.168853368117
Moz:
total encoding time: 20830000 ms ( 208.3 ms per image) 0.166172470481
total decoding time: 2535245 ms ( 25.35245 ms per image) 0.172612215667
Pjg:
total encoding time: 17280000 ms ( 172.8 ms per image) 0.29802735073
total decoding time: 18350000 ms ( 183.5 ms per image) 0.308215220013
Rsz:
total rsz time: 16890000 ms ( 168.9 ms per image) 0.0185251484277


80 21901868
Our:
total encoding time: 5516785 ms ( 55.16785 ms per image) 0.310549703814
total decoding time: 4330221 ms ( 43.30221 ms per image) 0.2985324436
Opt:
total encoding time: 2415099 ms ( 24.15099 ms per image) 0.143574585577
total decoding time: 1639413 ms ( 16.39413 ms per image) 0.17656605219
Ari:
total encoding time: 4381536 ms ( 43.81536 ms per image) 0.257262460477
total decoding time: 4483160 ms ( 44.8316 ms per image) 0.282774549364
Pro:
total encoding time: 9363585 ms ( 93.63585 ms per image) 0.143574585577
total decoding time: 2720257 ms ( 27.20257 ms per image) 0.17656605219
Moz:
total encoding time: 22510000 ms ( 225.1 ms per image) 0.164850359344
total decoding time: 2788000 ms ( 27.88 ms per image) 0.175569291944
Pjg:
total encoding time: 19360000 ms ( 193.6 ms per image) 0.296320179065
total decoding time: 20590000 ms ( 205.9 ms per image) 0.302920775478
Rsz:
total rsz time: 16940000 ms ( 169.4 ms per image) 0.0201401677795


85 26002672
Our:
total encoding time: 6311513 ms ( 63.11513 ms per image) 0.293431554968
total decoding time: 4987843 ms ( 49.87843 ms per image) 0.284029113409
Opt:
total encoding time: 2629655 ms ( 26.29655 ms per image) 0.141248846352
total decoding time: 1758713 ms ( 17.58713 ms per image) 0.175165652937
Ari:
total encoding time: 5002694 ms ( 50.02694 ms per image) 0.257972333569
total decoding time: 5137561 ms ( 51.37561 ms per image) 0.282444198277
Pro:
total encoding time: 9747414 ms ( 97.47414 ms per image) 0.141248846352
total decoding time: 2893375 ms ( 28.93375 ms per image) 0.175165652937
Moz:
total encoding time: 23990000 ms ( 239.9 ms per image) 0.161817295073
total decoding time: 3055028 ms ( 30.55028 ms per image) 0.200464424269
Pjg:
total encoding time: 22320000 ms ( 223.2 ms per image) 0.286239485393
total decoding time: 23950000 ms ( 239.5 ms per image) 0.295560130622
Rsz:
total rsz time: 17060000 ms ( 170.6 ms per image) 0.0181995014024


90 33156284
Our:
total encoding time: 7574322 ms ( 75.74322 ms per image) 0.266824363742
total decoding time: 6029236 ms ( 60.29236 ms per image) 0.262386768146
Opt:
total encoding time: 2858137 ms ( 28.58137 ms per image) 0.13719386536
total decoding time: 1941204 ms ( 19.41204 ms per image) 0.17197539383
Ari:
total encoding time: 5997451 ms ( 59.97451 ms per image) 0.254134918054
total decoding time: 6277096 ms ( 62.77096 ms per image) 0.271300060134
Pro:
total encoding time: 10427198 ms ( 104.27198 ms per image) 0.13719386536
total decoding time: 3211951 ms ( 32.11951 ms per image) 0.17197539383
Moz:
total encoding time: 26580000 ms ( 265.8 ms per image) 0.140888252125
total decoding time: 3492567 ms ( 34.92567 ms per image) 0.166012343974
Pjg:
total encoding time: 27400000 ms ( 274.0 ms per image) 0.270467260053
total decoding time: 29440000 ms ( 294.4 ms per image) 0.28134843898
Rsz:
total rsz time: 17120000 ms ( 171.2 ms per image) 0.0264854767494


95 48671131
Our:
total encoding time: 10086708 ms ( 100.86708 ms per image) 0.214323076195
total decoding time: 8219066 ms ( 82.19066 ms per image) 0.221321770295
Opt:
total encoding time: 3372994 ms ( 33.72994 ms per image) 0.140235616298
total decoding time: 2343148 ms ( 23.43148 ms per image) 0.149045909394
Ari:
total encoding time: 8182349 ms ( 81.82349 ms per image) 0.237849314135
total decoding time: 8779018 ms ( 87.79018 ms per image) 0.253625935266
Pro:
total encoding time: 11865999 ms ( 118.65999 ms per image) 0.140235616298
total decoding time: 3883255 ms ( 38.83255 ms per image) 0.149045909394
Moz:
total encoding time: 31490000 ms ( 314.9 ms per image) 0.151133410852
total decoding time: 4291122 ms ( 42.91122 ms per image) 0.177229674271
Pjg:
total encoding time: 38290000 ms ( 382.9 ms per image) 0.246639557919
total decoding time: 41550000 ms ( 415.5 ms per image) 0.251463904324
Rsz:
total rsz time: 17390000 ms ( 173.9 ms per image) 0.0280477248954


