75 75 75
74
size 189842.37 psnr 0.0 ssim 0.99622727
73
size 188375.9 psnr 0.0 ssim 0.99560499
72
size 186396.83 psnr 0.0 ssim 0.9953184
71
size 185758.81 psnr 0.0 ssim 0.9951906
70
size 183811.64 psnr 0.0 ssim 0.9948268
69
size 182463.8 psnr 0.0 ssim 0.99455685
68
size 180983.09 psnr 0.0 ssim 0.99434518
67
size 178163.8 psnr 0.0 ssim 0.99392433
66
size 175333.09 psnr 0.0 ssim 0.99374659
65
size 173224.88 psnr 0.0 ssim 0.99358143
64
size 170543.62 psnr 0.0 ssim 0.99330024
63
size 169131.84 psnr 0.0 ssim 0.99316485
62
size 168026.01 psnr 0.0 ssim 0.99290141
61
size 167015.3 psnr 0.0 ssim 0.99273081
60
size 165782.65 psnr 0.0 ssim 0.99211103
59
size 165262.95 psnr 0.0 ssim 0.99190713
58
size 164510.47 psnr 0.0 ssim 0.99169224
57
size 163101.12 psnr 0.0 ssim 0.99120449
56
size 161248.76 psnr 0.0 ssim 0.99078329
55
size 160005.83 psnr 0.0 ssim 0.99040325
54
size 158503.97 psnr 0.0 ssim 0.99013957
53
size 157277.48 psnr 0.0 ssim 0.98993176
52
size 154178.23 psnr 0.0 ssim 0.98939929
51
size 144302.36 psnr 0.0 ssim 0.98841008
50
size 140915.49 psnr 0.0 ssim 0.98850176
49
size 133943.29 psnr 0.0 ssim 0.98889001
48
size 118258.03 psnr 0.0 ssim 0.98982381
47
size 111569.61 psnr 0.0 ssim 0.98997061
46
size 109487.82 psnr 0.0 ssim 0.99007631
45
size 106744.12 psnr 0.0 ssim 0.98999318
44
size 104377.52 psnr 0.0 ssim 0.99012203
43
size 102448.52 psnr 0.0 ssim 0.99000011
42
size 102148.31 psnr 0.0 ssim 0.98995806
41
size 101584.54 psnr 0.0 ssim 0.98990148
40
size 100431.23 psnr 0.0 ssim 0.98972117
39
size 100250.08 psnr 0.0 ssim 0.98969311
38
size 99208.66 psnr 0.0 ssim 0.98925722
37
size 97507.98 psnr 0.0 ssim 0.98904614
36
size 96855.21 psnr 0.0 ssim 0.98897979
35
size 95889.62 psnr 0.0 ssim 0.98866394
34
size 94916.0 psnr 0.0 ssim 0.98842568
33
size 94561.55 psnr 0.0 ssim 0.9883278
32
size 93832.66 psnr 0.0 ssim 0.98758136
31
size 93178.61 psnr 0.0 ssim 0.98698715
30
size 92037.61 psnr 0.0 ssim 0.98637715
29
size 90455.34 psnr 0.0 ssim 0.98588199
28
size 89689.94 psnr 0.0 ssim 0.98556885
27
size 88517.48 psnr 0.0 ssim 0.98437721
26
size 86917.35 psnr 0.0 ssim 0.9835897
25
size 81152.31 psnr 0.0 ssim 0.98209365
24
size 73676.07 psnr 0.0 ssim 0.98207383
23
size 70393.45 psnr 0.0 ssim 0.98093312
22
size 68934.9 psnr 0.0 ssim 0.98065068
21
size 67453.49 psnr 0.0 ssim 0.97947739
20
size 66549.92 psnr 0.0 ssim 0.97877326
19
size 65705.33 psnr 0.0 ssim 0.97724744
18
size 64428.42 psnr 0.0 ssim 0.97582861
17
size 62836.73 psnr 0.0 ssim 0.97376341
16
size 56005.46 psnr 0.0 ssim 0.97157446
15
size 53071.48 psnr 0.0 ssim 0.96942453
14
size 52087.56 psnr 0.0 ssim 0.96702636
13
size 50733.15 psnr 0.0 ssim 0.96393258
12
size 45459.23 psnr 0.0 ssim 0.95941237
11
size 43251.35 psnr 0.0 ssim 0.95522744
10
size 40500.96 psnr 0.0 ssim 0.94931231
9
size 37111.53 psnr 0.0 ssim 0.943496
8
size 33706.35 psnr 0.0 ssim 0.93476851
7
size 30220.99 psnr 0.0 ssim 0.92321298
6
size 27070.83 psnr 0.0 ssim 0.91003795
5
size 23483.58 psnr 0.0 ssim 0.89075045
4
size 19969.48 psnr 0.0 ssim 0.86334795
3
size 16586.28 psnr 0.0 ssim 0.82591963
2
size 14802.1 psnr 0.0 ssim 0.81454741
