40
size 106997.0 psnr 0.0 ssim 0.99043831
41
size 109699.84 psnr 0.0 ssim 0.99091691
42
size 111147.26 psnr 0.0 ssim 0.99106763
43
size 112440.28 psnr 0.0 ssim 0.99117792
44
size 114890.35 psnr 0.0 ssim 0.99152769
45
size 116225.43 psnr 0.0 ssim 0.9916711
46
size 118409.63 psnr 0.0 ssim 0.99196664
47
size 119259.84 psnr 0.0 ssim 0.99201449
48
size 121110.11 psnr 0.0 ssim 0.99219424
49
size 123849.63 psnr 0.0 ssim 0.99264753
50
size 124262.05 psnr 0.0 ssim 0.99266587
51
size 124708.45 psnr 0.0 ssim 0.99268456
52
size 127692.96 psnr 0.0 ssim 0.99292325
53
size 129801.94 psnr 0.0 ssim 0.9931033
54
size 130876.79 psnr 0.0 ssim 0.99315535
55
size 132580.27 psnr 0.0 ssim 0.99330632
56
size 134665.96 psnr 0.0 ssim 0.99342539
57
size 137081.93 psnr 0.0 ssim 0.99359633
58
size 139627.61 psnr 0.0 ssim 0.9938561
59
size 141084.55 psnr 0.0 ssim 0.99393022
60
size 142838.14 psnr 0.0 ssim 0.99399941
61
size 145884.35 psnr 0.0 ssim 0.99431173
62
size 147581.11 psnr 0.0 ssim 0.99439919
63
size 150723.56 psnr 0.0 ssim 0.99451575
64
size 152498.27 psnr 0.0 ssim 0.99457921
65
size 155842.39 psnr 0.0 ssim 0.99482051
66
size 158220.2 psnr 0.0 ssim 0.99490698
67
size 160732.32 psnr 0.0 ssim 0.99500681
68
size 164778.47 psnr 0.0 ssim 0.99527347
69
size 167673.44 psnr 0.0 ssim 0.99538621
70
size 171728.17 psnr 0.0 ssim 0.99552348
71
size 175400.73 psnr 0.0 ssim 0.9957514
72
size 178072.02 psnr 0.0 ssim 0.99582316
73
size 182748.27 psnr 0.0 ssim 0.99597046
74
size 188865.37 psnr 0.0 ssim 0.99627691
75
size 189967.61 psnr 0.0 ssim 0.99629803
76
size 194700.14 psnr 0.0 ssim 0.99641034
77
size 202089.19 psnr 0.0 ssim 0.99654577
78
size 208284.67 psnr 0.0 ssim 0.99669913
79
size 212507.68 psnr 0.0 ssim 0.99677995
80
size 219018.68 psnr 0.0 ssim 0.99696713
81
size 227185.04 psnr 0.0 ssim 0.99712202
82
size 233745.23 psnr 0.0 ssim 0.99722754
83
size 244101.05 psnr 0.0 ssim 0.99742884
84
size 251984.98 psnr 0.0 ssim 0.99754208
