2 1 size 185453.900000 psnr 0.000000 ssim 0.996014
2 2 size 175153.710000 psnr 0.000000 ssim 0.995419
2 3 size 166178.990000 psnr 0.000000 ssim 0.995012
2 4 size 158841.090000 psnr 0.000000 ssim 0.994685
2 5 size 153140.460000 psnr 0.000000 ssim 0.994410
2 6 size 151444.310000 psnr 0.000000 ssim 0.994339
2 7 size 149546.580000 psnr 0.000000 ssim 0.994268
2 8 size 148037.380000 psnr 0.000000 ssim 0.994212
2 9 size 147687.590000 psnr 0.000000 ssim 0.994194
2 10 size 142121.270000 psnr 0.000000 ssim 0.994015
1 1 size 186611.560000 psnr 0.000000 ssim 0.996018
1 2 size 177152.880000 psnr 0.000000 ssim 0.995396
1 3 size 167112.840000 psnr 0.000000 ssim 0.994890
1 4 size 157403.770000 psnr 0.000000 ssim 0.994434
1 5 size 149517.170000 psnr 0.000000 ssim 0.994054
1 6 size 146614.720000 psnr 0.000000 ssim 0.993930
1 7 size 143993.160000 psnr 0.000000 ssim 0.993812
1 8 size 141646.890000 psnr 0.000000 ssim 0.993717
1 9 size 140987.610000 psnr 0.000000 ssim 0.993685
1 10 size 133962.460000 psnr 0.000000 ssim 0.993455
