mkdir: cannot create directory ‘webp_95’: File exists
mkdir: cannot create directory ‘webp_95/q95’: File exists
1 : 27.580869 24447.42
2 : 28.006041 27044.02
3 : 28.350568 29173.42
4 : 28.624593 31001.74
5 : 28.835713 32599.46
6 : 29.02842 34053.76
7 : 29.222948 35511.86
8 : 29.390506 36881.92
9 : 29.548761 38238.72
10 : 29.699079 39614.4
11 : 29.854547 40910.0
12 : 29.970399 42072.24
13 : 30.117841 43461.82
14 : 30.228253 44564.68
15 : 30.350381 45761.88
16 : 30.475834 47073.42
17 : 30.581437 48223.72
18 : 30.679433 49369.7
19 : 30.776956 50500.16
20 : 30.888186 51801.46
21 : 30.999079 52924.22
22 : 31.092768 54094.86
23 : 31.199824 55329.42
24 : 31.296187 56596.26
25 : 31.39833 57808.92
26 : 31.498038 58995.58
27 : 31.59792 60238.86
28 : 31.696839 61434.1
29 : 31.785276 62648.76
30 : 31.881543 63942.54
31 : 31.982 65314.4
32 : 32.065462 66530.72
33 : 32.164125 67881.08
34 : 32.258139 69188.1
35 : 32.32152 70169.94
36 : 32.406074 71442.04
37 : 32.49941 72752.98
38 : 32.577646 73999.58
39 : 32.676982 75458.18
40 : 32.749767 76561.38
41 : 32.815184 77562.98
42 : 32.893524 78830.18
43 : 32.986563 80256.76
44 : 33.069263 81546.38
45 : 33.154895 82967.4
46 : 33.202699 83915.8
47 : 33.279763 85189.14
48 : 33.349694 86628.9
49 : 33.417506 87891.72
50 : 33.457305 88695.36
51 : 33.530583 89819.08
52 : 33.585899 91191.76
53 : 33.64116 92182.76
54 : 33.698923 93297.4
55 : 33.774299 94854.7
56 : 33.819556 95838.02
57 : 33.884423 96978.48
58 : 33.960802 98449.52
59 : 34.003736 99654.04
60 : 34.0651 101127.26
61 : 34.127698 102310.7
62 : 34.171294 103361.24
63 : 34.234862 105025.86
64 : 34.289077 106261.06
65 : 34.334103 107517.48
66 : 34.398351 109048.18
67 : 34.457034 110359.74
68 : 34.504797 111668.9
69 : 34.565706 113412.08
70 : 34.610628 114879.36
71 : 34.681124 116597.96
72 : 34.743832 118167.4
73 : 34.786758 119486.84
74 : 34.86095 121683.94
75 : 34.903723 123002.18
76 : 35.076176 128246.98
77 : 35.237854 133987.1
78 : 35.414193 139724.72
79 : 35.577964 145662.02
80 : 35.760396 152483.24
81 : 35.911483 158874.72
82 : 36.107196 167355.68
83 : 36.262282 174744.74
84 : 36.453823 184053.5
85 : 36.62049 193676.26
86 : 36.8263 205135.04
87 : 37.010555 217397.58
88 : 37.204067 231990.74
89 : 37.368504 247160.14
90 : 37.552101 265568.36
