50
	 our 0, std 4091950, opt 3962617, ari 3606098, pro 3897901, moz 3811069, pjg 3193345
55
	 our 0, std 4344096, opt 4221295, ari 3848238, pro 4142526, moz 4057716, pjg 3409493
60
	 our 0, std 4654113, opt 4537591, ari 4143333, pro 4440660, moz 4357461, pjg 3672183
65
	 our 0, std 5041589, opt 4931371, ari 4507555, pro 4809947, moz 4729911, pjg 3995756
70
	 our 0, std 5517953, opt 5412340, ari 4957723, pro 5259001, moz 5184589, pjg 4399659
75
	 our 0, std 6069184, opt 5965443, ari 5476750, pro 5772512, moz 5701205, pjg 4863527
80
	 our 0, std 6931608, opt 6823994, ari 6286109, pro 6566912, moz 6499104, pjg 5580978
85
	 our 0, std 8143702, opt 8018039, ari 7413541, pro 7663477, moz 7602230, pjg 6588233
90
	 our 0, std 10271444, opt 10056392, ari 9328042, pro 9539584, moz 9481322, pjg 8294012
95
	 our 0, std 14881348, opt 14332785, ari 13368345, pro 13488496, moz 13373975, pjg 11906706
