1
size 14844.18 psnr 22.303603 ssim 0.701109696
2
size 14859.84 psnr 22.305866 ssim 0.701265284
3
size 16567.13 psnr 22.574498 ssim 0.720276161
4
size 19968.97 psnr 23.729616 ssim 0.757432386
5
size 23594.67 psnr 24.821708 ssim 0.781381621
6
size 27224.3 psnr 25.757038 ssim 0.810336996
7
size 30692.41 psnr 26.471966 ssim 0.822239831
8
size 33977.74 psnr 27.104788 ssim 0.836667071
9
size 37208.96 psnr 27.548068 ssim 0.849121066
10
size 40391.7 psnr 28.033103 ssim 0.862315364
11
size 43448.2 psnr 28.426225 ssim 0.868548637
12
size 46290.54 psnr 28.763837 ssim 0.875164077
13
size 49328.69 psnr 29.133527 ssim 0.884475433
14
size 51926.62 psnr 29.375409 ssim 0.889128491
15
size 54639.46 psnr 29.647523 ssim 0.892297065
16
size 57374.27 psnr 29.867723 ssim 0.894591775
17
size 59994.17 psnr 30.116447 ssim 0.903002379
18
size 62553.21 psnr 30.31051 ssim 0.904586817
19
size 64753.06 psnr 30.496643 ssim 0.907370474
20
size 67019.56 psnr 30.674451 ssim 0.912383238
21
size 69563.06 psnr 30.875955 ssim 0.915455257
22
size 71867.01 psnr 30.996537 ssim 0.915619338
23
size 74184.17 psnr 31.165994 ssim 0.919951556
24
size 76456.73 psnr 31.325684 ssim 0.922745498
25
size 78510.0 psnr 31.44482 ssim 0.924662683
26
size 80691.45 psnr 31.562165 ssim 0.926470232
27
size 82833.0 psnr 31.705409 ssim 0.927879439
28
size 85161.57 psnr 31.823055 ssim 0.929957828
29
size 86869.78 psnr 31.906747 ssim 0.931160056
30
size 88906.85 psnr 32.023954 ssim 0.933060101
31
size 90822.31 psnr 32.132912 ssim 0.933572689
32
size 92736.59 psnr 32.231546 ssim 0.935786307
33
size 95037.23 psnr 32.341454 ssim 0.937178575
34
size 96335.55 psnr 32.426585 ssim 0.937891632
35
size 98830.66 psnr 32.523003 ssim 0.938775173
36
size 100890.81 psnr 32.621826 ssim 0.94016345
37
size 102031.3 psnr 32.677785 ssim 0.940675967
38
size 104518.76 psnr 32.770373 ssim 0.942674067
39
size 106176.7 psnr 32.841867 ssim 0.942786689
40
size 106997.0 psnr 32.899459 ssim 0.943202675
41
size 109699.84 psnr 33.003119 ssim 0.945375031
42
size 111147.26 psnr 33.053915 ssim 0.945915454
43
size 112440.28 psnr 33.114885 ssim 0.946610044
44
size 114890.35 psnr 33.216518 ssim 0.947662399
45
size 116225.43 psnr 33.255023 ssim 0.948179016
46
size 118409.63 psnr 33.355727 ssim 0.948329827
47
size 119259.84 psnr 33.400958 ssim 0.948745439
48
size 121110.11 psnr 33.440846 ssim 0.949270833
49
size 123849.63 psnr 33.542585 ssim 0.951305799
50
size 124262.05 psnr 33.573112 ssim 0.951514561
51
size 124708.45 psnr 33.604561 ssim 0.95172379
52
size 127692.96 psnr 33.711338 ssim 0.952016017
53
size 129801.94 psnr 33.756805 ssim 0.952560943
54
size 130876.79 psnr 33.810364 ssim 0.953024248
55
size 132580.27 psnr 33.871164 ssim 0.95441044
56
size 134665.96 psnr 33.933939 ssim 0.955142611
57
size 137081.93 psnr 34.001255 ssim 0.955759406
58
size 139627.61 psnr 34.078729 ssim 0.956601959
59
size 141084.55 psnr 34.126863 ssim 0.9570651
60
size 142838.14 psnr 34.194957 ssim 0.957610392
61
size 145884.35 psnr 34.278185 ssim 0.957550516
62
size 147581.11 psnr 34.336165 ssim 0.958056636
63
size 150723.56 psnr 34.415003 ssim 0.958805908
64
size 152498.27 psnr 34.486182 ssim 0.959276048
65
size 155842.39 psnr 34.557692 ssim 0.960917111
66
size 158220.2 psnr 34.641188 ssim 0.961456276
67
size 160732.32 psnr 34.73568 ssim 0.962117021
68
size 164778.47 psnr 34.833597 ssim 0.962209118
69
size 167673.44 psnr 34.915518 ssim 0.962735005
70
size 171728.17 psnr 35.020859 ssim 0.963683932
71
size 175400.73 psnr 35.1311 ssim 0.965271376
72
size 178072.02 psnr 35.212351 ssim 0.96588227
73
size 182748.27 psnr 35.311593 ssim 0.966513036
74
size 188865.37 psnr 35.448612 ssim 0.967691047
75
size 189967.61 psnr 35.505787 ssim 0.96798076
76
size 194700.14 psnr 35.643881 ssim 0.968733721
77
size 202089.19 psnr 35.793013 ssim 0.96989761
78
size 208284.67 psnr 35.891181 ssim 0.970544547
79
size 212507.68 psnr 36.002101 ssim 0.971247502
80
size 219018.68 psnr 36.154499 ssim 0.971947516
81
size 227185.04 psnr 36.312095 ssim 0.973046984
82
size 233745.23 psnr 36.455357 ssim 0.973734058
83
size 244101.05 psnr 36.621887 ssim 0.974770412
84
size 2519