2 1 size 121874.83 psnr 33.374289 ssim 0.949161436
2 2 size 115710.09 psnr 32.896329 ssim 0.943441016
2 3 size 109779.54 psnr 32.546193 ssim 0.938815733
2 4 size 104066.78 psnr 32.261706 ssim 0.934935313
2 5 size 99240.18 psnr 32.047162 ssim 0.931892925
2 6 size 97827.69 psnr 32.007896 ssim 0.93094021
2 7 size 96232.98 psnr 31.952328 ssim 0.930071583
2 8 size 94993.35 psnr 31.919898 ssim 0.929355501
2 9 size 94708.02 psnr 31.915766 ssim 0.929151673
2 10 size 90194.44 psnr 31.776055 ssim 0.928017799
2 1 size 139883.69 psnr 33.971811 ssim 0.955240112
2 2 size 132503.67 psnr 33.456575 ssim 0.949887646
2 3 size 125664.89 psnr 33.101548 ssim 0.945789869
2 4 size 119438.61 psnr 32.835073 ssim 0.942648301
2 5 size 114417.4 psnr 32.645214 ssim 0.940333471
2 6 size 112949.08 psnr 32.608261 ssim 0.939588987
2 7 size 111291.7 psnr 32.558657 ssim 0.938954202
2 8 size 109982.81 psnr 32.528139 ssim 0.938410376
2 9 size 109669.0 psnr 32.523976 ssim 0.938242908
2 10 size 104913.92 psnr 32.4117 ssim 0.937513902
2 1 size 167809.93 psnr 34.75787 ssim 0.961317819
2 2 size 158683.42 psnr 34.198715 ssim 0.956538805
2 3 size 150524.95 psnr 33.837864 ssim 0.953119061
2 4 size 143660.75 psnr 33.593375 ssim 0.950770509
2 5 size 138242.4 psnr 33.427083 ssim 0.949174173
2 6 size 136660.23 psnr 33.392233 ssim 0.948641372
2 7 size 134882.46 psnr 33.349535 ssim 0.948229563
2 8 size 133495.45 psnr 33.321977 ssim 0.947883839
2 9 size 133171.02 psnr 33.31789 ssim 0.947770665
2 10 size 127870.06 psnr 33.230367 ssim 0.947426988
2 1 size 213480.5 psnr 35.824337 ssim 0.96963016
2 2 size 201360.17 psnr 35.209229 ssim 0.96553316
2 3 size 191072.36 psnr 34.836474 ssim 0.962844094
2 4 size 183101.67 psnr 34.614279 ssim 0.961202327
2 5 size 176975.56 psnr 34.474874 ssim 0.960185236
2 6 size 175072.08 psnr 34.440433 ssim 0.959827508
2 7 size 172904.09 psnr 34.407244 ssim 0.959563665
2 8 size 171072.53 psnr 34.383199 ssim 0.959337513
2 9 size 170639.72 psnr 34.379311 ssim 0.959266882
2 10 size 164964.06 psnr 34.325731 ssim 0.959235075
2 1 size 265739.4 psnr 36.785323 ssim 0.975420401
2 2 size 249980.63 psnr 36.134251 ssim 0.971952421
2 3 size 237490.81 psnr 35.76077 ssim 0.96990193
2 4 size 228412.89 psnr 35.550654 ssim 0.968758475
2 5 size 221646.7 psnr 35.424528 ssim 0.968109427
2 6 size 219234.3 psnr 35.390574 ssim 0.967859159
2 7 size 216764.32 psnr 35.36325 ssim 0.967695302
2 8 size 214436.45 psnr 35.342541 ssim 0.967542761
2 9 size 213728.26 psnr 35.33798 ssim 0.967485015
2 10 size 208247.59 psnr 35.300574 ssim 0.967570671
2 1 size 321905.48 psnr 37.676985 ssim 0.979718252
2 2 size 302454.37 psnr 37.011907 ssim 0.976782061
2 3 size 287453.26 psnr 36.636101 ssim 0.975139221
2 4 size 277056.02 psnr 36.42785 ssim 0.974281981
2 5 size 269464.0 psnr 36.310159 ssim 0.973824954
2 6 size 266497.05 psnr 36.277549 ssim 0.973637541
2 7 size 263871.34 psnr 36.25492 ssim 0.973536818
2 8 size 261352.82 psnr 36.237869 ssim 0.973449255
2 9 size 260499.09 psnr 36.233661 ssim 0.973414929
2 10 size 255913.94 psnr 36.206669 ssim 0.973566983
2 1 size 121874.83 psnr 33.374289 ssim 0.949161436
2 2 size 115710.09 psnr 32.896329 ssim 0.943441016
2 3 size 109779.54 psnr 32.546193 ssim 0.938815733
2 4 size 104066.78 psnr 32.261706 ssim 0.934935313
2 5 size 99240.18 psnr 32.047162 ssim 0.931892925
2 6 size 97827.69 psnr 32.007896 ssim 0.93094021
2 7 size 96232.98 psnr 31.952328 ssim 0.930071583
2 8 size 94993.35 psnr 31.919898 ssim 0.929355501
2 9 size 94708.02 psnr 31.915766 ssim 0.929151673
2 10 size 90194.44 psnr 31.776055 ssim 0.928017799
2 1 size 139883.69 psnr 33.971811 ssim 0.955240112
2 2 size 132503.67 psnr 33.456575 ssim 0.949887646
2 3 size 125664.89 psnr 33.101548 ssim 0.945789869
2 4 size 119438.61 psnr 32.835073 ssim 0.942648301
2 5 size 114417.4 psnr 32.645214 ssim 0.940333471
2 6 size 112949.08 psnr 32.608261 ssim 0.939588987
2 7 size 111291.7 psnr 32.558657 ssim 0.938954202
2 8 size 109982.81 psnr 32.528139 ssim 0.938410376
2 9 size 109669.0 psnr 32.523976 ssim 0.938242908
2 10 size 104913.92 psnr 32.4117 ssim 0.937513902
2 1 size 167809.93 psnr 34.75787 ssim 0.961317819
2 2 size 158683.42 psnr 34.198715 ssim 0.956538805
2 3 size 150524.95 psnr 33.837864 ssim 0.953119061
2 4 size 143660.75 psnr 33.593375 ssim 0.950770509
2 5 size 138242.4 psnr 33.427083 ssim 0.949174173
2 6 size 136660.23 psnr 33.392233 ssim 0.948641372
2 7 size 134882.46 psnr 33.349535 ssim 0.948229563
2 8 size 133495.45 psnr 33.321977 ssim 0.947883839
2 9 size 133171.02 psnr 33.31789 ssim 0.947770665
2 10 size 127870.06 psnr 33.230367 ssim 0.947426988
2 1 size 213480.5 psnr 35.824337 ssim 0.96963016
2 2 size 201360.17 psnr 35.209229 ssim 0.96553316
2 3 size 191072.36 psnr 34.836474 ssim 0.962844094
2 4 size 183101.67 psnr 34.614279 ssim 0.961202327
2 5 size 176975.56 psnr 34.474874 ssim 0.960185236
2 6 size 175072.08 psnr 34.440433 ssim 0.959827508
2 7 size 172904.09 psnr 34.407244 ssim 0.959563665
2 8 size 171072.53 psnr 34.383199 ssim 0.959337513
2 9 size 170639.72 psnr 34.379311 ssim 0.959266882
2 10 size 164964.06 psnr 34.325731 ssim 0.959235075
2 1 size 265739.4 psnr 36.785323 ssim 0.975420401
2 2 size 249980.63 psnr 36.134251 ssim 0.971952421
2 3 size 237490.81 psnr 35.76077 ssim 0.96990193
2 4 size 228412.89 psnr 35.550654 ssim 0.968758475
2 5 size 221646.7 psnr 35.424528 ssim 0.968109427
2 6 size 219234.3 psnr 35.390574 ssim 0.967859159
2 7 size 216764.32 psnr 35.36325 ssim 0.967695302
2 8 size 214436.45 psnr 35.342541 ssim 0.967542761
2 9 size 213728.26 psnr 35.33798 ssim 0.967485015
2 10 size 208247.59 psnr 35.300574 ssim 0.967570671
2 1 size 321905.48 psnr 37.676985 ssim 0.979718252
2 2 size 302454.37 psnr 37.011907 ssim 0.976782061
2 3 size 287453.26 psnr 36.636101 ssim 0.975139221
2 4 size 277056.02 psnr 36.42785 ssim 0.974281981
2 5 size 269464.0 psnr 36.310159 ssim 0.973824954
2 6 size 266497.05 psnr 36.277549 ssim 0.973637541
2 7 size 263871.34 psnr 36.25492 ssim 0.973536818
2 8 size 261352.82 psnr 36.237869 ssim 0.973449255
2 9 size 260499.09 psnr 36.233661 ssim 0.973414929
2 10 size 255913.94 psnr 36.206669 ssim 0.973566983
1 1 size 122497.74 psnr 33.407531 ssim 0.949508258
1 2 size 117107.38 psnr 32.965151 ssim 0.944114361
1 3 size 110914.97 psnr 32.56807 ssim 0.939097974
1 4 size 104004.58 psnr 32.194196 ssim 0.934135371
1 5 size 97566.58 psnr 31.908688 ssim 0.929974293
1 6 size 95113.78 psnr 31.834345 ssim 0.928351244
1 7 size 92886.11 psnr 31.757903 ssim 0.926954737
1 8 size 90951.85 psnr 31.704796 ssim 0.925755783
1 9 size 90410.69 psnr 31.695157 ssim 0.925377893
1 10 size 84562.3 psnr 31.521437 ssim 0.923792797
1 1 size 140673.76 psnr 34.012423 ssim 0.955611893
1 2 size 134100.23 psnr 33.537457 ssim 0.950611325
1 3 size 126775.37 psnr 33.120579 ssim 0.946008113
1 4 size 119017.42 psnr 32.758215 ssim 0.941771239
1 5 size 112180.93 psnr 32.500233 ssim 0.93845207
1 6 size 109621.01 psnr 32.431041 ssim 0.937152124
1 7 size 107310.72 psnr 32.362559 ssim 0.936102688
1 8 size 105274.49 psnr 32.312215 ssim 0.935191673
1 9 size 104688.98 psnr 32.302467 ssim 0.934886432
1 10 size 98542.69 psnr 32.16124 ssim 0.933867052
1 1 size 168836.82 psnr 34.809616 ssim 0.961709548
1 2 size 160468.05 psnr 34.289174 ssim 0.957232122
1 3 size 151509.12 psnr 33.847575 ssim 0.953190977
1 4 size 142575.88 psnr 33.503364 ssim 0.949865053
1 5 size 135145.65 psnr 33.275094 ssim 0.947449111
1 6 size 132422.63 psnr 33.210756 ssim 0.946503938
1 7 size 129937.92 psnr 33.149497 ssim 0.945801907
1 8 size 127768.18 psnr 33.103156 ssim 0.945205409
1 9 size 127151.1 psnr 33.093066 ssim 0.944999454
1 10 size 120458.4 psnr 32.982468 ssim 0.944510855
1 1 size 214866.99 psnr 35.891857 ssim 0.970054453
1 2 size 203689.69 psnr 35.308851 ssim 0.966190756
1 3 size 191940.87 psnr 34.834546 ssim 0.962799848
1 4 size 181079.37 psnr 34.50967 ssim 0.960309221
1 5 size 172569.67 psnr 34.310807 ssim 0.9586951
1 6 size 169374.94 psnr 34.248304 ssim 0.958047669
1 7 size 166433.73 psnr 34.197832 ssim 0.957590124
1 8 size 163742.46 psnr 34.157141 ssim 0.95720484
1 9 size 162954.57 psnr 34.147968 ssim 0.957074686
1 10 size 155608.22 psnr 34.078261 ssim 0.956992862
1 1 size 267339.86 psnr 36.865687 ssim 0.975839555
1 2 size 252825.31 psnr 36.232321 ssim 0.972487683
1 3 size 238101.3 psnr 35.743697 ssim 0.969721916
1 4 size 225414.64 psnr 35.434482 ssim 0.96790305
1 5 size 215945.3 psnr 35.248576 ssim 0.966823673
1 6 size 212051.35 psnr 35.185659 ssim 0.966371467
1 7 size 208660.22 psnr 35.141247 ssim 0.966083151
1 8 size 205278.03 psnr 35.105265 ssim 0.965832299
1 9 size 204129.09 psnr 35.095625 ssim 0.965736216
1 10 size 196775.52 psnr 35.046196 ssim 0.965822746
1 1 size 323870.13 psnr 37.764376 ssim 0.980096994
1 2 size 305788.8 psnr 37.098496 ssim 0.977173746
1 3 size 287868.31 psnr 36.60473 ssim 0.974874683
1 4 size 273340.93 psnr 36.300149 ssim 0.973472692
1 5 size 262679.08 psnr 36.11712 ssim 0.972687254
1 6 size 257935.93 psnr 36.053104 ssim 0.972345488
1 7 size 254074.58 psnr 36.012658 ssim 0.972151397
1 8 size 250167.02 psnr 35.980827 ssim 0.971988854
1 9 size 248670.58 psnr 35.971694 ssim 0.971925377
1 10 size 242257.05 psnr 35.936083 ssim 0.97210442
3 1 size 120729.63 psnr 33.302061 ssim 0.948537113
3 2 size 114366.63 psnr 32.90987 ssim 0.943768302
3 3 size 111106.37 psnr 32.747588 ssim 0.94152101
3 4 size 108429.05 psnr 32.605243 ssim 0.93987719
3 5 size 106132.82 psnr 32.47362 ssim 0.938557292
3 6 size 105862.58 psnr 32.467163 ssim 0.938382196
3 7 size 105285.32 psnr 32.444062 ssim 0.93813261
3 8 size 105060.19 psnr 32.438089 ssim 0.938004485
3 9 size 105043.37 psnr 32.437916 ssim 0.937991902
3 10 size 102106.46 psnr 32.322406 ssim 0.937279611
3 1 size 138432.18 psnr 33.892132 ssim 0.954598902
3 2 size 131171.78 psnr 33.486305 ssim 0.950429014
3 3 size 127713.03 psnr 33.332162 ssim 0.94862219
3 4 size 124904.36 psnr 33.197831 ssim 0.947404948
3 5 size 122484.27 psnr 33.084669 ssim 0.946484237
3 6 size 122193.55 psnr 33.078324 ssim 0.946346929
3 7 size 121579.79 psnr 33.057053 ssim 0.946168769
3 8 size 121330.38 psnr 33.051122 ssim 0.94606819
3 9 size 121315.47 psnr 33.050952 ssim 0.946057571
3 10 size 118205.28 psnr 32.959604 ssim 0.945607232
3 1 size 165981.61 psnr 34.674457 ssim 0.960718113
3 2 size 157551.81 psnr 34.255159 ssim 0.957294254
3 3 size 153777.77 psnr 34.106423 ssim 0.955944718
3 4 size 150742.75 psnr 33.984109 ssim 0.955130758
3 5 size 148121.28 psnr 33.890245 ssim 0.954564244
3 6 size 147792.56 psnr 33.883781 ssim 0.95446743
3 7 size 147116.64 psnr 33.865481 ssim 0.954361351
3 8 size 146838.45 psnr 33.859825 ssim 0.954299232
3 9 size 146817.88 psnr 33.859664 ssim 0.954291575
3 10 size 143307.71 psnr 33.790579 ssim 0.954093642
3 1 size 210987.39 psnr 35.743338 ssim 0.969127897
3 2 size 200610.05 psnr 35.312504 ssim 0.966528518
3 3 size 196225.95 psnr 35.161555 ssim 0.965608066
3 4 size 192747.37 psnr 35.057259 ssim 0.965108265
3 5 size 189717.03 psnr 34.986342 ssim 0.964797629
3 6 size 189290.4 psnr 34.979848 ssim 0.964736368
3 7 size 188381.51 psnr 34.965729 ssim 0.964667442
3 8 size 187959.3 psnr 34.960642 ssim 0.964624663
3 9 size 187928.43 psnr 34.960486 ssim 0.9646198
3 10 size 184346.22 psnr 34.918918 ssim 0.964647494
3 1 size 262580.03 psnr 36.716134 ssim 0.975048152
3 2 size 249998.48 psnr 36.28579 ssim 0.973080271
3 3 size 244796.65 psnr 36.12972 ssim 0.972452329
3 4 size 240807.12 psnr 36.036889 ssim 0.972145099
3 5 size 237618.93 psnr 35.981161 ssim 0.971990104
3 6 size 236997.64 psnr 35.974326 ssim 0.971946532
3 7 size 235981.06 psnr 35.963973 ssim 0.971909952
3 8 size 235375.14 psnr 35.959062 ssim 0.971879325
3 9 size 235319.91 psnr 35.958802 ssim 0.971873953
3 10 size 232169.7 psnr 35.930761 ssim 0.971963728
3 1 size 318189.25 psnr 37.629152 ssim 0.979473209
3 2 size 303305.85 psnr 37.204157 ssim 0.977925234
3 3 size 297017.1 psnr 37.040291 ssim 0.977458081
3 4 size 292620.09 psnr 36.956014 ssim 0.977259065
3 5 size 289349.96 psnr 36.911765 ssim 0.977181284
3 6 size 288630.09 psnr 36.905768 ssim 0.977153022
3 7 size 287699.71 psnr 36.898054 ssim 0.977144042
3 8 size 287110.84 psnr 36.894269 ssim 0.97713263
3 9 size 287034.98 psnr 36.894015 ssim 0.977129755
3 10 size 284632.82 psnr 36.874708 ssim 0.977241538
2 1 size 185453.9 psnr 35.21538 ssim 0.965620755
2 2 size 175153.71 psnr 34.629796 ssim 0.961137279
2 3 size 166178.99 psnr 34.26149 ssim 0.958026144
2 4 size 158841.09 psnr 34.02622 ssim 0.956003003
2 5 size 153140.46 psnr 33.872374 ssim 0.95466801
2 6 size 151444.31 psnr 33.837192 ssim 0.954215485
2 7 size 149546.58 psnr 33.798945 ssim 0.95387318
2 8 size 148037.38 psnr 33.772854 ssim 0.953589348
2 9 size 147687.59 psnr 33.768959 ssim 0.953498794
2 10 size 142121.27 psnr 33.700147 ssim 0.953383388
1 1 size 186611.56 psnr 35.274151 ssim 0.96603445
1 2 size 177152.88 psnr 34.725621 ssim 0.961821904
1 3 size 167112.84 psnr 34.267035 ssim 0.958049879
1 4 size 157403.77 psnr 33.929735 ssim 0.955089635
1 5 size 149517.17 psnr 33.715047 ssim 0.953037483
1 6 size 146614.72 psnr 33.651318 ssim 0.952226441
1 7 size 143993.16 psnr 33.595282 ssim 0.951640779
1 8 size 141646.89 psnr 33.551246 ssim 0.95114274
1 9 size 140987.61 psnr 33.541674 ssim 0.950972204
1 10 size 133962.46 psnr 33.453378 ssim 0.950785039
