bpp_1.5/p04_orig_q80.jpg
	bpp_0.25
		0.012: 40612(32%), 24.7608(1.1142), 0.7340369(0.0962951) [ q_bpp_0.25/p04_orig_0.012000.jpg]
		0.007: 33592(44%), 24.2745(1.6005), 0.7042185(0.1261135) [ q_bpp_0.25/p04_orig_0.007000.jpg]
		0.003: 31071(48%), 24.1074(1.7676), 0.6971049(0.1332271) [ q_bpp_0.25/p04_orig_0.003000.jpg]
		0.001: 31037(48%), 24.1063(1.7687), 0.6969815(0.1333505) [ q_bpp_0.25/p04_orig_0.001000.jpg]

	bpp_0.5
		0.012: 103654(15%), 28.3091(0.6339), 0.8810128(0.0336845) [ q_bpp_0.5/p04_orig_0.012000.jpg]
		0.007: 89894(26%), 27.6112(1.3318), 0.8589152(0.0557821) [ q_bpp_0.5/p04_orig_0.007000.jpg]
		0.003: 76733(37%), 26.9183(2.0247), 0.8428805(0.0718168) [ q_bpp_0.5/p04_orig_0.003000.jpg]
		0.001: 75248(38%), 26.8615(2.0815), 0.8415629(0.0731344) [ q_bpp_0.5/p04_orig_0.001000.jpg]

	bpp_0.75
		0.012: 165320(8%), 30.2647(0.2963), 0.9316851(0.0128822) [ q_bpp_0.75/p04_orig_0.012000.jpg]
		0.007: 151103(16%), 29.7373(0.8237), 0.920333(0.0242343) [ q_bpp_0.75/p04_orig_0.007000.jpg]
		0.003: 129057(28%), 28.8457(1.7153), 0.9054272(0.0391401) [ q_bpp_0.75/p04_orig_0.003000.jpg]
		0.001: 122217(32%), 28.6014(1.9596), 0.9020338(0.0425335) [ q_bpp_0.75/p04_orig_0.001000.jpg]

	bpp_1
		0.012: 230093(5%), 31.6083(0.1292), 0.955212(0.0052636) [ q_bpp_1/p04_orig_0.012000.jpg]
		0.007: 216288(10%), 31.2974(0.4401), 0.9498622(0.0106134) [ q_bpp_1/p04_orig_0.007000.jpg]
		0.003: 190172(21%), 30.5497(1.1878), 0.9390838(0.0213918) [ q_bpp_1/p04_orig_0.003000.jpg]
		0.001: 175143(27%), 30.0765(1.661), 0.9340372(0.0264384) [ q_bpp_1/p04_orig_0.001000.jpg]

	bpp_1.25
		0.012: 293628(3%), 32.6414(0.0624), 0.9676461(0.0023314) [ q_bpp_1.25/p04_orig_0.012000.jpg]
		0.007: 282413(7%), 32.4664(0.2374), 0.9649309(0.0050466) [ q_bpp_1.25/p04_orig_0.007000.jpg]
		0.003: 256419(15%), 31.9156(0.7882), 0.9581609(0.0118166) [ q_bpp_1.25/p04_orig_0.003000.jpg]
		0.001: 233985(23%), 31.3216(1.3822), 0.952917(0.0170605) [ q_bpp_1.25/p04_orig_0.001000.jpg]

	bpp_1.5
		0.012: 350850(3%), 33.4547(0.0323), 0.9744178(0.0012944) [ q_bpp_1.5/p04_orig_0.012000.jpg]
		0.007: 340354(6%), 33.3507(0.1363), 0.9727773(0.0029349) [ q_bpp_1.5/p04_orig_0.007000.jpg]
		0.003: 316093(12%), 32.9561(0.5309), 0.9683449(0.0073673) [ q_bpp_1.5/p04_orig_0.003000.jpg]
		0.001: 289220(20%), 32.3597(1.1273), 0.9637011(0.0120111) [ q_bpp_1.5/p04_orig_0.001000.jpg]


bpp_1.5/p10_orig_q83.jpg
	bpp_0.25
		0.012: 47838(24%), 25.5413(1.4093), 0.8053311(0.05477) [ q_bpp_0.25/p10_orig_0.012000.jpg]
		0.007: 42298(33%), 24.9514(1.9992), 0.7870316(0.0730695) [ q_bpp_0.25/p10_orig_0.007000.jpg]
		0.003: 40342(36%), 24.7714(2.1792), 0.7809043(0.0791968) [ q_bpp_0.25/p10_orig_0.003000.jpg]
		0.001: 40342(36%), 24.7714(2.1792), 0.7809043(0.0791968) [ q_bpp_0.25/p10_orig_0.001000.jpg]

	bpp_0.5
		0.012: 108963(14%), 30.7064(1.1334), 0.914389(0.0195275) [ q_bpp_0.5/p10_orig_0.012000.jpg]
		0.007: 97312(23%), 29.8617(1.9781), 0.9045508(0.0293657) [ q_bpp_0.5/p10_orig_0.007000.jpg]
		0.003: 87363(31%), 29.1566(2.6832), 0.8973491(0.0365674) [ q_bpp_0.5/p10_orig_0.003000.jpg]
		0.001: 86566(32%), 29.0804(2.7594), 0.8967716(0.0371449) [ q_bpp_0.5/p10_orig_0.001000.jpg]

	bpp_0.75
		0.012: 173669(9%), 34.0488(0.6742), 0.9513338(0.0078204) [ q_bpp_0.75/p10_orig_0.012000.jpg]
		0.007: 158760(17%), 33.1386(1.5844), 0.9452415(0.0139127) [ q_bpp_0.75/p10_orig_0.007000.jpg]
		0.003: 138587(27%), 31.9665(2.7565), 0.9387345(0.0204197) [ q_bpp_0.75/p10_orig_0.003000.jpg]
		0.001: 134050(30%), 31.6935(3.0295), 0.9367394(0.0224148) [ q_bpp_0.75/p10_orig_0.001000.jpg]

	bpp_1
		0.012: 238552(6%), 36.3089(0.3554), 0.9671251(0.0037447) [ q_bpp_1/p10_orig_0.012000.jpg]
		0.007: 220764(13%), 35.5811(1.0832), 0.9632916(0.0075782) [ q_bpp_1/p10_orig_0.007000.jpg]
		0.003: 191933(25%), 34.2089(2.4554), 0.95798(0.0128898) [ q_bpp_1/p10_orig_0.003000.jpg]
		0.001: 182947(28%), 33.7853(2.879), 0.9559975(0.0148723) [ q_bpp_1/p10_orig_0.001000.jpg]

	bpp_1.25
		0.012: 296985(5%), 37.9948(0.2177), 0.9751282(0.0022873) [ q_bpp_1.25/p10_orig_0.012000.jpg]
		0.007: 279444(11%), 37.444(0.7685), 0.9726052(0.0048103) [ q_bpp_1.25/p10_orig_0.007000.jpg]
		0.003: 245482(22%), 36.0603(2.1522), 0.9680119(0.0094036) [ q_bpp_1.25/p10_orig_0.003000.jpg]
		0.001: 228997(27%), 35.4275(2.785), 0.9659285(0.011487) [ q_bpp_1.25/p10_orig_0.001000.jpg]

	bpp_1.5
		0.012: 368868(4%), 39.4422(0.1332), 0.9811847(0.0012639) [ q_bpp_1.5/p10_orig_0.012000.jpg]
		0.007: 351380(8%), 39.0503(0.5251), 0.9795899(0.0028587) [ q_bpp_1.5/p10_orig_0.007000.jpg]
		0.003: 315557(18%), 37.8994(1.676), 0.9762642(0.0061844) [ q_bpp_1.5/p10_orig_0.003000.jpg]
		0.001: 292252(24%), 37.0663(2.5091), 0.9740374(0.0084112) [ q_bpp_1.5/p10_orig_0.001000.jpg]


bpp_1.5/p06_orig_q85.jpg
	bpp_0.25
		0.012: 48526(23%), 26.6843(1.1554), 0.7982559(0.0459365) [ q_bpp_0.25/p06_orig_0.012000.jpg]
		0.007: 42449(32%), 26.0985(1.7412), 0.7829842(0.0612082) [ q_bpp_0.25/p06_orig_0.007000.jpg]
		0.003: 38509(38%), 25.69(2.1497), 0.775592(0.0686004) [ q_bpp_0.25/p06_orig_0.003000.jpg]
		0.001: 38261(39%), 25.6674(2.1723), 0.7751862(0.0690062) [ q_bpp_0.25/p06_orig_0.001000.jpg]

	bpp_0.5
		0.012: 112537(12%), 30.8435(0.4854), 0.9011259(0.0188907) [ q_bpp_0.5/p06_orig_0.012000.jpg]
		0.007: 102354(20%), 30.3536(0.9753), 0.8910954(0.0289212) [ q_bpp_0.5/p06_orig_0.007000.jpg]
		0.003: 90246(30%), 29.6028(1.7261), 0.8824471(0.0375695) [ q_bpp_0.5/p06_orig_0.003000.jpg]
		0.001: 86761(32%), 29.3005(2.0284), 0.8803143(0.0397023) [ q_bpp_0.5/p06_orig_0.001000.jpg]

	bpp_0.75
		0.012: 169989(11%), 32.703(0.2772), 0.9329455(0.011252) [ q_bpp_0.75/p06_orig_0.012000.jpg]
		0.007: 157572(17%), 32.3764(0.6038), 0.9263796(0.0178179) [ q_bpp_0.75/p06_orig_0.007000.jpg]
		0.003: 140074(27%), 31.6977(1.2825), 0.9191658(0.0250317) [ q_bpp_0.75/p06_orig_0.003000.jpg]
		0.001: 132704(30%), 31.2348(1.7454), 0.9161796(0.0280179) [ q_bpp_0.75/p06_orig_0.001000.jpg]

	bpp_1
		0.012: 226788(10%), 33.8649(0.192), 0.9493576(0.0078532) [ q_bpp_1/p06_orig_0.012000.jpg]
		0.007: 211042(16%), 33.6193(0.4376), 0.9439659(0.0132449) [ q_bpp_1/p06_orig_0.007000.jpg]
		0.003: 188337(25%), 33.0491(1.0078), 0.9378612(0.0193496) [ q_bpp_1/p06_orig_0.003000.jpg]
		0.001: 177103(30%), 32.5468(1.5101), 0.9348215(0.0223893) [ q_bpp_1/p06_orig_0.001000.jpg]

	bpp_1.25
		0.012: 290531(8%), 34.8361(0.13), 0.9607726(0.0051315) [ q_bpp_1.25/p06_orig_0.012000.jpg]
		0.007: 270499(14%), 34.6403(0.3258), 0.9561267(0.0097774) [ q_bpp_1.25/p06_orig_0.007000.jpg]
		0.003: 242722(23%), 34.1666(0.7995), 0.9506783(0.0152258) [ q_bpp_1.25/p06_orig_0.003000.jpg]
		0.001: 227043(28%), 33.662(1.3041), 0.9475819(0.0183222) [ q_bpp_1.25/p06_orig_0.001000.jpg]

	bpp_1.5
		0.012: 365971(5%), 35.7457(0.0771), 0.9697314(0.0028742) [ q_bpp_1.5/p06_orig_0.012000.jpg]
		0.007: 343106(11%), 35.6041(0.2187), 0.966164(0.0064416) [ q_bpp_1.5/p06_orig_0.007000.jpg]
		0.003: 310693(19%), 35.233(0.5898), 0.9612111(0.0113945) [ q_bpp_1.5/p06_orig_0.003000.jpg]
		0.001: 289383(25%), 34.7578(1.065), 0.9581209(0.0144847) [ q_bpp_1.5/p06_orig_0.001000.jpg]


bpp_1.5/p14_orig_q83.jpg
	bpp_0.25
		0.012: 43647(32%), 26.5322(1.5024), 0.744126(0.0825213) [ q_bpp_0.25/p14_orig_0.012000.jpg]
		0.007: 36161(44%), 25.9389(2.0957), 0.7165678(0.1100795) [ q_bpp_0.25/p14_orig_0.007000.jpg]
		0.003: 33547(48%), 25.732(2.3026), 0.7102055(0.1164418) [ q_bpp_0.25/p14_orig_0.003000.jpg]
		0.001: 33482(48%), 25.7295(2.3051), 0.7101328(0.1165145) [ q_bpp_0.25/p14_orig_0.001000.jpg]

	bpp_0.5
		0.012: 104280(19%), 30.1691(0.9186), 0.8739627(0.0393571) [ q_bpp_0.5/p14_orig_0.012000.jpg]
		0.007: 89919(30%), 29.4257(1.662), 0.8508636(0.0624562) [ q_bpp_0.5/p14_orig_0.007000.jpg]
		0.003: 78315(39%), 28.77(2.3177), 0.83712(0.0761998) [ q_bpp_0.5/p14_orig_0.003000.jpg]
		0.001: 77099(40%), 28.6975(2.3902), 0.8362552(0.0770646) [ q_bpp_0.5/p14_orig_0.001000.jpg]

	bpp_0.75
		0.012: 169621(11%), 32.3435(0.4739), 0.9298576(0.0166252) [ q_bpp_0.75/p14_orig_0.012000.jpg]
		0.007: 152671(20%), 31.7549(1.0625), 0.9158651(0.0306177) [ q_bpp_0.75/p14_orig_0.007000.jpg]
		0.003: 132412(31%), 30.9167(1.9007), 0.9020626(0.0444202) [ q_bpp_0.75/p14_orig_0.003000.jpg]
		0.001: 127137(33%), 30.6737(2.1437), 0.8996971(0.0467857) [ q_bpp_0.75/p14_orig_0.001000.jpg]

	bpp_1
		0.012: 237244(7%), 33.7156(0.2376), 0.9558271(0.0070285) [ q_bpp_1/p14_orig_0.012000.jpg]
		0.007: 219532(14%), 33.3051(0.6481), 0.9479097(0.0149459) [ q_bpp_1/p14_orig_0.007000.jpg]
		0.003: 192759(24%), 32.5017(1.4515), 0.9367077(0.0261479) [ q_bpp_1/p14_orig_0.003000.jpg]
		0.001: 180519(29%), 32.0717(1.8815), 0.9329895(0.0298661) [ q_bpp_1/p14_orig_0.001000.jpg]

	bpp_1.25
		0.012: 307640(4%), 34.8295(0.1135), 0.9698757(0.0029942) [ q_bpp_1.25/p14_orig_0.012000.jpg]
		0.007: 291460(9%), 34.5726(0.3704), 0.9658521(0.0070178) [ q_bpp_1.25/p14_orig_0.007000.jpg]
		0.003: 261301(19%), 33.9182(1.0248), 0.9582465(0.0146234) [ q_bpp_1.25/p14_orig_0.003000.jpg]
		0.001: 241392(25%), 33.344(1.599), 0.9539676(0.0189023) [ q_bpp_1.25/p14_orig_0.001000.jpg]

	bpp_1.5
		0.012: 372941(3%), 35.576(0.0581), 0.9771229(0.0012887) [ q_bpp_1.5/p14_orig_0.012000.jpg]
		0.007: 358359(6%), 35.413(0.2211), 0.9748834(0.0035282) [ q_bpp_1.5/p14_orig_0.007000.jpg]
		0.003: 327175(15%), 34.9142(0.7199), 0.9696742(0.0087374) [ q_bpp_1.5/p14_orig_0.003000.jpg]
		0.001: 300949(21%), 34.2581(1.376), 0.9654517(0.0129599) [ q_bpp_1.5/p14_orig_0.001000.jpg]


bpp_1.5/bike_orig_q73.jpg
	bpp_0.25
		0.012: 49226(23%), 23.043(1.0367), 0.6977073(0.0647261) [ q_bpp_0.25/bike_orig_0.012000.jpg]
		0.007: 42130(34%), 22.4515(1.6282), 0.6776289(0.0848045) [ q_bpp_0.25/bike_orig_0.007000.jpg]
		0.003: 37601(41%), 22.0558(2.0239), 0.6677844(0.094649) [ q_bpp_0.25/bike_orig_0.003000.jpg]
		0.001: 37057(42%), 22.0141(2.0656), 0.6669546(0.0954788) [ q_bpp_0.25/bike_orig_0.001000.jpg]

	bpp_0.5
		0.012: 110762(13%), 26.8634(0.5103), 0.8197123(0.0332298) [ q_bpp_0.5/bike_orig_0.012000.jpg]
		0.007: 99419(22%), 26.342(1.0317), 0.8007675(0.0521746) [ q_bpp_0.5/bike_orig_0.007000.jpg]
		0.003: 86033(33%), 25.5525(1.8212), 0.7853945(0.0675476) [ q_bpp_0.5/bike_orig_0.003000.jpg]
		0.001: 82173(36%), 25.2193(2.1544), 0.7820783(0.0708638) [ q_bpp_0.5/bike_orig_0.001000.jpg]

	bpp_0.75
		0.012: 171041(11%), 28.8593(0.3076), 0.8733599(0.0192204) [ q_bpp_0.75/bike_orig_0.012000.jpg]
		0.007: 157674(17%), 28.4896(0.6773), 0.8604171(0.0321632) [ q_bpp_0.75/bike_orig_0.007000.jpg]
		0.003: 138554(27%), 27.772(1.3949), 0.8449931(0.0475872) [ q_bpp_0.75/bike_orig_0.003000.jpg]
		0.001: 129272(32%), 27.2592(1.9077), 0.839051(0.0535293) [ q_bpp_0.75/bike_orig_0.001000.jpg]

	bpp_1
		0.012: 230869(8%), 30.2192(0.206), 0.9044827(0.0113819) [ q_bpp_1/bike_orig_0.012000.jpg]
		0.007: 214831(15%), 29.9272(0.498), 0.8943866(0.021478) [ q_bpp_1/bike_orig_0.007000.jpg]
		0.003: 190586(24%), 29.2999(1.1253), 0.8803551(0.0355095) [ q_bpp_1/bike_orig_0.003000.jpg]
		0.001: 177116(30%), 28.7197(1.7055), 0.8722843(0.0435803) [ q_bpp_1/bike_orig_0.001000.jpg]

	bpp_1.25
		0.012: 298580(6%), 31.4057(0.1423), 0.9268708(0.0068148) [ q_bpp_1.25/bike_orig_0.012000.jpg]
		0.007: 279665(12%), 31.1773(0.3707), 0.9195105(0.0141751) [ q_bpp_1.25/bike_orig_0.007000.jpg]
		0.003: 251938(21%), 30.6564(0.8916), 0.9077411(0.0259445) [ q_bpp_1.25/bike_orig_0.003000.jpg]
		0.001: 232870(27%), 30.0697(1.4783), 0.8987822(0.0349034) [ q_bpp_1.25/bike_orig_0.001000.jpg]

	bpp_1.5
		0.012: 364230(4%), 32.331(0.0967), 0.9416198(0.0039144) [ q_bpp_1.5/bike_orig_0.012000.jpg]
		0.007: 344546(10%), 32.1486(0.2791), 0.9361752(0.009359) [ q_bpp_1.5/bike_orig_0.007000.jpg]
		0.003: 314080(17%), 31.704(0.7237), 0.9265876(0.0189466) [ q_bpp_1.5/bike_orig_0.003000.jpg]
		0.001: 289958(24%), 31.1417(1.286), 0.9177968(0.0277374) [ q_bpp_1.5/bike_orig_0.001000.jpg]


bpp_1.5/p01_orig_q80.jpg
	bpp_0.25
		0.012: 45333(31%), 25.2161(1.6645), 0.7338038(0.0971126) [ q_bpp_0.25/p01_orig_0.012000.jpg]
		0.007: 39247(40%), 24.7236(2.157), 0.7071486(0.1237678) [ q_bpp_0.25/p01_orig_0.007000.jpg]
		0.003: 37499(43%), 24.5703(2.3103), 0.7016877(0.1292287) [ q_bpp_0.25/p01_orig_0.003000.jpg]
		0.001: 37495(43%), 24.5704(2.3102), 0.7016832(0.1292332) [ q_bpp_0.25/p01_orig_0.001000.jpg]

	bpp_0.5
		0.012: 103135(20%), 29.6527(1.1678), 0.88405(0.0381932) [ q_bpp_0.5/p01_orig_0.012000.jpg]
		0.007: 91202(29%), 28.8654(1.9551), 0.8678581(0.0543851) [ q_bpp_0.5/p01_orig_0.007000.jpg]
		0.003: 83082(35%), 28.339(2.4815), 0.8587542(0.063489) [ q_bpp_0.5/p01_orig_0.003000.jpg]
		0.001: 82730(36%), 28.3212(2.4993), 0.8585883(0.0636549) [ q_bpp_0.5/p01_orig_0.001000.jpg]

	bpp_0.75
		0.012: 168500(12%), 32.5295(0.6738), 0.9381635(0.0146657) [ q_bpp_0.75/p01_orig_0.012000.jpg]
		0.007: 151879(20%), 31.7379(1.4654), 0.9281423(0.0246869) [ q_bpp_0.75/p01_orig_0.007000.jpg]
		0.003: 134258(30%), 30.8619(2.3414), 0.9192926(0.0335366) [ q_bpp_0.75/p01_orig_0.003000.jpg]
		0.001: 132024(31%), 30.7563(2.447), 0.9186371(0.0341921) [ q_bpp_0.75/p01_orig_0.001000.jpg]

	bpp_1
		0.012: 236451(8%), 34.4563(0.3586), 0.9614377(0.0060448) [ q_bpp_1/p01_orig_0.012000.jpg]
		0.007: 217405(15%), 33.8119(1.003), 0.9555654(0.0119171) [ q_bpp_1/p01_orig_0.007000.jpg]
		0.003: 191727(25%), 32.8298(1.9851), 0.9481814(0.0193011) [ q_bpp_1/p01_orig_0.003000.jpg]
		0.001: 184771(28%), 32.5615(2.2534), 0.9468562(0.0206263) [ q_bpp_1/p01_orig_0.001000.jpg]

	bpp_1.25
		0.012: 302226(5%), 35.8459(0.2048), 0.972256(0.0030871) [ q_bpp_1.25/p01_orig_0.012000.jpg]
		0.007: 283179(11%), 35.3723(0.6784), 0.9686812(0.0066619) [ q_bpp_1.25/p01_orig_0.007000.jpg]
		0.003: 250942(21%), 34.4737(1.577), 0.9631412(0.0122019) [ q_bpp_1.25/p01_orig_0.003000.jpg]
		0.001: 238130(25%), 34.0384(2.0123), 0.9612938(0.0140493) [ q_bpp_1.25/p01_orig_0.001000.jpg]

	bpp_1.5
		0.012: 369817(3%), 36.8886(0.1171), 0.9786535(0.0016433) [ q_bpp_1.5/p01_orig_0.012000.jpg]
		0.007: 349722(9%), 36.5567(0.449), 0.9763271(0.0039697) [ q_bpp_1.5/p01_orig_0.007000.jpg]
		0.003: 314764(18%), 35.8031(1.2026), 0.9720792(0.0082176) [ q_bpp_1.5/p01_orig_0.003000.jpg]
		0.001: 295261(23%), 35.2637(1.742), 0.970041(0.0102558) [ q_bpp_1.5/p01_orig_0.001000.jpg]


bpp_1.5/woman_orig_q77.jpg
	bpp_0.25
		0.012: 46056(25%), 25.0668(0.9314), 0.6889068(0.0694829) [ q_bpp_0.25/woman_orig_0.012000.jpg]
		0.007: 37332(39%), 24.4179(1.5803), 0.6600537(0.098336) [ q_bpp_0.25/woman_orig_0.007000.jpg]
		0.003: 31832(48%), 24.0389(1.9593), 0.6436958(0.1146939) [ q_bpp_0.25/woman_orig_0.003000.jpg]
		0.001: 31153(49%), 23.9964(2.0018), 0.6413757(0.117014) [ q_bpp_0.25/woman_orig_0.001000.jpg]

	bpp_0.5
		0.012: 107491(14%), 28.2588(0.4318), 0.8110831(0.0396427) [ q_bpp_0.5/woman_orig_0.012000.jpg]
		0.007: 95928(24%), 27.8045(0.8861), 0.7884151(0.0623107) [ q_bpp_0.5/woman_orig_0.007000.jpg]
		0.003: 80704(36%), 26.9917(1.6989), 0.7656999(0.0850259) [ q_bpp_0.5/woman_orig_0.003000.jpg]
		0.001: 74524(41%), 26.5713(2.1193), 0.7564855(0.0942403) [ q_bpp_0.5/woman_orig_0.001000.jpg]

	bpp_0.75
		0.012: 170443(11%), 30.3467(0.2611), 0.8727713(0.0206408) [ q_bpp_0.75/woman_orig_0.012000.jpg]
		0.007: 157292(17%), 30.0379(0.5699), 0.8568089(0.0366032) [ q_bpp_0.75/woman_orig_0.007000.jpg]
		0.003: 139134(27%), 29.3641(1.2437), 0.8373134(0.0560987) [ q_bpp_0.75/woman_orig_0.003000.jpg]
		0.001: 124995(34%), 28.5879(2.0199), 0.8250305(0.0683816) [ q_bpp_0.75/woman_orig_0.001000.jpg]

	bpp_1
		0.012: 230306(9%), 31.8289(0.1776), 0.905144(0.0121051) [ q_bpp_1/woman_orig_0.012000.jpg]
		0.007: 215693(14%), 31.5877(0.4188), 0.8941963(0.0230528) [ q_bpp_1/woman_orig_0.007000.jpg]
		0.003: 195157(23%), 31.0493(0.9572), 0.8782668(0.0389823) [ q_bpp_1/woman_orig_0.003000.jpg]
		0.001: 176631(30%), 30.1978(1.8087), 0.8661054(0.0511437) [ q_bpp_1/woman_orig_0.001000.jpg]

	bpp_1.25
		0.012: 300702(7%), 33.2582(0.1258), 0.9290999(0.0069226) [ q_bpp_1.25/woman_orig_0.012000.jpg]
		0.007: 282954(12%), 33.0578(0.3262), 0.9214547(0.0145678) [ q_bpp_1.25/woman_orig_0.007000.jpg]
		0.003: 260445(19%), 32.6314(0.7526), 0.9092326(0.0267899) [ q_bpp_1.25/woman_orig_0.003000.jpg]
		0.001: 239144(26%), 31.8504(1.5336), 0.8983404(0.0376821) [ q_bpp_1.25/woman_orig_0.001000.jpg]

	bpp_1.5
		0.012: 362950(5%), 34.3355(0.0948), 0.94325(0.004336) [ q_bpp_1.5/woman_orig_0.012000.jpg]
		0.007: 343806(10%), 34.1627(0.2676), 0.9376635(0.0099225) [ q_bpp_1.5/woman_orig_0.007000.jpg]
		0.003: 317305(17%), 33.7843(0.646), 0.9275826(0.0200034) [ q_bpp_1.5/woman_orig_0.003000.jpg]
		0.001: 294793(23%), 33.1183(1.312), 0.9182061(0.0293799) [ q_bpp_1.5/woman_orig_0.001000.jpg]


bpp_1.5/cafe_orig_q41.jpg
	bpp_0.25
		0.012: 41120(33%), 16.2374(1.4462), 0.4869401(0.145042) [ q_bpp_0.25/cafe_orig_0.012000.jpg]
		0.007: 34275(44%), 15.7464(1.9372), 0.4477494(0.1842327) [ q_bpp_0.25/cafe_orig_0.007000.jpg]
		0.003: 28792(53%), 15.4902(2.1934), 0.4184913(0.2134908) [ q_bpp_0.25/cafe_orig_0.003000.jpg]
		0.001: 26851(56%), 15.4255(2.2581), 0.4101806(0.2218015) [ q_bpp_0.25/cafe_orig_0.001000.jpg]

	bpp_0.5
		0.012: 103660(17%), 19.5169(0.7497), 0.6872553(0.0698827) [ q_bpp_0.5/cafe_orig_0.012000.jpg]
		0.007: 88719(29%), 18.8428(1.4238), 0.648221(0.108917) [ q_bpp_0.5/cafe_orig_0.007000.jpg]
		0.003: 72805(42%), 18.1552(2.1114), 0.6103764(0.1467616) [ q_bpp_0.5/cafe_orig_0.003000.jpg]
		0.001: 69888(44%), 18.0183(2.2483), 0.6021927(0.1549453) [ q_bpp_0.5/cafe_orig_0.001000.jpg]

	bpp_0.75
		0.012: 172488(9%), 21.4581(0.3288), 0.7875039(0.0326668) [ q_bpp_0.75/cafe_orig_0.012000.jpg]
		0.007: 155858(18%), 20.9324(0.8545), 0.7633591(0.0568116) [ q_bpp_0.75/cafe_orig_0.007000.jpg]
		0.003: 128190(32%), 20.0112(1.7757), 0.7264454(0.0937253) [ q_bpp_0.75/cafe_orig_0.003000.jpg]
		0.001: 119379(37%), 19.6774(2.1095), 0.7126225(0.1075482) [ q_bpp_0.75/cafe_orig_0.001000.jpg]

	bpp_1
		0.012: 238024(5%), 22.7635(0.1715), 0.8401779(0.019254) [ q_bpp_1/cafe_orig_0.012000.jpg]
		0.007: 221932(12%), 22.3986(0.5364), 0.8252739(0.034158) [ q_bpp_1/cafe_orig_0.007000.jpg]
		0.003: 189684(24%), 21.5427(1.3923), 0.7967208(0.0627111) [ q_bpp_1/cafe_orig_0.003000.jpg]
		0.001: 172035(31%), 20.9784(1.9566), 0.7782009(0.081231) [ q_bpp_1/cafe_orig_0.001000.jpg]

	bpp_1.25
		0.012: 305408(4%), 23.8517(0.094), 0.876764(0.0122548) [ q_bpp_1.25/cafe_orig_0.012000.jpg]
		0.007: 290911(8%), 23.6106(0.3351), 0.8665916(0.0224272) [ q_bpp_1.25/cafe_orig_0.007000.jpg]
		0.003: 258705(18%), 22.9121(1.0336), 0.8456651(0.0433537) [ q_bpp_1.25/cafe_orig_0.003000.jpg]
		0.001: 231863(27%), 22.2216(1.7241), 0.8267106(0.0623082) [ q_bpp_1.25/cafe_orig_0.001000.jpg]

	bpp_1.5
		0.012: 375628(3%), 24.7792(0.0536), 0.9028846(0.0081436) [ q_bpp_1.5/cafe_orig_0.012000.jpg]
		0.007: 362243(6%), 24.6191(0.2137), 0.8955411(0.0154871) [ q_bpp_1.5/cafe_orig_0.007000.jpg]
		0.003: 332376(14%), 24.0959(0.7369), 0.8804547(0.0305735) [ q_bpp_1.5/cafe_orig_0.003000.jpg]
		0.001: 299275(22%), 23.3791(1.4537), 0.8632025(0.0478257) [ q_bpp_1.5/cafe_orig_0.001000.jpg]


