50
	 our 10778377, std 12904089, opt 12423043, ari 11248621, pro 12236553, moz 11946276, pjg 9757147
55
	 our 11497359, std 13701930, opt 13254865, ari 12032641, pro 13028601, moz 12744817, pjg 10441627
60
	 our 12381089, std 14696900, opt 14280652, ari 12995321, pro 14007279, moz 13729180, pjg 11283985
65
	 our 13487675, std 15962157, opt 15581077, ari 14202398, pro 15237899, moz 14971033, pjg 12336702
70
	 our 14856659, std 17521118, opt 17169655, ari 15691841, pro 16727574, moz 16480116, pjg 13654223
75
	 our 16495532, std 19411806, opt 19079475, ari 17478543, pro 18505223, moz 18275970, pjg 15231651
80
	 our 18909533, std 22222095, opt 21898706, ari 20119729, pro 21123365, moz 20901899, pjg 17560445
85
	 our 22408676, std 26360007, opt 25999510, ari 23925830, pro 24893945, moz 24702185, pjg 20967074
90
	 our 28419196, std 33744289, opt 33153122, ari 30437466, pro 31464546, moz 31288874, pjg 26815722
95
	 our 41415986, std 50148528, opt 48667969, ari 44518039, pro 45754736, moz 45376783, pjg 39305072
