This file contains any messages produced by compilers while
running configure, to aid debugging if configure makes a mistake.

It was created by libjpeg-turbo configure 1.3.90, which was
generated by GNU Autoconf 2.69.  Invocation command line was

  $ ./configure --no-create --no-recursion

## --------- ##
## Platform. ##
## --------- ##

hostname = xing-Studio-XPS-7100
uname -m = x86_64
uname -r = 3.13.0-32-generic
uname -s = Linux
uname -v = #57-Ubuntu SMP Tue Jul 15 03:51:08 UTC 2014

/usr/bin/uname -p = unknown
/bin/uname -X     = unknown

/bin/arch              = unknown
/usr/bin/arch -k       = unknown
/usr/convex/getsysinfo = unknown
/usr/bin/hostinfo      = unknown
/bin/machine           = unknown
/usr/bin/oslevel       = unknown
/bin/universe          = unknown

PATH: /usr/local/sbin
PATH: /usr/local/bin
PATH: /usr/sbin
PATH: /usr/bin
PATH: /sbin
PATH: /bin


## ----------- ##
## Core tests. ##
## ----------- ##

configure:3053: checking for a BSD-compatible install
configure:3121: result: /usr/bin/install -c
configure:3132: checking whether build environment is sane
configure:3169: result: yes
configure:3231: checking for gawk
configure:3247: found /usr/bin/gawk
configure:3258: result: gawk
configure:3269: checking whether make sets $(MAKE)
configure:3291: result: yes
configure:3488: checking for style of include used by make
configure:3516: result: GNU
configure:3589: checking for gcc
configure:3605: found /usr/bin/gcc
configure:3616: result: gcc
configure:3845: checking for C compiler version
configure:3854: gcc --version >&5
gcc (Ubuntu 4.8.2-19ubuntu1) 4.8.2
Copyright (C) 2013 Free Software Foundation, Inc.
This is free software; see the source for copying conditions.  There is NO
warranty; not even for MERCHANTABILITY or FITNESS FOR A PARTICULAR PURPOSE.

configure:3865: $? = 0
configure:3854: gcc -v >&5
Using built-in specs.
COLLECT_GCC=gcc
COLLECT_LTO_WRAPPER=/usr/lib/gcc/x86_64-linux-gnu/4.8/lto-wrapper
Target: x86_64-linux-gnu
Configured with: ../src/configure -v --with-pkgversion='Ubuntu 4.8.2-19ubuntu1' --with-bugurl=file:///usr/share/doc/gcc-4.8/README.Bugs --enable-languages=c,c++,java,go,d,fortran,objc,obj-c++ --prefix=/usr --program-suffix=-4.8 --enable-shared --enable-linker-build-id --libexecdir=/usr/lib --without-included-gettext --enable-threads=posix --with-gxx-include-dir=/usr/include/c++/4.8 --libdir=/usr/lib --enable-nls --with-sysroot=/ --enable-clocale=gnu --enable-libstdcxx-debug --enable-libstdcxx-time=yes --enable-gnu-unique-object --disable-libmudflap --enable-plugin --with-system-zlib --disable-browser-plugin --enable-java-awt=gtk --enable-gtk-cairo --with-java-home=/usr/lib/jvm/java-1.5.0-gcj-4.8-amd64/jre --enable-java-home --with-jvm-root-dir=/usr/lib/jvm/java-1.5.0-gcj-4.8-amd64 --with-jvm-jar-dir=/usr/lib/jvm-exports/java-1.5.0-gcj-4.8-amd64 --with-arch-directory=amd64 --with-ecj-jar=/usr/share/java/eclipse-ecj.jar --enable-objc-gc --enable-multiarch --disable-werror --with-arch-32=i686 --with-abi=m64 --with-multilib-list=m32,m64,mx32 --with-tune=generic --enable-checking=release --build=x86_64-linux-gnu --host=x86_64-linux-gnu --target=x86_64-linux-gnu
Thread model: posix
gcc version 4.8.2 (Ubuntu 4.8.2-19ubuntu1) 
configure:3865: $? = 0
configure:3854: gcc -V >&5
gcc: error: unrecognized command line option '-V'
gcc: fatal error: no input files
compilation terminated.
configure:3865: $? = 4
configure:3854: gcc -qversion >&5
gcc: error: unrecognized command line option '-qversion'
gcc: fatal error: no input files
compilation terminated.
configure:3865: $? = 4
configure:3885: checking whether the C compiler works
configure:3907: gcc    conftest.c  >&5
configure:3911: $? = 0
configure:3959: result: yes
configure:3962: checking for C compiler default output file name
configure:3964: result: a.out
configure:3970: checking for suffix of executables
configure:3977: gcc -o conftest    conftest.c  >&5
configure:3981: $? = 0
configure:4003: result: 
configure:4025: checking whether we are cross compiling
configure:4033: gcc -o conftest    conftest.c  >&5
configure:4037: $? = 0
configure:4044: ./conftest
configure:4048: $? = 0
configure:4063: result: no
configure:4068: checking for suffix of object files
configure:4090: gcc -c   conftest.c >&5
configure:4094: $? = 0
configure:4115: result: o
configure:4119: checking whether we are using the GNU C compiler
configure:4138: gcc -c   conftest.c >&5
configure:4138: $? = 0
configure:4147: result: yes
configure:4156: checking whether gcc accepts -g
configure:4176: gcc -c -g  conftest.c >&5
configure:4176: $? = 0
configure:4217: result: yes
configure:4234: checking for gcc option to accept ISO C89
configure:4297: gcc  -c -g -O2  conftest.c >&5
configure:4297: $? = 0
configure:4310: result: none needed
configure:4332: checking dependency style of gcc
configure:4422: result: gcc3
configure:4444: checking how to run the C preprocessor
configure:4475: gcc -E  conftest.c
configure:4475: $? = 0
configure:4489: gcc -E  conftest.c
conftest.c:11:28: fatal error: ac_nonexistent.h: No such file or directory
 #include <ac_nonexistent.h>
                            ^
compilation terminated.
configure:4489: $? = 1
configure: failed program was:
| /* confdefs.h */
| #define PACKAGE_NAME "libjpeg-turbo"
| #define PACKAGE_TARNAME "libjpeg-turbo"
| #define PACKAGE_VERSION "1.3.90"
| #define PACKAGE_STRING "libjpeg-turbo 1.3.90"
| #define PACKAGE_BUGREPORT ""
| #define PACKAGE_URL ""
| #define PACKAGE "libjpeg-turbo"
| #define VERSION "1.3.90"
| /* end confdefs.h.  */
| #include <ac_nonexistent.h>
configure:4514: result: gcc -E
configure:4534: gcc -E  conftest.c
configure:4534: $? = 0
configure:4548: gcc -E  conftest.c
conftest.c:11:28: fatal error: ac_nonexistent.h: No such file or directory
 #include <ac_nonexistent.h>
                            ^
compilation terminated.
configure:4548: $? = 1
configure: failed program was:
| /* confdefs.h */
| #define PACKAGE_NAME "libjpeg-turbo"
| #define PACKAGE_TARNAME "libjpeg-turbo"
| #define PACKAGE_VERSION "1.3.90"
| #define PACKAGE_STRING "libjpeg-turbo 1.3.90"
| #define PACKAGE_BUGREPORT ""
| #define PACKAGE_URL ""
| #define PACKAGE "libjpeg-turbo"
| #define VERSION "1.3.90"
| /* end confdefs.h.  */
| #include <ac_nonexistent.h>
configure:4624: checking for gcc
configure:4651: result: gcc
configure:4880: checking for C compiler version
configure:4889: gcc --version >&5
gcc (Ubuntu 4.8.2-19ubuntu1) 4.8.2
Copyright (C) 2013 Free Software Foundation, Inc.
This is free software; see the source for copying conditions.  There is NO
warranty; not even for MERCHANTABILITY or FITNESS FOR A PARTICULAR PURPOSE.

configure:4900: $? = 0
configure:4889: gcc -v >&5
Using built-in specs.
COLLECT_GCC=gcc
COLLECT_LTO_WRAPPER=/usr/lib/gcc/x86_64-linux-gnu/4.8/lto-wrapper
Target: x86_64-linux-gnu
Configured with: ../src/configure -v --with-pkgversion='Ubuntu 4.8.2-19ubuntu1' --with-bugurl=file:///usr/share/doc/gcc-4.8/README.Bugs --enable-languages=c,c++,java,go,d,fortran,objc,obj-c++ --prefix=/usr --program-suffix=-4.8 --enable-shared --enable-linker-build-id --libexecdir=/usr/lib --without-included-gettext --enable-threads=posix --with-gxx-include-dir=/usr/include/c++/4.8 --libdir=/usr/lib --enable-nls --with-sysroot=/ --enable-clocale=gnu --enable-libstdcxx-debug --enable-libstdcxx-time=yes --enable-gnu-unique-object --disable-libmudflap --enable-plugin --with-system-zlib --disable-browser-plugin --enable-java-awt=gtk --enable-gtk-cairo --with-java-home=/usr/lib/jvm/java-1.5.0-gcj-4.8-amd64/jre --enable-java-home --with-jvm-root-dir=/usr/lib/jvm/java-1.5.0-gcj-4.8-amd64 --with-jvm-jar-dir=/usr/lib/jvm-exports/java-1.5.0-gcj-4.8-amd64 --with-arch-directory=amd64 --with-ecj-jar=/usr/share/java/eclipse-ecj.jar --enable-objc-gc --enable-multiarch --disable-werror --with-arch-32=i686 --with-abi=m64 --with-multilib-list=m32,m64,mx32 --with-tune=generic --enable-checking=release --build=x86_64-linux-gnu --host=x86_64-linux-gnu --target=x86_64-linux-gnu
Thread model: posix
gcc version 4.8.2 (Ubuntu 4.8.2-19ubuntu1) 
configure:4900: $? = 0
configure:4889: gcc -V >&5
gcc: error: unrecognized command line option '-V'
gcc: fatal error: no input files
compilation terminated.
configure:4900: $? = 4
configure:4889: gcc -qversion >&5
gcc: error: unrecognized command line option '-qversion'
gcc: fatal error: no input files
compilation terminated.
configure:4900: $? = 4
configure:4904: checking whether we are using the GNU C compiler
configure:4932: result: yes
configure:4941: checking whether gcc accepts -g
configure:5002: result: yes
configure:5019: checking for gcc option to accept ISO C89
configure:5095: result: none needed
configure:5117: checking dependency style of gcc
configure:5207: result: gcc3
configure:5233: checking whether gcc and cc understand -c and -o together
configure:5264: gcc -c conftest.c -o conftest2.o >&5
configure:5268: $? = 0
configure:5274: gcc -c conftest.c -o conftest2.o >&5
configure:5278: $? = 0
configure:5289: cc -c conftest.c >&5
configure:5293: $? = 0
configure:5301: cc -c conftest.c -o conftest2.o >&5
configure:5305: $? = 0
configure:5311: cc -c conftest.c -o conftest2.o >&5
configure:5315: $? = 0
configure:5333: result: yes
configure:5433: checking build system type
configure:5447: result: x86_64-unknown-linux-gnu
configure:5467: checking host system type
configure:5480: result: x86_64-unknown-linux-gnu
configure:5500: checking for a sed that does not truncate output
configure:5554: result: /bin/sed
configure:5557: checking for grep that handles long lines and -e
configure:5615: result: /bin/grep
configure:5620: checking for egrep
configure:5682: result: /bin/grep -E
configure:5698: checking for ld used by gcc
configure:5765: result: /usr/bin/ld
configure:5772: checking if the linker (/usr/bin/ld) is GNU ld
configure:5787: result: yes
configure:5792: checking for /usr/bin/ld option to reload object files
configure:5799: result: -r
configure:5808: checking for BSD-compatible nm
configure:5850: result: /usr/bin/nm -B
configure:5854: checking whether ln -s works
configure:5858: result: yes
configure:5865: checking how to recognise dependent libraries
configure:6048: result: pass_all
configure:6133: gcc -c -g -O2  conftest.c >&5
configure:6136: $? = 0
configure:6230: checking for ANSI C header files
configure:6250: gcc -c -g -O2  conftest.c >&5
configure:6250: $? = 0
configure:6323: gcc -o conftest -g -O2   conftest.c  >&5
configure:6323: $? = 0
configure:6323: ./conftest
configure:6323: $? = 0
configure:6334: result: yes
configure:6347: checking for sys/types.h
configure:6347: gcc -c -g -O2  conftest.c >&5
configure:6347: $? = 0
configure:6347: result: yes
configure:6347: checking for sys/stat.h
configure:6347: gcc -c -g -O2  conftest.c >&5
configure:6347: $? = 0
configure:6347: result: yes
configure:6347: checking for stdlib.h
configure:6347: gcc -c -g -O2  conftest.c >&5
configure:6347: $? = 0
configure:6347: result: yes
configure:6347: checking for string.h
configure:6347: gcc -c -g -O2  conftest.c >&5
configure:6347: $? = 0
configure:6347: result: yes
configure:6347: checking for memory.h
configure:6347: gcc -c -g -O2  conftest.c >&5
configure:6347: $? = 0
configure:6347: result: yes
configure:6347: checking for strings.h
configure:6347: gcc -c -g -O2  conftest.c >&5
configure:6347: $? = 0
configure:6347: result: yes
configure:6347: checking for inttypes.h
configure:6347: gcc -c -g -O2  conftest.c >&5
configure:6347: $? = 0
configure:6347: result: yes
configure:6347: checking for stdint.h
configure:6347: gcc -c -g -O2  conftest.c >&5
configure:6347: $? = 0
configure:6347: result: yes
configure:6347: checking for unistd.h
configure:6347: gcc -c -g -O2  conftest.c >&5
configure:6347: $? = 0
configure:6347: result: yes
configure:6361: checking dlfcn.h usability
configure:6361: gcc -c -g -O2  conftest.c >&5
configure:6361: $? = 0
configure:6361: result: yes
configure:6361: checking dlfcn.h presence
configure:6361: gcc -E  conftest.c
configure:6361: $? = 0
configure:6361: result: yes
configure:6361: checking for dlfcn.h
configure:6361: result: yes
configure:6429: checking for g++
configure:6445: found /usr/bin/g++
configure:6456: result: g++
configure:6483: checking for C++ compiler version
configure:6492: g++ --version >&5
g++ (Ubuntu 4.8.2-19ubuntu1) 4.8.2
Copyright (C) 2013 Free Software Foundation, Inc.
This is free software; see the source for copying conditions.  There is NO
warranty; not even for MERCHANTABILITY or FITNESS FOR A PARTICULAR PURPOSE.

configure:6503: $? = 0
configure:6492: g++ -v >&5
Using built-in specs.
COLLECT_GCC=g++
COLLECT_LTO_WRAPPER=/usr/lib/gcc/x86_64-linux-gnu/4.8/lto-wrapper
Target: x86_64-linux-gnu
Configured with: ../src/configure -v --with-pkgversion='Ubuntu 4.8.2-19ubuntu1' --with-bugurl=file:///usr/share/doc/gcc-4.8/README.Bugs --enable-languages=c,c++,java,go,d,fortran,objc,obj-c++ --prefix=/usr --program-suffix=-4.8 --enable-shared --enable-linker-build-id --libexecdir=/usr/lib --without-included-gettext --enable-threads=posix --with-gxx-include-dir=/usr/include/c++/4.8 --libdir=/usr/lib --enable-nls --with-sysroot=/ --enable-clocale=gnu --enable-libstdcxx-debug --enable-libstdcxx-time=yes --enable-gnu-unique-object --disable-libmudflap --enable-plugin --with-system-zlib --disable-browser-plugin --enable-java-awt=gtk --enable-gtk-cairo --with-java-home=/usr/lib/jvm/java-1.5.0-gcj-4.8-amd64/jre --enable-java-home --with-jvm-root-dir=/usr/lib/jvm/java-1.5.0-gcj-4.8-amd64 --with-jvm-jar-dir=/usr/lib/jvm-exports/java-1.5.0-gcj-4.8-amd64 --with-arch-directory=amd64 --with-ecj-jar=/usr/share/java/eclipse-ecj.jar --enable-objc-gc --enable-multiarch --disable-werror --with-arch-32=i686 --with-abi=m64 --with-multilib-list=m32,m64,mx32 --with-tune=generic --enable-checking=release --build=x86_64-linux-gnu --host=x86_64-linux-gnu --target=x86_64-linux-gnu
Thread model: posix
gcc version 4.8.2 (Ubuntu 4.8.2-19ubuntu1) 
configure:6503: $? = 0
configure:6492: g++ -V >&5
g++: error: unrecognized command line option '-V'
g++: fatal error: no input files
compilation terminated.
configure:6503: $? = 4
configure:6492: g++ -qversion >&5
g++: error: unrecognized command line option '-qversion'
g++: fatal error: no input files
compilation terminated.
configure:6503: $? = 4
configure:6507: checking whether we are using the GNU C++ compiler
configure:6526: g++ -c   conftest.cpp >&5
configure:6526: $? = 0
configure:6535: result: yes
configure:6544: checking whether g++ accepts -g
configure:6564: g++ -c -g  conftest.cpp >&5
configure:6564: $? = 0
configure:6605: result: yes
configure:6630: checking dependency style of g++
configure:6720: result: gcc3
configure:6742: checking how to run the C++ preprocessor
configure:6769: g++ -E  conftest.cpp
configure:6769: $? = 0
configure:6783: g++ -E  conftest.cpp
conftest.cpp:22:28: fatal error: ac_nonexistent.h: No such file or directory
 #include <ac_nonexistent.h>
                            ^
compilation terminated.
configure:6783: $? = 1
configure: failed program was:
| /* confdefs.h */
| #define PACKAGE_NAME "libjpeg-turbo"
| #define PACKAGE_TARNAME "libjpeg-turbo"
| #define PACKAGE_VERSION "1.3.90"
| #define PACKAGE_STRING "libjpeg-turbo 1.3.90"
| #define PACKAGE_BUGREPORT ""
| #define PACKAGE_URL ""
| #define PACKAGE "libjpeg-turbo"
| #define VERSION "1.3.90"
| #define STDC_HEADERS 1
| #define HAVE_SYS_TYPES_H 1
| #define HAVE_SYS_STAT_H 1
| #define HAVE_STDLIB_H 1
| #define HAVE_STRING_H 1
| #define HAVE_MEMORY_H 1
| #define HAVE_STRINGS_H 1
| #define HAVE_INTTYPES_H 1
| #define HAVE_STDINT_H 1
| #define HAVE_UNISTD_H 1
| #define HAVE_DLFCN_H 1
| /* end confdefs.h.  */
| #include <ac_nonexistent.h>
configure:6808: result: g++ -E
configure:6828: g++ -E  conftest.cpp
configure:6828: $? = 0
configure:6842: g++ -E  conftest.cpp
conftest.cpp:22:28: fatal error: ac_nonexistent.h: No such file or directory
 #include <ac_nonexistent.h>
                            ^
compilation terminated.
configure:6842: $? = 1
configure: failed program was:
| /* confdefs.h */
| #define PACKAGE_NAME "libjpeg-turbo"
| #define PACKAGE_TARNAME "libjpeg-turbo"
| #define PACKAGE_VERSION "1.3.90"
| #define PACKAGE_STRING "libjpeg-turbo 1.3.90"
| #define PACKAGE_BUGREPORT ""
| #define PACKAGE_URL ""
| #define PACKAGE "libjpeg-turbo"
| #define VERSION "1.3.90"
| #define STDC_HEADERS 1
| #define HAVE_SYS_TYPES_H 1
| #define HAVE_SYS_STAT_H 1
| #define HAVE_STDLIB_H 1
| #define HAVE_STRING_H 1
| #define HAVE_MEMORY_H 1
| #define HAVE_STRINGS_H 1
| #define HAVE_INTTYPES_H 1
| #define HAVE_STDINT_H 1
| #define HAVE_UNISTD_H 1
| #define HAVE_DLFCN_H 1
| /* end confdefs.h.  */
| #include <ac_nonexistent.h>
configure:6924: checking for g77
configure:6954: result: no
configure:6924: checking for xlf
configure:6954: result: no
configure:6924: checking for f77
configure:6954: result: no
configure:6924: checking for frt
configure:6954: result: no
configure:6924: checking for pgf77
configure:6954: result: no
configure:6924: checking for cf77
configure:6954: result: no
configure:6924: checking for fort77
configure:6954: result: no
configure:6924: checking for fl32
configure:6954: result: no
configure:6924: checking for af77
configure:6954: result: no
configure:6924: checking for xlf90
configure:6954: result: no
configure:6924: checking for f90
configure:6954: result: no
configure:6924: checking for pgf90
configure:6954: result: no
configure:6924: checking for pghpf
configure:6954: result: no
configure:6924: checking for epcf90
configure:6954: result: no
configure:6924: checking for gfortran
configure:6954: result: no
configure:6924: checking for g95
configure:6954: result: no
configure:6924: checking for xlf95
configure:6954: result: no
configure:6924: checking for f95
configure:6954: result: no
configure:6924: checking for fort
configure:6954: result: no
configure:6924: checking for ifort
configure:6954: result: no
configure:6924: checking for ifc
configure:6954: result: no
configure:6924: checking for efc
configure:6954: result: no
configure:6924: checking for pgfortran
configure:6954: result: no
configure:6924: checking for pgf95
configure:6954: result: no
configure:6924: checking for lf95
configure:6954: result: no
configure:6924: checking for ftn
configure:6954: result: no
configure:6924: checking for nagfor
configure:6954: result: no
configure:6977: checking for Fortran 77 compiler version
configure:6986:  --version >&5
./configure: line 6988: --version: command not found
configure:6997: $? = 127
configure:6986:  -v >&5
./configure: line 6988: -v: command not found
configure:6997: $? = 127
configure:6986:  -V >&5
./configure: line 6988: -V: command not found
configure:6997: $? = 127
configure:6986:  -qversion >&5
./configure: line 6988: -qversion: command not found
configure:6997: $? = 127
configure:7006: checking whether we are using the GNU Fortran 77 compiler
configure:7019:  -c  conftest.F >&5
./configure: line 2303: -c: command not found
configure:7019: $? = 127
configure: failed program was:
|       program main
| #ifndef __GNUC__
|        choke me
| #endif
| 
|       end
configure:7028: result: no
configure:7034: checking whether  accepts -g
configure:7045:  -c -g conftest.f >&5
./configure: line 2303: -c: command not found
configure:7045: $? = 127
configure: failed program was:
|       program main
| 
|       end
configure:7053: result: no
configure:7087: checking the maximum length of command line arguments
configure:7152: result: 32768
configure:7163: checking command to parse /usr/bin/nm -B output from gcc object
configure:7252: gcc -c -g -O2  conftest.c >&5
configure:7255: $? = 0
configure:7259: /usr/bin/nm -B conftest.o \| sed -n -e 's/^.*[ 	]\([ABCDGIRSTW][ABCDGIRSTW]*\)[ 	][ 	]*\(\)\([_A-Za-z][_A-Za-z0-9]*\)$/\1 \2\3 \3/p' \> conftest.nm
configure:7262: $? = 0
configure:7314: gcc -o conftest -g -O2   conftest.c conftstm.o >&5
configure:7317: $? = 0
configure:7355: result: ok
configure:7359: checking for objdir
configure:7374: result: .libs
configure:7466: checking for ar
configure:7482: found /usr/bin/ar
configure:7493: result: ar
configure:7558: checking for ranlib
configure:7574: found /usr/bin/ranlib
configure:7585: result: ranlib
configure:7650: checking for strip
configure:7666: found /usr/bin/strip
configure:7677: result: strip
configure:7949: checking if gcc static flag  works
configure:7972: result: yes
configure:7990: checking if gcc supports -fno-rtti -fno-exceptions
configure:8008: gcc -c -g -O2  -fno-rtti -fno-exceptions conftest.c >&5
cc1: warning: command line option '-fno-rtti' is valid for C++/ObjC++ but not for C [enabled by default]
configure:8012: $? = 0
configure:8023: result: no
configure:8038: checking for gcc option to produce PIC
configure:8215: result: -fPIC
configure:8223: checking if gcc PIC flag -fPIC works
configure:8241: gcc -c -g -O2  -fPIC -DPIC conftest.c >&5
configure:8245: $? = 0
configure:8256: result: yes
configure:8280: checking if gcc supports -c -o file.o
configure:8301: gcc -c -g -O2  -o out/conftest2.o conftest.c >&5
configure:8305: $? = 0
configure:8325: result: yes
configure:8351: checking whether the gcc linker (/usr/bin/ld -m elf_x86_64) supports shared libraries
configure:9141: result: yes
configure:9167: checking whether -lc should be explicitly linked in
configure:9172: gcc -c -g -O2  conftest.c >&5
configure:9175: $? = 0
configure:9189: gcc -shared conftest.o  -v -Wl,-soname -Wl,conftest -o conftest 2\>\&1 \| grep  -lc  \>/dev/null 2\>\&1

## ---------------- ##
## Cache variables. ##
## ---------------- ##

ac_cv_build=x86_64-unknown-linux-gnu
ac_cv_c_compiler_gnu=yes
ac_cv_cxx_compiler_gnu=yes
ac_cv_env_CCASFLAGS_set=
ac_cv_env_CCASFLAGS_value=
ac_cv_env_CCAS_set=
ac_cv_env_CCAS_value=
ac_cv_env_CCC_set=
ac_cv_env_CCC_value=
ac_cv_env_CC_set=
ac_cv_env_CC_value=
ac_cv_env_CFLAGS_set=
ac_cv_env_CFLAGS_value=
ac_cv_env_CPPFLAGS_set=
ac_cv_env_CPPFLAGS_value=
ac_cv_env_CPP_set=
ac_cv_env_CPP_value=
ac_cv_env_CXXCPP_set=
ac_cv_env_CXXCPP_value=
ac_cv_env_CXXFLAGS_set=
ac_cv_env_CXXFLAGS_value=
ac_cv_env_CXX_set=
ac_cv_env_CXX_value=
ac_cv_env_F77_set=
ac_cv_env_F77_value=
ac_cv_env_FFLAGS_set=
ac_cv_env_FFLAGS_value=
ac_cv_env_JAR_set=
ac_cv_env_JAR_value=
ac_cv_env_JAVACFLAGS_set=
ac_cv_env_JAVACFLAGS_value=
ac_cv_env_JAVAC_set=
ac_cv_env_JAVAC_value=
ac_cv_env_JAVA_set=
ac_cv_env_JAVA_value=
ac_cv_env_JNI_CFLAGS_set=
ac_cv_env_JNI_CFLAGS_value=
ac_cv_env_JPEG_LIB_VERSION_set=
ac_cv_env_JPEG_LIB_VERSION_value=
ac_cv_env_LDFLAGS_set=
ac_cv_env_LDFLAGS_value=
ac_cv_env_LIBS_set=
ac_cv_env_LIBS_value=
ac_cv_env_PKGNAME_set=
ac_cv_env_PKGNAME_value=
ac_cv_env_SO_MAJOR_VERSION_set=
ac_cv_env_SO_MAJOR_VERSION_value=
ac_cv_env_SO_MINOR_VERSION_set=
ac_cv_env_SO_MINOR_VERSION_value=
ac_cv_env_build_alias_set=
ac_cv_env_build_alias_value=
ac_cv_env_host_alias_set=
ac_cv_env_host_alias_value=
ac_cv_env_target_alias_set=
ac_cv_env_target_alias_value=
ac_cv_f77_compiler_gnu=no
ac_cv_header_dlfcn_h=yes
ac_cv_header_inttypes_h=yes
ac_cv_header_memory_h=yes
ac_cv_header_stdc=yes
ac_cv_header_stdint_h=yes
ac_cv_header_stdlib_h=yes
ac_cv_header_string_h=yes
ac_cv_header_strings_h=yes
ac_cv_header_sys_stat_h=yes
ac_cv_header_sys_types_h=yes
ac_cv_header_unistd_h=yes
ac_cv_host=x86_64-unknown-linux-gnu
ac_cv_objext=o
ac_cv_path_EGREP='/bin/grep -E'
ac_cv_path_GREP=/bin/grep
ac_cv_path_install='/usr/bin/install -c'
ac_cv_prog_AWK=gawk
ac_cv_prog_CPP='gcc -E'
ac_cv_prog_CXXCPP='g++ -E'
ac_cv_prog_ac_ct_AR=ar
ac_cv_prog_ac_ct_CC=gcc
ac_cv_prog_ac_ct_CXX=g++
ac_cv_prog_ac_ct_RANLIB=ranlib
ac_cv_prog_ac_ct_STRIP=strip
ac_cv_prog_cc_c89=
ac_cv_prog_cc_g=yes
ac_cv_prog_cc_gcc_c_o=yes
ac_cv_prog_cxx_g=yes
ac_cv_prog_f77_g=no
ac_cv_prog_make_make_set=yes
am_cv_CC_dependencies_compiler_type=gcc3
am_cv_CXX_dependencies_compiler_type=gcc3
lt_cv_deplibs_check_method=pass_all
lt_cv_file_magic_cmd='$MAGIC_CMD'
lt_cv_file_magic_test_file='/lib/libc.so* /lib/libc-*.so'
lt_cv_ld_reload_flag=-r
lt_cv_objdir=.libs
lt_cv_path_LD=/usr/bin/ld
lt_cv_path_NM='/usr/bin/nm -B'
lt_cv_path_SED=/bin/sed
lt_cv_prog_compiler_c_o=yes
lt_cv_prog_compiler_rtti_exceptions=no
lt_cv_prog_gnu_ld=yes
lt_cv_sys_global_symbol_pipe='sed -n -e '\''s/^.*[ 	]\([ABCDGIRSTW][ABCDGIRSTW]*\)[ 	][ 	]*\(\)\([_A-Za-z][_A-Za-z0-9]*\)$/\1 \2\3 \3/p'\'''
lt_cv_sys_global_symbol_to_c_name_address='sed -n -e '\''s/^: \([^ ]*\) $/  {\"\1\", (lt_ptr) 0},/p'\'' -e '\''s/^[BCDEGRST] \([^ ]*\) \([^ ]*\)$/  {"\2", (lt_ptr) \&\2},/p'\'''
lt_cv_sys_global_symbol_to_cdecl='sed -n -e '\''s/^. .* \(.*\)$/extern int \1;/p'\'''
lt_cv_sys_max_cmd_len=32768

## ----------------- ##
## Output variables. ##
## ----------------- ##

ACLOCAL='${SHELL} /home/xing/research/image_compression_github/image_compression/libjpeg-turbo-coef/missing --run aclocal-1.9'
AMDEPBACKSLASH='\'
AMDEP_FALSE='#'
AMDEP_TRUE=''
AMTAR='${SHELL} /home/xing/research/image_compression_github/image_compression/libjpeg-turbo-coef/missing --run tar'
AR='ar'
AUTOCONF='${SHELL} /home/xing/research/image_compression_github/image_compression/libjpeg-turbo-coef/missing --run autoconf'
AUTOHEADER='${SHELL} /home/xing/research/image_compression_github/image_compression/libjpeg-turbo-coef/missing --run autoheader'
AUTOMAKE='${SHELL} /home/xing/research/image_compression_github/image_compression/libjpeg-turbo-coef/missing --run automake-1.9'
AWK='gawk'
BUILD='20150311'
CC='gcc'
CCAS='gcc'
CCASFLAGS='-g -O2'
CCDEPMODE='depmode=gcc3'
CFLAGS='-g -O2'
CPP='gcc -E'
CPPFLAGS=''
CXX='g++'
CXXCPP='g++ -E'
CXXDEPMODE='depmode=gcc3'
CXXFLAGS='-g -O2'
CYGPATH_W='echo'
DEBARCH=''
DEFS=''
DEPDIR='.deps'
ECHO='echo'
ECHO_C=''
ECHO_N='-n'
ECHO_T=''
EGREP='/bin/grep -E'
EXEEXT=''
F77=''
FFLAGS=''
GREP='/bin/grep'
INSTALL_DATA='${INSTALL} -m 644'
INSTALL_PROGRAM='${INSTALL}'
INSTALL_SCRIPT='${INSTALL}'
INSTALL_STRIP_PROGRAM='${SHELL} $(install_sh) -c -s'
JAR=''
JAVA=''
JAVAC=''
JAVACFLAGS=''
JAVA_RPM_CONTENTS_1=''
JAVA_RPM_CONTENTS_2=''
JNI_CFLAGS=''
JPEG_LIB_VERSION=''
JPEG_LIB_VERSION_DECIMAL=''
LDFLAGS=''
LIBOBJS=''
LIBS=''
LIBTOOL=''
LIBTOOL_CURRENT=''
LN_S='ln -s'
LTLIBOBJS=''
MAKEINFO='${SHELL} /home/xing/research/image_compression_github/image_compression/libjpeg-turbo-coef/missing --run makeinfo'
MEM_SRCDST_FUNCTIONS=''
NAFLAGS=''
NASM=''
OBJEXT='o'
PACKAGE='libjpeg-turbo'
PACKAGE_BUGREPORT=''
PACKAGE_NAME='libjpeg-turbo'
PACKAGE_STRING='libjpeg-turbo 1.3.90'
PACKAGE_TARNAME='libjpeg-turbo'
PACKAGE_URL=''
PACKAGE_VERSION='1.3.90'
PATH_SEPARATOR=':'
PKGNAME=''
RANLIB='ranlib'
RPMARCH=''
RPM_CONFIG_ARGS=''
SET_MAKE=''
SHELL='/bin/bash'
SIMD_ARM_64_FALSE=''
SIMD_ARM_64_TRUE=''
SIMD_ARM_FALSE=''
SIMD_ARM_TRUE=''
SIMD_I386_FALSE=''
SIMD_I386_TRUE=''
SIMD_MIPS_FALSE=''
SIMD_MIPS_TRUE=''
SIMD_X86_64_FALSE=''
SIMD_X86_64_TRUE=''
SO_AGE=''
SO_MAJOR_VERSION=''
SO_MINOR_VERSION=''
STRIP='strip'
VERSION='1.3.90'
VERSION_SCRIPT_FALSE=''
VERSION_SCRIPT_FLAG=''
VERSION_SCRIPT_TRUE=''
WITH_12BIT_FALSE=''
WITH_12BIT_TRUE=''
WITH_ARITH_DEC_FALSE=''
WITH_ARITH_DEC_TRUE=''
WITH_ARITH_ENC_FALSE=''
WITH_ARITH_ENC_TRUE=''
WITH_ARITH_FALSE=''
WITH_ARITH_TRUE=''
WITH_JAVA=''
WITH_JAVA_FALSE=''
WITH_JAVA_TRUE=''
WITH_SIMD_FALSE=''
WITH_SIMD_TRUE=''
WITH_SSE_FLOAT_DCT_FALSE=''
WITH_SSE_FLOAT_DCT_TRUE=''
WITH_TURBOJPEG_FALSE=''
WITH_TURBOJPEG_TRUE=''
X86_64_FALSE=''
X86_64_TRUE=''
ac_ct_CC='gcc'
ac_ct_CXX='g++'
ac_ct_F77=''
am__fastdepCC_FALSE='#'
am__fastdepCC_TRUE=''
am__fastdepCXX_FALSE='#'
am__fastdepCXX_TRUE=''
am__include='include'
am__leading_dot='.'
am__quote=''
am__tar='${AMTAR} chof - "$$tardir"'
am__untar='${AMTAR} xf -'
bindir='${exec_prefix}/bin'
build='x86_64-unknown-linux-gnu'
build_alias=''
build_cpu='x86_64'
build_os='linux-gnu'
build_vendor='unknown'
datadir='${datarootdir}'
datarootdir='${prefix}/share'
docdir='${datarootdir}/doc/${PACKAGE_TARNAME}'
dvidir='${docdir}'
exec_prefix='NONE'
host='x86_64-unknown-linux-gnu'
host_alias=''
host_cpu='x86_64'
host_os='linux-gnu'
host_vendor='unknown'
htmldir='${docdir}'
includedir='${prefix}/include'
infodir='${datarootdir}/info'
install_sh='/home/xing/research/image_compression_github/image_compression/libjpeg-turbo-coef/install-sh'
libdir='${exec_prefix}/lib'
libexecdir='${exec_prefix}/libexec'
localedir='${datarootdir}/locale'
localstatedir='${prefix}/var'
mandir='${datarootdir}/man'
mkdir_p='mkdir -p --'
oldincludedir='/usr/include'
pdfdir='${docdir}'
prefix='NONE'
program_transform_name='s,x,x,'
psdir='${docdir}'
sbindir='${exec_prefix}/sbin'
sharedstatedir='${prefix}/com'
sysconfdir='${prefix}/etc'
target_alias=''

## ----------- ##
## confdefs.h. ##
## ----------- ##

/* confdefs.h */
#define PACKAGE_NAME "libjpeg-turbo"
#define PACKAGE_TARNAME "libjpeg-turbo"
#define PACKAGE_VERSION "1.3.90"
#define PACKAGE_STRING "libjpeg-turbo 1.3.90"
#define PACKAGE_BUGREPORT ""
#define PACKAGE_URL ""
#define PACKAGE "libjpeg-turbo"
#define VERSION "1.3.90"
#define STDC_HEADERS 1
#define HAVE_SYS_TYPES_H 1
#define HAVE_SYS_STAT_H 1
#define HAVE_STDLIB_H 1
#define HAVE_STRING_H 1
#define HAVE_MEMORY_H 1
#define HAVE_STRINGS_H 1
#define HAVE_INTTYPES_H 1
#define HAVE_STDINT_H 1
#define HAVE_UNISTD_H 1
#define HAVE_DLFCN_H 1

configure: caught signal 2
configure: exit 1
