p10_orig 2048000 x 0.25 = 64000.0
p10_orig 14 0.012 60662 64000.0
p06_orig 2048000 x 0.25 = 64000.0
p06_orig 20 0.012 62050 64000.0
bike_orig 2048000 x 0.25 = 64000.0
bike_orig 13 0.012 62877 64000.0
p04_orig 1932800 x 0.25 = 60400.0
p04_orig 17 0.012 59649 60400.0
woman_orig 2048000 x 0.25 = 64000.0
woman_orig 19 0.012 61736 64000.0
p01_orig 2048000 x 0.25 = 64000.0
p01_orig 14 0.012 61463 64000.0
p14_orig 2048000 x 0.25 = 64000.0
p14_orig 21 0.012 62942 64000.0
cafe_orig 2048000 x 0.25 = 64000.0
cafe_orig 7 0.012 61157 64000.0
p10_orig 2048000 x 0.5 = 128000.0
p10_orig 41 0.012 127502 128000.0
p06_orig 2048000 x 0.5 = 128000.0
p06_orig 52 0.012 127134 128000.0
bike_orig 2048000 x 0.5 = 128000.0
bike_orig 31 0.012 126251 128000.0
p04_orig 1932800 x 0.5 = 120800.0
p04_orig 38 0.012 120115 120800.0
woman_orig 2048000 x 0.5 = 128000.0
woman_orig 40 0.012 124995 128000.0
p01_orig 2048000 x 0.5 = 128000.0
p01_orig 35 0.012 127777 128000.0
p14_orig 2048000 x 0.5 = 128000.0
p14_orig 46 0.012 127137 128000.0
cafe_orig 2048000 x 0.5 = 128000.0
cafe_orig 15 0.012 127453 128000.0
p10_orig 2048000 x 0.75 = 192000.0
p10_orig 67 0.012 188343 192000.0
p06_orig 2048000 x 0.75 = 192000.0
p06_orig 73 0.012 190474 192000.0
bike_orig 2048000 x 0.75 = 192000.0
bike_orig 52 0.012 188119 192000.0
p04_orig 1932800 x 0.75 = 181200.0
p04_orig 61 0.012 179304 181200.0
woman_orig 2048000 x 0.75 = 192000.0
woman_orig 60 0.012 187062 192000.0
p01_orig 2048000 x 0.75 = 192000.0
p01_orig 60 0.012 188873 192000.0
p14_orig 2048000 x 0.75 = 192000.0
p14_orig 68 0.012 190119 192000.0
cafe_orig 2048000 x 0.75 = 192000.0
cafe_orig 23 0.012 185839 192000.0
p10_orig 2048000 x 1 = 256000
p10_orig 79 0.012 251428 256000
p06_orig 2048000 x 1 = 256000
p06_orig 82 0.012 253654 256000
bike_orig 2048000 x 1 = 256000
bike_orig 68 0.012 255692 256000
p04_orig 1932800 x 1 = 241600
p04_orig 73 0.012 233985 241600
woman_orig 2048000 x 1 = 256000
woman_orig 72 0.012 250626 256000
p01_orig 2048000 x 1 = 256000
p01_orig 75 0.012 254455 256000
p14_orig 2048000 x 1 = 256000
p14_orig 78 0.012 250578 256000
cafe_orig 2048000 x 1 = 256000
cafe_orig 33 0.012 251291 256000
p10_orig 2048000 x 1.25 = 320000.0
p10_orig 85 0.012 312115 320000.0
p06_orig 2048000 x 1.25 = 320000.0
p06_orig 87 0.012 319965 320000.0
bike_orig 2048000 x 1.25 = 320000.0
bike_orig 76 0.012 312585 320000.0
p04_orig 1932800 x 1.25 = 302000.0
p04_orig 81 0.012 301608 302000.0
woman_orig 2048000 x 1.25 = 320000.0
woman_orig 79 0.012 314689 320000.0
p01_orig 2048000 x 1.25 = 320000.0
p01_orig 82 0.012 316009 320000.0
p14_orig 2048000 x 1.25 = 320000.0
p14_orig 84 0.012 312034 320000.0
cafe_orig 2048000 x 1.25 = 320000.0
cafe_orig 44 0.012 316084 320000.0
p10_orig 2048000 x 1.5 = 384000.0
p10_orig 89 0.012 377737 384000.0
p06_orig 2048000 x 1.5 = 384000.0
p06_orig 89 0.012 359313 384000.0
bike_orig 2048000 x 1.5 = 384000.0
bike_orig 81 0.012 375064 384000.0
p04_orig 1932800 x 1.5 = 362400.0
p04_orig 85 0.012 352606 362400.0
woman_orig 2048000 x 1.5 = 384000.0
woman_orig 83 0.012 370798 384000.0
p01_orig 2048000 x 1.5 = 384000.0
p01_orig 86 0.012 372652 384000.0
p14_orig 2048000 x 1.5 = 384000.0
p14_orig 88 0.012 379504 384000.0
cafe_orig 2048000 x 1.5 = 384000.0
cafe_orig 56 0.012 380212 384000.0
