['bpp_0.25', 'bpp_0.5', 'bpp_0.75', 'bpp_1', 'bpp_1.25', 'bpp_1.5']
[0, 0.001, 0.003, 0.007, 0.012]

bpp_0.25
p10_orig bpp_0.25/p10_orig_q8.jpg :     
[psnr  26.9506 ] [ssim  0.8601011 ]
0.001 ( 37351 psnr  24.7714 ssim  0.7809043 )
0.003 ( 37351 psnr  24.7714 ssim  0.7809043 )
0.007 ( 34577 psnr  24.9514 ssim  0.7870316 )
0.012 ( 25257 psnr  25.5413 ssim  0.8053311 )

woman_orig bpp_0.25/woman_orig_q10.jpg :     
[psnr  25.9982 ] [ssim  0.7583897 ]
0.001 ( 54198 psnr  23.9964 ssim  0.6413757 )
0.003 ( 53557 psnr  24.0389 ssim  0.6436958 )
0.007 ( 45317 psnr  24.4179 ssim  0.6600537 )
0.012 ( 28928 psnr  25.0668 ssim  0.6889068 )

p06_orig bpp_0.25/p06_orig_q11.jpg :     
[psnr  27.8397 ] [ssim  0.8441924 ]
0.001 ( 40404 psnr  25.6674 ssim  0.7751862 )
0.003 ( 40229 psnr  25.69 ssim  0.775592 )
0.007 ( 34394 psnr  26.0985 ssim  0.7829842 )
0.012 ( 23877 psnr  26.6843 ssim  0.7982559 )

cafe_orig bpp_0.25/cafe_orig_q3.jpg :     
[psnr  17.6836 ] [ssim  0.6319821 ]
0.001 ( 53163 psnr  15.4255 ssim  0.4101806 )
0.003 ( 51254 psnr  15.4902 ssim  0.4184913 )
0.007 ( 44843 psnr  15.7464 ssim  0.4477494 )
0.012 ( 33907 psnr  16.2374 ssim  0.4869401 )

p14_orig bpp_0.25/p14_orig_q11.jpg :     
[psnr  28.0346 ] [ssim  0.8266473 ]
0.001 ( 55661 psnr  25.7295 ssim  0.7101328 )
0.003 ( 55625 psnr  25.732 ssim  0.7102055 )
0.007 ( 51224 psnr  25.9389 ssim  0.7165678 )
0.012 ( 37182 psnr  26.5322 ssim  0.744126 )

bike_orig bpp_0.25/bike_orig_q7.jpg :     
[psnr  24.0797 ] [ssim  0.7624334 ]
0.001 ( 42431 psnr  22.0141 ssim  0.6669546 )
0.003 ( 42016 psnr  22.0558 ssim  0.6677844 )
0.007 ( 36470 psnr  22.4515 ssim  0.6776289 )
0.012 ( 24692 psnr  23.043 ssim  0.6977073 )

p04_orig bpp_0.25/p04_orig_q9.jpg :     
[psnr  25.875 ] [ssim  0.830332 ]
0.001 ( 50726 psnr  24.1063 ssim  0.6969815 )
0.003 ( 50692 psnr  24.1074 ssim  0.6971049 )
0.007 ( 46747 psnr  24.2745 ssim  0.7042185 )
0.012 ( 33941 psnr  24.7608 ssim  0.7340369 )

p01_orig bpp_0.25/p01_orig_q8.jpg :     
[psnr  26.8806 ] [ssim  0.8309164 ]
0.001 ( 51792 psnr  24.5704 ssim  0.7016832 )
0.003 ( 51789 psnr  24.5703 ssim  0.7016877 )
0.007 ( 48551 psnr  24.7236 ssim  0.7071486 )
0.012 ( 37424 psnr  25.2161 ssim  0.7338038 )


bpp_0.5
p06_orig bpp_0.5/p06_orig_q31.jpg :     
[psnr  31.3289 ] [ssim  0.9200166 ]
0.001 ( 73501 psnr  29.3005 ssim  0.8803143 )
0.003 ( 68897 psnr  29.6028 ssim  0.8824471 )
0.007 ( 48233 psnr  30.3536 ssim  0.8910954 )
0.012 ( 28691 psnr  30.8435 ssim  0.9011259 )

p10_orig bpp_0.5/p10_orig_q23.jpg :     
[psnr  31.8398 ] [ssim  0.9339165 ]
0.001 ( 71855 psnr  29.0804 ssim  0.8967716 )
0.003 ( 70712 psnr  29.1566 ssim  0.8973491 )
0.007 ( 54195 psnr  29.8617 ssim  0.9045508 )
0.012 ( 32180 psnr  30.7064 ssim  0.914389 )

woman_orig bpp_0.5/woman_orig_q23.jpg :     
[psnr  28.6906 ] [ssim  0.8507258 ]
0.001 ( 96768 psnr  26.5713 ssim  0.7564855 )
0.003 ( 87933 psnr  26.9917 ssim  0.7656999 )
0.007 ( 59741 psnr  27.8045 ssim  0.7884151 )
0.012 ( 35569 psnr  28.2588 ssim  0.8110831 )

bike_orig bpp_0.5/bike_orig_q18.jpg :     
[psnr  27.3737 ] [ssim  0.8529421 ]
0.001 ( 81194 psnr  25.2193 ssim  0.7820783 )
0.003 ( 76455 psnr  25.5525 ssim  0.7853945 )
0.007 ( 54719 psnr  26.342 ssim  0.8007675 )
0.012 ( 32046 psnr  26.8634 ssim  0.8197123 )

p04_orig bpp_0.5/p04_orig_q22.jpg :     
[psnr  28.943 ] [ssim  0.9146973 ]
0.001 ( 87756 psnr  26.8615 ssim  0.8415629 )
0.003 ( 85821 psnr  26.9183 ssim  0.8428805 )
0.007 ( 61571 psnr  27.6112 ssim  0.8589152 )
0.012 ( 33429 psnr  28.3091 ssim  0.8810128 )

p14_orig bpp_0.5/p14_orig_q26.jpg :     
[psnr  31.0877 ] [ssim  0.9133198 ]
0.001 ( 97938 psnr  28.6975 ssim  0.8362552 )
0.003 ( 96436 psnr  28.77 ssim  0.83712 )
0.007 ( 74447 psnr  29.4257 ssim  0.8508636 )
0.012 ( 44880 psnr  30.1691 ssim  0.8739627 )

p01_orig bpp_0.5/p01_orig_q20.jpg :     
[psnr  30.8205 ] [ssim  0.9222432 ]
0.001 ( 85741 psnr  28.3212 ssim  0.8585883 )
0.003 ( 85376 psnr  28.339 ssim  0.8587542 )
0.007 ( 69669 psnr  28.8654 ssim  0.8678581 )
0.012 ( 45610 psnr  29.6527 ssim  0.88405 )

cafe_orig bpp_0.5/cafe_orig_q8.jpg :     
[psnr  20.2666 ] [ssim  0.757138 ]
0.001 ( 99400 psnr  18.0183 ssim  0.6021927 )
0.003 ( 96475 psnr  18.1552 ssim  0.6103764 )
0.007 ( 71492 psnr  18.8428 ssim  0.648221 )
0.012 ( 40276 psnr  19.5169 ssim  0.6872553 )


bpp_0.75
p04_orig bpp_0.75/p04_orig_q39.jpg :     
[psnr  30.561 ] [ssim  0.9445673 ]
0.001 ( 108999 psnr  28.6014 ssim  0.9020338 )
0.003 ( 99641 psnr  28.8457 ssim  0.9054272 )
0.007 ( 56300 psnr  29.7373 ssim  0.920333 )
0.012 ( 26788 psnr  30.2647 ssim  0.9316851 )

p01_orig bpp_0.75/p01_orig_q37.jpg :     
[psnr  33.2033 ] [ssim  0.9528292 ]
0.001 ( 110519 psnr  30.7563 ssim  0.9186371 )
0.003 ( 107577 psnr  30.8619 ssim  0.9192926 )
0.007 ( 73904 psnr  31.7379 ssim  0.9281423 )
0.012 ( 40630 psnr  32.5295 ssim  0.9381635 )

bike_orig bpp_0.75/bike_orig_q32.jpg :     
[psnr  29.1669 ] [ssim  0.8925803 ]
0.001 ( 110600 psnr  27.2592 ssim  0.839051 )
0.003 ( 98383 psnr  27.772 ssim  0.8449931 )
0.007 ( 64322 psnr  28.4896 ssim  0.8604171 )
0.012 ( 36941 psnr  28.8593 ssim  0.8733599 )

p14_orig bpp_0.75/p14_orig_q46.jpg :     
[psnr  32.8174 ] [ssim  0.9464828 ]
0.001 ( 122644 psnr  30.6737 ssim  0.8996971 )
0.003 ( 115209 psnr  30.9167 ssim  0.9020626 )
0.007 ( 74896 psnr  31.7549 ssim  0.9158651 )
0.012 ( 39393 psnr  32.3435 ssim  0.9298576 )

cafe_orig bpp_0.75/cafe_orig_q14.jpg :     
[psnr  21.7869 ] [ssim  0.8201707 ]
0.001 ( 129700 psnr  19.6774 ssim  0.7126225 )
0.003 ( 118399 psnr  20.0112 ssim  0.7264454 )
0.007 ( 68181 psnr  20.9324 ssim  0.7633591 )
0.012 ( 31969 psnr  21.4581 ssim  0.7875039 )

p10_orig bpp_0.75/p10_orig_q44.jpg :     
[psnr  34.723 ] [ssim  0.9591542 ]
0.001 ( 102205 psnr  31.6935 ssim  0.9367394 )
0.003 ( 96184 psnr  31.9665 ssim  0.9387345 )
0.007 ( 60850 psnr  33.1386 ssim  0.9452415 )
0.012 ( 31219 psnr  34.0488 ssim  0.9513338 )

p06_orig bpp_0.75/p06_orig_q55.jpg :     
[psnr  32.9802 ] [ssim  0.9441975 ]
0.001 ( 103178 psnr  31.2348 ssim  0.9161796 )
0.003 ( 92489 psnr  31.6977 ssim  0.9191658 )
0.007 ( 61303 psnr  32.3764 ssim  0.9263796 )
0.012 ( 36838 psnr  32.703 ssim  0.9329455 )

woman_orig bpp_0.75/woman_orig_q40.jpg :     
[psnr  30.6078 ] [ssim  0.8934121 ]
0.001 ( 125390 psnr  28.5879 ssim  0.8250305 )
0.003 ( 103720 psnr  29.3641 ssim  0.8373134 )
0.007 ( 66733 psnr  30.0379 ssim  0.8568089 )
0.012 ( 38259 psnr  30.3467 ssim  0.8727713 )


bpp_1
bike_orig bpp_1/bike_orig_q48.jpg :     
[psnr  30.4252 ] [ssim  0.9158646 ]
0.001 ( 135474 psnr  28.7197 ssim  0.8722843 )
0.003 ( 115356 psnr  29.2999 ssim  0.8803551 )
0.007 ( 71989 psnr  29.9272 ssim  0.8943866 )
0.012 ( 39558 psnr  30.2192 ssim  0.9044827 )

p10_orig bpp_1/p10_orig_q65.jpg :     
[psnr  36.6643 ] [ssim  0.9708698 ]
0.001 ( 128477 psnr  33.7853 ssim  0.9559975 )
0.003 ( 115076 psnr  34.2089 ssim  0.95798 )
0.007 ( 63620 psnr  35.5811 ssim  0.9632916 )
0.012 ( 30245 psnr  36.3089 ssim  0.9671251 )

p14_orig bpp_1/p14_orig_q66.jpg :     
[psnr  33.9532 ] [ssim  0.9628556 ]
0.001 ( 139301 psnr  32.0717 ssim  0.9329895 )
0.003 ( 121624 psnr  32.5017 ssim  0.9367077 )
0.007 ( 67391 psnr  33.3051 ssim  0.9479097 )
0.012 ( 32131 psnr  33.7156 ssim  0.9558271 )

cafe_orig bpp_1/cafe_orig_q21.jpg :     
[psnr  22.935 ] [ssim  0.8594319 ]
0.001 ( 149635 psnr  20.9784 ssim  0.7782009 )
0.003 ( 123482 psnr  21.5427 ssim  0.7967208 )
0.007 ( 60953 psnr  22.3986 ssim  0.8252739 )
0.012 ( 27193 psnr  22.7635 ssim  0.8401779 )

p04_orig bpp_1/p04_orig_q60.jpg :     
[psnr  31.7375 ] [ssim  0.9604756 ]
0.001 ( 123511 psnr  30.0765 ssim  0.9340372 )
0.003 ( 101543 psnr  30.5497 ssim  0.9390838 )
0.007 ( 48309 psnr  31.2974 ssim  0.9498622 )
0.012 ( 21721 psnr  31.6083 ssim  0.955212 )

p01_orig bpp_1/p01_orig_q58.jpg :     
[psnr  34.8149 ] [ssim  0.9674825 ]
0.001 ( 130006 psnr  32.5615 ssim  0.9468562 )
0.003 ( 120864 psnr  32.8298 ssim  0.9481814 )
0.007 ( 70448 psnr  33.8119 ssim  0.9555654 )
0.012 ( 33719 psnr  34.4563 ssim  0.9614377 )

p06_orig bpp_1/p06_orig_q70.jpg :     
[psnr  34.0569 ] [ssim  0.9572108 ]
0.001 ( 133175 psnr  32.5468 ssim  0.9348215 )
0.003 ( 116760 psnr  33.0491 ssim  0.9378612 )
0.007 ( 76528 psnr  33.6193 ssim  0.9439659 )
0.012 ( 45056 psnr  33.8649 ssim  0.9493576 )

woman_orig bpp_1/woman_orig_q57.jpg :     
[psnr  32.0065 ] [ssim  0.9172491 ]
0.001 ( 143938 psnr  30.1978 ssim  0.8661054 )
0.003 ( 114035 psnr  31.0493 ssim  0.8782668 )
0.007 ( 71905 psnr  31.5877 ssim  0.8941963 )
0.012 ( 39785 psnr  31.8289 ssim  0.905144 )


bpp_1.25
p10_orig bpp_1.25/p10_orig_q76.jpg :     
[psnr  38.2125 ] [ssim  0.9774155 ]
0.001 ( 152926 psnr  35.4275 ssim  0.9659285 )
0.003 ( 128741 psnr  36.0603 ssim  0.9680119 )
0.007 ( 64915 psnr  37.444 ssim  0.9726052 )
0.012 ( 30460 psnr  37.9948 ssim  0.9751282 )

p04_orig bpp_1.25/p04_orig_q73.jpg :     
[psnr  32.7038 ] [ssim  0.9699775 ]
0.001 ( 131910 psnr  31.3216 ssim  0.952917 )
0.003 ( 97264 psnr  31.9156 ssim  0.9581609 )
0.007 ( 42583 psnr  32.4664 ssim  0.9649309 )
0.012 ( 19635 psnr  32.6414 ssim  0.9676461 )

p01_orig bpp_1.25/p01_orig_q72.jpg :     
[psnr  36.0507 ] [ssim  0.9753431 ]
0.001 ( 147696 psnr  34.0384 ssim  0.9612938 )
0.003 ( 128945 psnr  34.4737 ssim  0.9631412 )
0.007 ( 67116 psnr  35.3723 ssim  0.9686812 )
0.012 ( 29229 psnr  35.8459 ssim  0.972256 )

bike_orig bpp_1.25/bike_orig_q64.jpg :     
[psnr  31.548 ] [ssim  0.9336856 ]
0.001 ( 159164 psnr  30.0697 ssim  0.8987822 )
0.003 ( 130280 psnr  30.6564 ssim  0.9077411 )
0.007 ( 77710 psnr  31.1773 ssim  0.9195105 )
0.012 ( 39454 psnr  31.4057 ssim  0.9268708 )

p06_orig bpp_1.25/p06_orig_q79.jpg :     
[psnr  34.9661 ] [ssim  0.9659041 ]
0.001 ( 159613 psnr  33.662 ssim  0.9475819 )
0.003 ( 136398 psnr  34.1666 ssim  0.9506783 )
0.007 ( 86351 psnr  34.6403 ssim  0.9561267 )
0.012 ( 46256 psnr  34.8361 ssim  0.9607726 )

woman_orig bpp_1.25/woman_orig_q70.jpg :     
[psnr  33.384 ] [ssim  0.9360225 ]
0.001 ( 159508 psnr  31.8504 ssim  0.8983404 )
0.003 ( 124502 psnr  32.6314 ssim  0.9092326 )
0.007 ( 76133 psnr  33.0578 ssim  0.9214547 )
0.012 ( 38830 psnr  33.2582 ssim  0.9290999 )

p14_orig bpp_1.25/p14_orig_q77.jpg :     
[psnr  34.943 ] [ssim  0.9728699 ]
0.001 ( 150041 psnr  33.344 ssim  0.9539676 )
0.003 ( 120145 psnr  33.9182 ssim  0.9582465 )
0.007 ( 58709 psnr  34.5726 ssim  0.9658521 )
0.012 ( 25469 psnr  34.8295 ssim  0.9698757 )

cafe_orig bpp_1.25/cafe_orig_q30.jpg :     
[psnr  23.9457 ] [ssim  0.8890188 ]
0.001 ( 163722 psnr  22.2216 ssim  0.8267106 )
0.003 ( 121893 psnr  22.9121 ssim  0.8456651 )
0.007 ( 55509 psnr  23.6106 ssim  0.8665916 )
0.012 ( 24326 psnr  23.8517 ssim  0.876764 )


bpp_1.5
p04_orig bpp_1.5/p04_orig_q80.jpg :     
[psnr  33.487 ] [ssim  0.9757122 ]
0.001 ( 135515 psnr  32.3597 ssim  0.9637011 )
0.003 ( 92711 psnr  32.9561 ssim  0.9683449 )
0.007 ( 40271 psnr  33.3507 ssim  0.9727773 )
0.012 ( 19205 psnr  33.4547 ssim  0.9744178 )

p10_orig bpp_1.5/p10_orig_q83.jpg :     
[psnr  39.5754 ] [ssim  0.9824486 ]
0.001 ( 171433 psnr  37.0663 ssim  0.9740374 )
0.003 ( 134953 psnr  37.8994 ssim  0.9762642 )
0.007 ( 64158 psnr  39.0503 ssim  0.9795899 )
0.012 ( 29728 psnr  39.4422 ssim  0.9811847 )

p06_orig bpp_1.5/p06_orig_q85.jpg :     
[psnr  35.8228 ] [ssim  0.9726056 ]
0.001 ( 180975 psnr  34.7578 ssim  0.9581209 )
0.003 ( 149304 psnr  35.233 ssim  0.9612111 )
0.007 ( 86089 psnr  35.6041 ssim  0.966164 )
0.012 ( 38678 psnr  35.7457 ssim  0.9697314 )

p14_orig bpp_1.5/p14_orig_q83.jpg :     
[psnr  35.6341 ] [ssim  0.9784116 ]
0.001 ( 153769 psnr  34.2581 ssim  0.9654517 )
0.003 ( 113796 psnr  34.9142 ssim  0.9696742 )
0.007 ( 50090 psnr  35.413 ssim  0.9748834 )
0.012 ( 20465 psnr  35.576 ssim  0.9771229 )

bike_orig bpp_1.5/bike_orig_q73.jpg :     
[psnr  32.4277 ] [ssim  0.9455342 ]
0.001 ( 173169 psnr  31.1417 ssim  0.9177968 )
0.003 ( 136276 psnr  31.704 ssim  0.9265876 )
0.007 ( 75773 psnr  32.1486 ssim  0.9361752 )
0.012 ( 34667 psnr  32.331 ssim  0.9416198 )

p01_orig bpp_1.5/p01_orig_q80.jpg :     
[psnr  37.0057 ] [ssim  0.9802968 ]
0.001 ( 159184 psnr  35.2637 ssim  0.970041 )
0.003 ( 130308 psnr  35.8031 ssim  0.9720792 )
0.007 ( 61472 psnr  36.5567 ssim  0.9763271 )
0.012 ( 23380 psnr  36.8886 ssim  0.9786535 )

woman_orig bpp_1.5/woman_orig_q77.jpg :     
[psnr  34.4303 ] [ssim  0.947586 ]
0.001 ( 170021 psnr  33.1183 ssim  0.9182061 )
0.003 ( 132162 psnr  33.7843 ssim  0.9275826 )
0.007 ( 76508 psnr  34.1627 ssim  0.9376635 )
0.012 ( 35136 psnr  34.3355 ssim  0.94325 )

cafe_orig bpp_1.5/cafe_orig_q41.jpg :     
[psnr  24.8328 ] [ssim  0.9110282 ]
0.001 ( 171334 psnr  23.3791 ssim  0.8632025 )
0.003 ( 117131 psnr  24.0959 ssim  0.8804547 )
0.007 ( 51919 psnr  24.6191 ssim  0.8955411 )
0.012 ( 22520 psnr  24.7792 ssim  0.9028846 )

  File "lromp_bpp.py", line 54
    os.system("cp temp.jpg %s/%s"%("lromp_bpp_"+str(b), fname + "_q" + str(q)+"_t"+str(t)+".jpg" ))
     ^
IndentationError: expected an indented block
mkdir: cannot create directory ‘all_qp’: File exists
