./p10_orig.bmp
	bpp_0.25
		starting JPEG: 63438(0%), 26.9506(0.0), 0.8601011(0.0) [ bpp_0.25/p10_orig_q8.jpg]
		0.012: 47838(24%), 25.5413(1.4093), 0.8053311(0.05477) [ q_bpp_0.25/p10_orig_0.012000.jpg]
		0.007: 42298(33%), 24.9514(1.9992), 0.7870316(0.0730695) [ q_bpp_0.25/p10_orig_0.007000.jpg]
		0.003: 40342(36%), 24.7714(2.1792), 0.7809043(0.0791968) [ q_bpp_0.25/p10_orig_0.003000.jpg]
		0.001: 40342(36%), 24.7714(2.1792), 0.7809043(0.0791968) [ q_bpp_0.25/p10_orig_0.001000.jpg]


./p06_orig.bmp
	bpp_0.25
		starting JPEG: 63048(0%), 27.8397(0.0), 0.8441924(0.0) [ bpp_0.25/p06_orig_q11.jpg]
		0.012: 48526(23%), 26.6843(1.1554), 0.7982559(0.0459365) [ q_bpp_0.25/p06_orig_0.012000.jpg]
		0.007: 42449(32%), 26.0985(1.7412), 0.7829842(0.0612082) [ q_bpp_0.25/p06_orig_0.007000.jpg]
		0.003: 38509(38%), 25.69(2.1497), 0.775592(0.0686004) [ q_bpp_0.25/p06_orig_0.003000.jpg]
		0.001: 38261(39%), 25.6674(2.1723), 0.7751862(0.0690062) [ q_bpp_0.25/p06_orig_0.001000.jpg]


./bike_orig.bmp
	bpp_0.25
		starting JPEG: 64293(0%), 24.0797(0.0), 0.7624334(0.0) [ bpp_0.25/bike_orig_q7.jpg]
		0.012: 49226(23%), 23.043(1.0367), 0.6977073(0.0647261) [ q_bpp_0.25/bike_orig_0.012000.jpg]
		0.007: 42130(34%), 22.4515(1.6282), 0.6776289(0.0848045) [ q_bpp_0.25/bike_orig_0.007000.jpg]
		0.003: 37601(41%), 22.0558(2.0239), 0.6677844(0.094649) [ q_bpp_0.25/bike_orig_0.003000.jpg]
		0.001: 37057(42%), 22.0141(2.0656), 0.6669546(0.0954788) [ q_bpp_0.25/bike_orig_0.001000.jpg]


./p04_orig.bmp
	bpp_0.25
		starting JPEG: 60149(0%), 25.875(0.0), 0.830332(0.0) [ bpp_0.25/p04_orig_q9.jpg]
		0.012: 40612(32%), 24.7608(1.1142), 0.7340369(0.0962951) [ q_bpp_0.25/p04_orig_0.012000.jpg]
		0.007: 33592(44%), 24.2745(1.6005), 0.7042185(0.1261135) [ q_bpp_0.25/p04_orig_0.007000.jpg]
		0.003: 31071(48%), 24.1074(1.7676), 0.6971049(0.1332271) [ q_bpp_0.25/p04_orig_0.003000.jpg]
		0.001: 31037(48%), 24.1063(1.7687), 0.6969815(0.1333505) [ q_bpp_0.25/p04_orig_0.001000.jpg]


./woman_orig.bmp
	bpp_0.25
		starting JPEG: 62118(0%), 25.9982(0.0), 0.7583897(0.0) [ bpp_0.25/woman_orig_q10.jpg]
		0.012: 46056(25%), 25.0668(0.9314), 0.6889068(0.0694829) [ q_bpp_0.25/woman_orig_0.012000.jpg]
		0.007: 37332(39%), 24.4179(1.5803), 0.6600537(0.098336) [ q_bpp_0.25/woman_orig_0.007000.jpg]
		0.003: 31832(48%), 24.0389(1.9593), 0.6436958(0.1146939) [ q_bpp_0.25/woman_orig_0.003000.jpg]
		0.001: 31153(49%), 23.9964(2.0018), 0.6413757(0.117014) [ q_bpp_0.25/woman_orig_0.001000.jpg]


./p01_orig.bmp
	bpp_0.25
		starting JPEG: 66213(0%), 26.8806(0.0), 0.8309164(0.0) [ bpp_0.25/p01_orig_q8.jpg]
		0.012: 45333(31%), 25.2161(1.6645), 0.7338038(0.0971126) [ q_bpp_0.25/p01_orig_0.012000.jpg]
		0.007: 39247(40%), 24.7236(2.157), 0.7071486(0.1237678) [ q_bpp_0.25/p01_orig_0.007000.jpg]
		0.003: 37499(43%), 24.5703(2.3103), 0.7016877(0.1292287) [ q_bpp_0.25/p01_orig_0.003000.jpg]
		0.001: 37495(43%), 24.5704(2.3102), 0.7016832(0.1292332) [ q_bpp_0.25/p01_orig_0.001000.jpg]


./p14_orig.bmp
	bpp_0.25
		starting JPEG: 64586(0%), 28.0346(0.0), 0.8266473(0.0) [ bpp_0.25/p14_orig_q11.jpg]
		0.012: 43647(32%), 26.5322(1.5024), 0.744126(0.0825213) [ q_bpp_0.25/p14_orig_0.012000.jpg]
		0.007: 36161(44%), 25.9389(2.0957), 0.7165678(0.1100795) [ q_bpp_0.25/p14_orig_0.007000.jpg]
		0.003: 33547(48%), 25.732(2.3026), 0.7102055(0.1164418) [ q_bpp_0.25/p14_orig_0.003000.jpg]
		0.001: 33482(48%), 25.7295(2.3051), 0.7101328(0.1165145) [ q_bpp_0.25/p14_orig_0.001000.jpg]


./cafe_orig.bmp
	bpp_0.25
		starting JPEG: 62128(0%), 17.6836(0.0), 0.6319821(0.0) [ bpp_0.25/cafe_orig_q3.jpg]
		0.012: 41120(33%), 16.2374(1.4462), 0.4869401(0.145042) [ q_bpp_0.25/cafe_orig_0.012000.jpg]
		0.007: 34275(44%), 15.7464(1.9372), 0.4477494(0.1842327) [ q_bpp_0.25/cafe_orig_0.007000.jpg]
		0.003: 28792(53%), 15.4902(2.1934), 0.4184913(0.2134908) [ q_bpp_0.25/cafe_orig_0.003000.jpg]
		0.001: 26851(56%), 15.4255(2.2581), 0.4101806(0.2218015) [ q_bpp_0.25/cafe_orig_0.001000.jpg]


